<?xml version="1.0" encoding="UTF-8"?>
<testng-results skipped="0" failed="0" ignored="0" total="1" passed="1">
  <reporter-output>
  </reporter-output>
  <suite name="Suite" duration-ms="74628" started-at="2021-02-01T21:20:31 IST" finished-at="2021-02-01T21:21:45 IST">
    <groups>
    </groups>
    <test name="Test" duration-ms="74628" started-at="2021-02-01T21:20:31 IST" finished-at="2021-02-01T21:21:45 IST">
      <class name="framework.appium.appiumTest">
        <test-method status="PASS" signature="LunchDevice()[pri:0, instance:framework.appium.appiumTest@6ee52dcd]" name="LunchDevice" is-config="true" duration-ms="24473" started-at="2021-02-01T21:20:31 IST" finished-at="2021-02-01T21:20:55 IST">
          <reporter-output>
          </reporter-output>
        </test-method> <!-- LunchDevice -->
        <test-method status="PASS" signature="TestCart()[pri:0, instance:framework.appium.appiumTest@6ee52dcd]" name="TestCart" duration-ms="46056" started-at="2021-02-01T21:20:55 IST" finished-at="2021-02-01T21:21:41 IST">
          <reporter-output>
          </reporter-output>
        </test-method> <!-- TestCart -->
        <test-method status="PASS" signature="afterExecution()[pri:0, instance:framework.appium.appiumTest@6ee52dcd]" name="afterExecution" is-config="true" duration-ms="4020" started-at="2021-02-01T21:21:41 IST" finished-at="2021-02-01T21:21:45 IST">
          <reporter-output>
          </reporter-output>
        </test-method> <!-- afterExecution -->
      </class> <!-- framework.appium.appiumTest -->
    </test> <!-- Test -->
  </suite> <!-- Suite -->
</testng-results>
