<?xml version="1.0" encoding="UTF-8"?>
<testsuite xmlns:xsi="http://www.w3.org/2001/XMLSchema-instance" xsi:noNamespaceSchemaLocation="https://maven.apache.org/surefire/maven-surefire-plugin/xsd/surefire-test-report-3.0.xsd" version="3.0" name="TestSuite" time="79.629" tests="1" errors="0" skipped="0" failures="0">
  <properties>
[...]
</properties>
  <testcase name="TestCart" classname="framework.appium.appiumTest" time="48.356">
    <system-out><![CDATA[&amp#27;[35m[Appium]&amp#27;[39m Welcome to Appium v1.17.1
&amp#27;[35m[Appium]&amp#27;[39m Appium REST http interface listener started on 0.0.0.0:4723
&amp#27;[35m[HTTP]&amp#27;[39m &amp#27;[37m-->&amp#27;[39m &amp#27;[37mGET&amp#27;[39m &amp#27;[37m/wd/hub/status&amp#27;[39m
&amp#27;[35m[HTTP]&amp#27;[39m &amp#27;[90m{}&amp#27;[39m
[debug] &amp#27;[35m[GENERIC]&amp#27;[39m Calling AppiumDriver.getStatus() with args: []
[debug] &amp#27;[35m[GENERIC]&amp#27;[39m Responding to client with driver.getStatus() result: {"build":{"version":"1.17.1"}}
&amp#27;[35m[HTTP]&amp#27;[39m &amp#27;[37m<-- GET /wd/hub/status &amp#27;[39m&amp#27;[32m200&amp#27;[39m &amp#27;[90m6 ms - 68&amp#27;[39m
&amp#27;[35m[HTTP]&amp#27;[39m &amp#27;[90m&amp#27;[39m
&amp#27;[35m[HTTP]&amp#27;[39m &amp#27;[37m-->&amp#27;[39m &amp#27;[37mPOST&amp#27;[39m &amp#27;[37m/wd/hub/session&amp#27;[39m
&amp#27;[35m[HTTP]&amp#27;[39m &amp#27;[90m{"desiredCapabilities":{"appActivity":"com.androidsample.generalstore.SplashActivity","appPackage":"com.androidsample.generalstore","chromedriverExecutable":"C:\\Users\\AnjaliJha\\Desktop\\SDETLearn\\Appium\\chromedriver.exe","platformName":"Android","deviceName":"AJSDET"},"capabilities":{"firstMatch":[{"appium:appActivity":"com.androidsample.generalstore.SplashActivity","appium:appPackage":"com.androidsample.generalstore","appium:chromedriverExecutable":"C:\\Users\\AnjaliJha\\Desktop\\SDETLearn\\Appium\\chromedriver.exe","appium:deviceName":"AJSDET","platformName":"android"}]}}&amp#27;[39m
[debug] &amp#27;[35m[W3C]&amp#27;[39m Calling AppiumDriver.createSession() with args: [{"appActivity":"com.androidsample.generalstore.SplashActivity","appPackage":"com.androidsample.generalstore","chromedriverExecutable":"C:\\Users\\AnjaliJha\\Desktop\\SDETLearn\\Appium\\chromedriver.exe","platformName":"Android","deviceName":"AJSDET"},null,{"firstMatch":[{"appium:appActivity":"com.androidsample.generalstore.SplashActivity","appium:appPackage":"com.androidsample.generalstore","appium:chromedriverExecutable":"C:\\Users\\AnjaliJha\\Desktop\\SDETLearn\\Appium\\chromedriver.exe","appium:deviceName":"AJSDET","platformName":"android"}]}]
[debug] &amp#27;[35m[BaseDriver]&amp#27;[39m Event 'newSessionRequested' logged at 1612152788404 (09:43:08 GMT+0530 (India Standard Time))
&amp#27;[35m[Appium]&amp#27;[39m 
&amp#27;[35m[Appium]&amp#27;[39m ======================================================================
&amp#27;[35m[Appium]&amp#27;[39m   DEPRECATION WARNING:
&amp#27;[35m[Appium]&amp#27;[39m 
&amp#27;[35m[Appium]&amp#27;[39m   The 'automationName' capability was not provided in the desired 
&amp#27;[35m[Appium]&amp#27;[39m   capabilities for this Android session
&amp#27;[35m[Appium]&amp#27;[39m 
&amp#27;[35m[Appium]&amp#27;[39m   Setting 'automationName=UiAutomator2' by default and using the 
&amp#27;[35m[Appium]&amp#27;[39m   UiAutomator2 Driver
&amp#27;[35m[Appium]&amp#27;[39m 
&amp#27;[35m[Appium]&amp#27;[39m   The next major version of Appium (2.x) will **require** the 
&amp#27;[35m[Appium]&amp#27;[39m   'automationName' capability to be set for all sessions on all 
&amp#27;[35m[Appium]&amp#27;[39m   platforms
&amp#27;[35m[Appium]&amp#27;[39m 
&amp#27;[35m[Appium]&amp#27;[39m   In previous versions (Appium <= 1.13.x), the default was 
&amp#27;[35m[Appium]&amp#27;[39m   'automationName=UiAutomator1'
&amp#27;[35m[Appium]&amp#27;[39m 
&amp#27;[35m[Appium]&amp#27;[39m   If you wish to use that automation instead of UiAutomator2, please 
&amp#27;[35m[Appium]&amp#27;[39m   add 'automationName=UiAutomator1' to your desired capabilities
&amp#27;[35m[Appium]&amp#27;[39m 
&amp#27;[35m[Appium]&amp#27;[39m   For more information about drivers, please visit 
&amp#27;[35m[Appium]&amp#27;[39m   http://appium.io/docs/en/about-appium/intro/ and explore the 
&amp#27;[35m[Appium]&amp#27;[39m   'Drivers' menu
&amp#27;[35m[Appium]&amp#27;[39m 
&amp#27;[35m[Appium]&amp#27;[39m ======================================================================
&amp#27;[35m[Appium]&amp#27;[39m 
&amp#27;[35m[Appium]&amp#27;[39m Appium v1.17.1 creating new AndroidUiautomator2Driver (v1.44.2) session
[debug] &amp#27;[35m[BaseDriver]&amp#27;[39m W3C capabilities and MJSONWP desired capabilities were provided
[debug] &amp#27;[35m[BaseDriver]&amp#27;[39m Creating session with W3C capabilities: {
[debug] &amp#27;[35m[BaseDriver]&amp#27;[39m   "alwaysMatch": {
[debug] &amp#27;[35m[BaseDriver]&amp#27;[39m     "platformName": "android",
[debug] &amp#27;[35m[BaseDriver]&amp#27;[39m     "appium:appActivity": "com.androidsample.generalstore.SplashActivity",
[debug] &amp#27;[35m[BaseDriver]&amp#27;[39m     "appium:appPackage": "com.androidsample.generalstore",
[debug] &amp#27;[35m[BaseDriver]&amp#27;[39m     "appium:chromedriverExecutable": "C:\\Users\\AnjaliJha\\Desktop\\SDETLearn\\Appium\\chromedriver.exe",
[debug] &amp#27;[35m[BaseDriver]&amp#27;[39m     "appium:deviceName": "AJSDET"
[debug] &amp#27;[35m[BaseDriver]&amp#27;[39m   },
[debug] &amp#27;[35m[BaseDriver]&amp#27;[39m   "firstMatch": [
[debug] &amp#27;[35m[BaseDriver]&amp#27;[39m     {}
[debug] &amp#27;[35m[BaseDriver]&amp#27;[39m   ]
[debug] &amp#27;[35m[BaseDriver]&amp#27;[39m }
&amp#27;[35m[BaseDriver]&amp#27;[39m Session created with session id: bf0a9df7-e214-4c50-9f42-c2e90a900e0a
&amp#27;[35m[UiAutomator2]&amp#27;[39m Starting 'com.androidsample.generalstore' directly on the device
&amp#27;[35m[ADB]&amp#27;[39m Found 1 'build-tools' folders under 'C:\Users\AnjaliJha\AppData\Local\Android\Sdk' (newest first):
&amp#27;[35m[ADB]&amp#27;[39m     C:/Users/AnjaliJha/AppData/Local/Android/Sdk/build-tools/30.0.3
&amp#27;[35m[ADB]&amp#27;[39m Using 'adb.exe' from 'C:\Users\AnjaliJha\AppData\Local\Android\Sdk\platform-tools\adb.exe'
&amp#27;[35m[AndroidDriver]&amp#27;[39m Retrieving device list
[debug] &amp#27;[35m[ADB]&amp#27;[39m Trying to find a connected android device
[debug] &amp#27;[35m[ADB]&amp#27;[39m Getting connected devices...
[debug] &amp#27;[35m[ADB]&amp#27;[39m Connected devices: [{"udid":"emulator-5554","state":"device"}]
&amp#27;[35m[AndroidDriver]&amp#27;[39m Using device: emulator-5554
&amp#27;[35m[ADB]&amp#27;[39m Using 'adb.exe' from 'C:\Users\AnjaliJha\AppData\Local\Android\Sdk\platform-tools\adb.exe'
[debug] &amp#27;[35m[ADB]&amp#27;[39m Setting device id to emulator-5554
[debug] &amp#27;[35m[ADB]&amp#27;[39m Running 'C:\Users\AnjaliJha\AppData\Local\Android\Sdk\platform-tools\adb.exe -P 5037 -s emulator-5554 shell getprop ro.build.version.sdk'
[debug] &amp#27;[35m[ADB]&amp#27;[39m Current device property 'ro.build.version.sdk': 26
[debug] &amp#27;[35m[ADB]&amp#27;[39m Device API level: 26
&amp#27;[35m[AndroidDriver]&amp#27;[39m No app sent in, not parsing package/activity
[debug] &amp#27;[35m[ADB]&amp#27;[39m Running 'C:\Users\AnjaliJha\AppData\Local\Android\Sdk\platform-tools\adb.exe -P 5037 -s emulator-5554 wait-for-device'
[debug] &amp#27;[35m[ADB]&amp#27;[39m Running 'C:\Users\AnjaliJha\AppData\Local\Android\Sdk\platform-tools\adb.exe -P 5037 -s emulator-5554 shell echo ping'
[debug] &amp#27;[35m[AndroidDriver]&amp#27;[39m Pushing settings apk to device...
[debug] &amp#27;[35m[ADB]&amp#27;[39m Getting install status for io.appium.settings
[debug] &amp#27;[35m[ADB]&amp#27;[39m Running 'C:\Users\AnjaliJha\AppData\Local\Android\Sdk\platform-tools\adb.exe -P 5037 -s emulator-5554 shell dumpsys package io.appium.settings'
[debug] &amp#27;[35m[ADB]&amp#27;[39m 'io.appium.settings' is installed
[debug] &amp#27;[35m[ADB]&amp#27;[39m Getting package info for 'io.appium.settings'
[debug] &amp#27;[35m[ADB]&amp#27;[39m Running 'C:\Users\AnjaliJha\AppData\Local\Android\Sdk\platform-tools\adb.exe -P 5037 -s emulator-5554 shell dumpsys package io.appium.settings'
[debug] &amp#27;[35m[ADB]&amp#27;[39m The version name of the installed 'io.appium.settings' is greater or equal to the application version name ('3.1.0' >= '3.1.0')
[debug] &amp#27;[35m[ADB]&amp#27;[39m There is no need to install/upgrade 'C:\Users\AnjaliJha\AppData\Roaming\npm\node_modules\appium\node_modules\io.appium.settings\apks\settings_apk-debug.apk'
[debug] &amp#27;[35m[ADB]&amp#27;[39m Getting IDs of all 'io.appium.settings' processes
[debug] &amp#27;[35m[ADB]&amp#27;[39m Running 'C:\Users\AnjaliJha\AppData\Local\Android\Sdk\platform-tools\adb.exe -P 5037 -s emulator-5554 shell 'pgrep --help; echo $?''
[debug] &amp#27;[35m[ADB]&amp#27;[39m Running 'C:\Users\AnjaliJha\AppData\Local\Android\Sdk\platform-tools\adb.exe -P 5037 -s emulator-5554 shell 'pgrep ^appium\\.settings$ || pgrep ^io\\.appium\\.setti$''
[debug] &amp#27;[35m[AndroidDriver]&amp#27;[39m io.appium.settings is already running. There is no need to reset its permissions.
[debug] &amp#27;[35m[ADB]&amp#27;[39m Running 'C:\Users\AnjaliJha\AppData\Local\Android\Sdk\platform-tools\adb.exe -P 5037 -s emulator-5554 shell appops set io.appium.settings android\:mock_location allow'
[debug] &amp#27;[35m[Logcat]&amp#27;[39m Starting logcat capture
[debug] &amp#27;[35m[UiAutomator2]&amp#27;[39m Forwarding UiAutomator2 Server port 6790 to 8200
[debug] &amp#27;[35m[ADB]&amp#27;[39m Forwarding system: 8200 to device: 6790
[debug] &amp#27;[35m[ADB]&amp#27;[39m Running 'C:\Users\AnjaliJha\AppData\Local\Android\Sdk\platform-tools\adb.exe -P 5037 -s emulator-5554 forward tcp\:8200 tcp\:6790'
[debug] &amp#27;[35m[ADB]&amp#27;[39m Getting install status for io.appium.uiautomator2.server
[debug] &amp#27;[35m[ADB]&amp#27;[39m Running 'C:\Users\AnjaliJha\AppData\Local\Android\Sdk\platform-tools\adb.exe -P 5037 -s emulator-5554 shell dumpsys package io.appium.uiautomator2.server'
[debug] &amp#27;[35m[ADB]&amp#27;[39m 'io.appium.uiautomator2.server' is installed
[debug] &amp#27;[35m[ADB]&amp#27;[39m Getting package info for 'io.appium.uiautomator2.server'
[debug] &amp#27;[35m[ADB]&amp#27;[39m Running 'C:\Users\AnjaliJha\AppData\Local\Android\Sdk\platform-tools\adb.exe -P 5037 -s emulator-5554 shell dumpsys package io.appium.uiautomator2.server'
[debug] &amp#27;[35m[ADB]&amp#27;[39m The version name of the installed 'io.appium.uiautomator2.server' is greater or equal to the application version name ('4.5.5' >= '4.5.5')
[debug] &amp#27;[35m[UiAutomator2]&amp#27;[39m io.appium.uiautomator2.server installation state: sameVersionInstalled
[debug] &amp#27;[35m[ADB]&amp#27;[39m Checking app cert for C:\Users\AnjaliJha\AppData\Roaming\npm\node_modules\appium\node_modules\appium-uiautomator2-server\apks\appium-uiautomator2-server-v4.5.5.apk
&amp#27;[35m[ADB]&amp#27;[39m Using 'apksigner.jar' from 'C:\Users\AnjaliJha\AppData\Local\Android\Sdk\build-tools\30.0.3\lib\apksigner.jar'
[debug] &amp#27;[35m[ADB]&amp#27;[39m Starting apksigner: 'C:\\Program Files\\Java\\jdk1.8.0_271\\bin\\java.exe' -Xmx1024M -Xss1m -jar C:\\Users\\AnjaliJha\\AppData\\Local\\Android\\Sdk\\build-tools\\30.0.3\\lib\\apksigner.jar verify --print-certs C:\\Users\\AnjaliJha\\AppData\\Roaming\\npm\\node_modules\\appium\\node_modules\\appium-uiautomator2-server\\apks\\appium-uiautomator2-server-v4.5.5.apk
[debug] &amp#27;[35m[ADB]&amp#27;[39m apksigner stdout: Signer #1 certificate DN: EMAILADDRESS=android@android.com, CN=Android, OU=Android, O=Android, L=Mountain View, ST=California, C=US
[debug] &amp#27;[35m[ADB]&amp#27;[39m Signer #1 certificate SHA-256 digest: a40da80a59d170caa950cf15c18c454d47a39b26989d8b640ecd745ba71bf5dc
[debug] &amp#27;[35m[ADB]&amp#27;[39m Signer #1 certificate SHA-1 digest: 61ed377e85d386a8dfee6b864bd85b0bfaa5af81
[debug] &amp#27;[35m[ADB]&amp#27;[39m Signer #1 certificate MD5 digest: e89b158e4bcf988ebd09eb83f5378e87
[debug] &amp#27;[35m[ADB]&amp#27;[39m 
[debug] &amp#27;[35m[ADB]&amp#27;[39m 'C:\Users\AnjaliJha\AppData\Roaming\npm\node_modules\appium\node_modules\appium-uiautomator2-server\apks\appium-uiautomator2-server-v4.5.5.apk' is signed with the default certificate
[debug] &amp#27;[35m[ADB]&amp#27;[39m Getting install status for io.appium.uiautomator2.server.test
[debug] &amp#27;[35m[ADB]&amp#27;[39m Running 'C:\Users\AnjaliJha\AppData\Local\Android\Sdk\platform-tools\adb.exe -P 5037 -s emulator-5554 shell dumpsys package io.appium.uiautomator2.server.test'
[debug] &amp#27;[35m[ADB]&amp#27;[39m 'io.appium.uiautomator2.server.test' is installed
[debug] &amp#27;[35m[ADB]&amp#27;[39m Checking app cert for C:\Users\AnjaliJha\AppData\Roaming\npm\node_modules\appium\node_modules\appium-uiautomator2-server\apks\appium-uiautomator2-server-debug-androidTest.apk
[debug] &amp#27;[35m[ADB]&amp#27;[39m Starting apksigner: 'C:\\Program Files\\Java\\jdk1.8.0_271\\bin\\java.exe' -Xmx1024M -Xss1m -jar C:\\Users\\AnjaliJha\\AppData\\Local\\Android\\Sdk\\build-tools\\30.0.3\\lib\\apksigner.jar verify --print-certs C:\\Users\\AnjaliJha\\AppData\\Roaming\\npm\\node_modules\\appium\\node_modules\\appium-uiautomator2-server\\apks\\appium-uiautomator2-server-debug-androidTest.apk
[debug] &amp#27;[35m[ADB]&amp#27;[39m apksigner stdout: Signer #1 certificate DN: EMAILADDRESS=android@android.com, CN=Android, OU=Android, O=Android, L=Mountain View, ST=California, C=US
[debug] &amp#27;[35m[ADB]&amp#27;[39m Signer #1 certificate SHA-256 digest: a40da80a59d170caa950cf15c18c454d47a39b26989d8b640ecd745ba71bf5dc
[debug] &amp#27;[35m[ADB]&amp#27;[39m Signer #1 certificate SHA-1 digest: 61ed377e85d386a8dfee6b864bd85b0bfaa5af81
[debug] &amp#27;[35m[ADB]&amp#27;[39m Signer #1 certificate MD5 digest: e89b158e4bcf988ebd09eb83f5378e87
[debug] &amp#27;[35m[ADB]&amp#27;[39m 
[debug] &amp#27;[35m[ADB]&amp#27;[39m 'C:\Users\AnjaliJha\AppData\Roaming\npm\node_modules\appium\node_modules\appium-uiautomator2-server\apks\appium-uiautomator2-server-debug-androidTest.apk' is signed with the default certificate
&amp#27;[35m[UiAutomator2]&amp#27;[39m Server packages are not going to be (re)installed
[debug] &amp#27;[35m[UiAutomator2]&amp#27;[39m Waiting up to 30000ms for services to be available
[debug] &amp#27;[35m[ADB]&amp#27;[39m Running 'C:\Users\AnjaliJha\AppData\Local\Android\Sdk\platform-tools\adb.exe -P 5037 -s emulator-5554 shell pm list instrumentation'
[debug] &amp#27;[35m[UiAutomator2]&amp#27;[39m Instrumentation target 'io.appium.uiautomator2.server.test/androidx.test.runner.AndroidJUnitRunner' is available
[debug] &amp#27;[35m[UiAutomator2]&amp#27;[39m No app capability. Assuming it is already on the device
[debug] &amp#27;[35m[ADB]&amp#27;[39m Getting install status for com.androidsample.generalstore
[debug] &amp#27;[35m[ADB]&amp#27;[39m Running 'C:\Users\AnjaliJha\AppData\Local\Android\Sdk\platform-tools\adb.exe -P 5037 -s emulator-5554 shell dumpsys package com.androidsample.generalstore'
[debug] &amp#27;[35m[ADB]&amp#27;[39m 'com.androidsample.generalstore' is installed
[debug] &amp#27;[35m[ADB]&amp#27;[39m Running 'C:\Users\AnjaliJha\AppData\Local\Android\Sdk\platform-tools\adb.exe -P 5037 -s emulator-5554 shell am force-stop com.androidsample.generalstore'
[debug] &amp#27;[35m[ADB]&amp#27;[39m Running 'C:\Users\AnjaliJha\AppData\Local\Android\Sdk\platform-tools\adb.exe -P 5037 -s emulator-5554 shell pm clear com.androidsample.generalstore'
[debug] &amp#27;[35m[AndroidDriver]&amp#27;[39m Performed fast reset on the installed 'com.androidsample.generalstore' application (stop and clear)
[debug] &amp#27;[35m[UiAutomator2]&amp#27;[39m Performing shallow cleanup of automation leftovers
[debug] &amp#27;[35m[UiAutomator2]&amp#27;[39m The following obsolete sessions are still running: ["dba45f8e-bfc3-47ea-9417-201891195b60"]
[debug] &amp#27;[35m[UiAutomator2]&amp#27;[39m Cleaning up the obsolete sessions
[debug] &amp#27;[35m[ADB]&amp#27;[39m Running 'C:\Users\AnjaliJha\AppData\Local\Android\Sdk\platform-tools\adb.exe -P 5037 -s emulator-5554 shell am force-stop io.appium.uiautomator2.server.test'
&amp#27;[35m[UiAutomator2]&amp#27;[39m Starting UIAutomator2 server 4.5.5
&amp#27;[35m[UiAutomator2]&amp#27;[39m Using UIAutomator2 server from 'C:\Users\AnjaliJha\AppData\Roaming\npm\node_modules\appium\node_modules\appium-uiautomator2-server\apks\appium-uiautomator2-server-v4.5.5.apk' and test from 'C:\Users\AnjaliJha\AppData\Roaming\npm\node_modules\appium\node_modules\appium-uiautomator2-server\apks\appium-uiautomator2-server-debug-androidTest.apk'
&amp#27;[35m[UiAutomator2]&amp#27;[39m Waiting up to 30000ms for UiAutomator2 to be online...
[debug] &amp#27;[35m[ADB]&amp#27;[39m Creating ADB subprocess with args: ["-P",5037,"-s","emulator-5554","shell","am","instrument","-w","io.appium.uiautomator2.server.test/androidx.test.runner.AndroidJUnitRunner"]
[debug] &amp#27;[35m[WD Proxy]&amp#27;[39m Matched '/status' to command name 'getStatus'
[debug] &amp#27;[35m[WD Proxy]&amp#27;[39m Proxying [GET /status] to [GET http://127.0.0.1:8200/wd/hub/status] with no body
&amp#27;[35m[WD Proxy]&amp#27;[39m Got response with unknown status: {"code":"ECONNRESET"}
[debug] &amp#27;[35m[WD Proxy]&amp#27;[39m Matched '/status' to command name 'getStatus'
[debug] &amp#27;[35m[WD Proxy]&amp#27;[39m Proxying [GET /status] to [GET http://127.0.0.1:8200/wd/hub/status] with no body
&amp#27;[35m[WD Proxy]&amp#27;[39m Got response with unknown status: {"code":"ECONNRESET"}
[debug] &amp#27;[35m[Instrumentation]&amp#27;[39m io.appium.uiautomator2.server.test.AppiumUiAutomator2Server:
[debug] &amp#27;[35m[WD Proxy]&amp#27;[39m Matched '/status' to command name 'getStatus'
[debug] &amp#27;[35m[WD Proxy]&amp#27;[39m Proxying [GET /status] to [GET http://127.0.0.1:8200/wd/hub/status] with no body
&amp#27;[35m[WD Proxy]&amp#27;[39m Got response with unknown status: {"code":"ECONNRESET"}
[debug] &amp#27;[35m[WD Proxy]&amp#27;[39m Matched '/status' to command name 'getStatus'
[debug] &amp#27;[35m[WD Proxy]&amp#27;[39m Proxying [GET /status] to [GET http://127.0.0.1:8200/wd/hub/status] with no body
[debug] &amp#27;[35m[WD Proxy]&amp#27;[39m Got response with status 200: {"sessionId":"None","value":{"ready":true,"message":"UiAutomator2 Server is ready to accept commands"}}
[debug] &amp#27;[35m[UiAutomator2]&amp#27;[39m The initialization of the instrumentation process took 4539ms
[debug] &amp#27;[35m[WD Proxy]&amp#27;[39m Matched '/session' to command name 'createSession'
[debug] &amp#27;[35m[WD Proxy]&amp#27;[39m Proxying [POST /session] to [POST http://127.0.0.1:8200/wd/hub/session] with body: {"capabilities":{"firstMatch":[{"platform":"LINUX","webStorageEnabled":false,"takesScreenshot":true,"javascriptEnabled":true,"databaseEnabled":false,"networkConnectionEnabled":true,"locationContextEnabled":false,"warnings":{},"desired":{"platformName":"android","appActivity":"com.androidsample.generalstore.SplashActivity","appPackage":"com.androidsample.generalstore","chromedriverExecutable":"C:\\Users\\AnjaliJha\\Desktop\\SDETLearn\\Appium\\chromedriver.exe","deviceName":"AJSDET"},"platformName":"android","appActivity":"com.androidsample.generalstore.SplashActivity","appPackage":"com.androidsample.generalstore","chromedriverExecutable":"C:\\Users\\AnjaliJha\\Desktop\\SDETLearn\\Appium\\chromedriver.exe","deviceName":"emulator-5554","deviceUDID":"emulator-5554"}],"alwaysMatch":{}}}
[debug] &amp#27;[35m[WD Proxy]&amp#27;[39m Got response with status 200: {"sessionId":"7a112790-1403-4bf5-b86b-e9f47f5ec80a","value":{"sessionId":"7a112790-1403-4bf5-b86b-e9f47f5ec80a","capabilities":{"firstMatch":[{"platform":"LINUX","webStorageEnabled":false,"takesScreenshot":true,"javascriptEnabled":true,"databaseEnabled":false,"networkConnectionEnabled":true,"locationContextEnabled":false,"warnings":{},"desired":{"platformName":"android","appActivity":"com.androidsample.generalstore.SplashActivity","appPackage":"com.androidsample.generalstore","chromedriverExecutable":"C:\\Users\\AnjaliJha\\Desktop\\SDETLearn\\Appium\\chromedriver.exe","deviceName":"AJSDET"},"platformName":"android","appActivity":"com.androidsample.generalstore.SplashActivity","appPackage":"com.androidsample.generalstore","chromedriverExecutable":"C:\\Users\\AnjaliJha\\Desktop\\SDETLearn\\Appium\\chromedriver.exe","deviceName":"emulator-5554","deviceUDID":"emulator-5554"}],"alwaysMatch":{}}}}
&amp#27;[35m[WD Proxy]&amp#27;[39m Determined the downstream protocol as 'W3C'
[debug] &amp#27;[35m[WD Proxy]&amp#27;[39m Proxying [GET /appium/device/info] to [GET http://127.0.0.1:8200/wd/hub/session/7a112790-1403-4bf5-b86b-e9f47f5ec80a/appium/device/info] with no body
[debug] &amp#27;[35m[WD Proxy]&amp#27;[39m Got response with status 200: {"sessionId":"7a112790-1403-4bf5-b86b-e9f47f5ec80a","value":{"androidId":"a1000447d1950373","manufacturer":"Google","model":"Android SDK built for x86","brand":"google","apiVersion":"26","platformVersion":"8.0.0","carrierName":"Android","realDisplaySize":"1080x2220","displayDensity":440,"networks":[{"type":0,"typeName":"MOBILE","subtype":13,"subtypeName":"LTE","isConnected":true,"detailedState":"CONNECTED","state":"CONNECTED","extraInfo":"epc.tmobile.com","isAvailable":true,"isFailover":false,"isRoaming":false,"capabilities":{"transportTypes":"TRANSPORT_CELLULAR","networkCapabilities":"NET_CAPABILITY_MMS,NET_CAPABILITY_SUPL,NET_CAPABILITY_FOTA,NET_CAPABILITY_IMS,NET_CAPABILITY_CBS,NET_CAPABILITY_IA,NET_CAPABILITY_INTERNET,NET_CAPABILITY_NOT_RESTRICTED,NET_CAPABILITY_TRUSTED,NET_CAPABILITY_NOT_VPN,NET_CAPABILITY_VALIDATED","linkUpstreamBandwidthKbps":51200,"linkDownBandwidthKbps":102400,"signalStrength":-2147483648,"networkSpecifier":"1","SSID":null}},{"type":1,"typeName":"WIFI","subtype":0,"subtypeName":""...
[debug] &amp#27;[35m[ADB]&amp#27;[39m Running 'C:\Users\AnjaliJha\AppData\Local\Android\Sdk\platform-tools\adb.exe -P 5037 -s emulator-5554 shell dumpsys window'
&amp#27;[35m[AndroidDriver]&amp#27;[39m Screen already unlocked, doing nothing
&amp#27;[35m[UiAutomator2]&amp#27;[39m Starting 'com.androidsample.generalstore/com.androidsample.generalstore.SplashActivity and waiting for 'com.androidsample.generalstore/com.androidsample.generalstore.SplashActivity'
[debug] &amp#27;[35m[ADB]&amp#27;[39m Running 'C:\Users\AnjaliJha\AppData\Local\Android\Sdk\platform-tools\adb.exe -P 5037 -s emulator-5554 shell am start -W -n com.androidsample.generalstore/com.androidsample.generalstore.SplashActivity -S -a android.intent.action.MAIN -c android.intent.category.LAUNCHER -f 0x10200000'
[debug] &amp#27;[35m[WD Proxy]&amp#27;[39m Proxying [GET /appium/device/pixel_ratio] to [GET http://127.0.0.1:8200/wd/hub/session/7a112790-1403-4bf5-b86b-e9f47f5ec80a/appium/device/pixel_ratio] with body: {}
[debug] &amp#27;[35m[WD Proxy]&amp#27;[39m Got response with status 200: {"sessionId":"7a112790-1403-4bf5-b86b-e9f47f5ec80a","value":2.75}
[debug] &amp#27;[35m[WD Proxy]&amp#27;[39m Matched '/appium/device/system_bars' to command name 'getSystemBars'
[debug] &amp#27;[35m[WD Proxy]&amp#27;[39m Proxying [GET /appium/device/system_bars] to [GET http://127.0.0.1:8200/wd/hub/session/7a112790-1403-4bf5-b86b-e9f47f5ec80a/appium/device/system_bars] with body: {}
[debug] &amp#27;[35m[WD Proxy]&amp#27;[39m Got response with status 200: {"sessionId":"7a112790-1403-4bf5-b86b-e9f47f5ec80a","value":{"statusBar":66}}
[debug] &amp#27;[35m[WD Proxy]&amp#27;[39m Matched '/window/current/size' to command name 'getWindowSize'
[debug] &amp#27;[35m[WD Proxy]&amp#27;[39m Proxying [GET /window/current/size] to [GET http://127.0.0.1:8200/wd/hub/session/7a112790-1403-4bf5-b86b-e9f47f5ec80a/window/current/size] with body: {}
[debug] &amp#27;[35m[WD Proxy]&amp#27;[39m Got response with status 200: {"sessionId":"7a112790-1403-4bf5-b86b-e9f47f5ec80a","value":{"height":2088,"width":1080}}
&amp#27;[35m[Appium]&amp#27;[39m New AndroidUiautomator2Driver session created successfully, session bf0a9df7-e214-4c50-9f42-c2e90a900e0a added to master session list
[debug] &amp#27;[35m[BaseDriver]&amp#27;[39m Event 'newSessionStarted' logged at 1612152802292 (09:43:22 GMT+0530 (India Standard Time))
[debug] &amp#27;[35m[W3C (bf0a9df7)]&amp#27;[39m Cached the protocol value 'W3C' for the new session bf0a9df7-e214-4c50-9f42-c2e90a900e0a
[debug] &amp#27;[35m[W3C (bf0a9df7)]&amp#27;[39m Responding to client with driver.createSession() result: {"capabilities":{"platform":"LINUX","webStorageEnabled":false,"takesScreenshot":true,"javascriptEnabled":true,"databaseEnabled":false,"networkConnectionEnabled":true,"locationContextEnabled":false,"warnings":{},"desired":{"platformName":"android","appActivity":"com.androidsample.generalstore.SplashActivity","appPackage":"com.androidsample.generalstore","chromedriverExecutable":"C:\\Users\\AnjaliJha\\Desktop\\SDETLearn\\Appium\\chromedriver.exe","deviceName":"AJSDET"},"platformName":"android","appActivity":"com.androidsample.generalstore.SplashActivity","appPackage":"com.androidsample.generalstore","chromedriverExecutable":"C:\\Users\\AnjaliJha\\Desktop\\SDETLearn\\Appium\\chromedriver.exe","deviceName":"emulator-5554","deviceUDID":"emulator-5554","deviceApiLevel":26,"platformVersion":"8.0.0","deviceScreenSize":"1080x2220","deviceScreenDensity":440,"deviceModel":"Android SDK built for x86","deviceManufacturer":"Google","pixelRatio":2.75,"statBarHeight":66,"viewportRect":{"left":0,"top":66,"width":1080,"heig...
&amp#27;[35m[HTTP]&amp#27;[39m &amp#27;[37m<-- POST /wd/hub/session &amp#27;[39m&amp#27;[32m200&amp#27;[39m &amp#27;[90m13921 ms - 1093&amp#27;[39m
&amp#27;[35m[HTTP]&amp#27;[39m &amp#27;[90m&amp#27;[39m
&amp#27;[35m[HTTP]&amp#27;[39m &amp#27;[37m-->&amp#27;[39m &amp#27;[37mPOST&amp#27;[39m &amp#27;[37m/wd/hub/session/bf0a9df7-e214-4c50-9f42-c2e90a900e0a/timeouts&amp#27;[39m
&amp#27;[35m[HTTP]&amp#27;[39m &amp#27;[90m{"implicit":30000}&amp#27;[39m
[debug] &amp#27;[35m[W3C (bf0a9df7)]&amp#27;[39m Calling AppiumDriver.timeouts() with args: [null,null,null,null,30000,"bf0a9df7-e214-4c50-9f42-c2e90a900e0a"]
[debug] &amp#27;[35m[BaseDriver]&amp#27;[39m W3C timeout argument: {"implicit":30000}}
[debug] &amp#27;[35m[BaseDriver]&amp#27;[39m Set implicit wait to 30000ms
[debug] &amp#27;[35m[W3C (bf0a9df7)]&amp#27;[39m Responding to client with driver.timeouts() result: null
&amp#27;[35m[HTTP]&amp#27;[39m &amp#27;[37m<-- POST /wd/hub/session/bf0a9df7-e214-4c50-9f42-c2e90a900e0a/timeouts &amp#27;[39m&amp#27;[32m200&amp#27;[39m &amp#27;[90m26 ms - 14&amp#27;[39m
&amp#27;[35m[HTTP]&amp#27;[39m &amp#27;[90m&amp#27;[39m
General Store Launched
&amp#27;[35m[HTTP]&amp#27;[39m &amp#27;[37m-->&amp#27;[39m &amp#27;[37mPOST&amp#27;[39m &amp#27;[37m/wd/hub/session/bf0a9df7-e214-4c50-9f42-c2e90a900e0a/element&amp#27;[39m
&amp#27;[35m[HTTP]&amp#27;[39m &amp#27;[90m{"using":"xpath","value":"//*[@text='Female']"}&amp#27;[39m
[debug] &amp#27;[35m[W3C (bf0a9df7)]&amp#27;[39m Calling AppiumDriver.findElement() with args: ["xpath","//*[@text='Female']","bf0a9df7-e214-4c50-9f42-c2e90a900e0a"]
[debug] &amp#27;[35m[BaseDriver]&amp#27;[39m Valid locator strategies for this request: xpath, id, class name, accessibility id, -android uiautomator
[debug] &amp#27;[35m[BaseDriver]&amp#27;[39m Waiting up to 30000 ms for condition
[debug] &amp#27;[35m[WD Proxy]&amp#27;[39m Matched '/element' to command name 'findElement'
[debug] &amp#27;[35m[WD Proxy]&amp#27;[39m Proxying [POST /element] to [POST http://127.0.0.1:8200/wd/hub/session/7a112790-1403-4bf5-b86b-e9f47f5ec80a/element] with body: {"strategy":"xpath","selector":"//*[@text='Female']","context":"","multiple":false}
&amp#27;[35m[WD Proxy]&amp#27;[39m Got response with status 404: {"sessionId":"7a112790-1403-4bf5-b86b-e9f47f5ec80a","value":{"error":"no such element","message":"An element could not be located on the page using the given search parameters","stacktrace":"io.appium.uiautomator2.common.exceptions.ElementNotFoundException: An element could not be located on the page using the given search parameters\n\tat io.appium.uiautomator2.handler.FindElement.findElement(FindElement.java:102)\n\tat io.appium.uiautomator2.handler.FindElement.safeHandle(FindElement.java:72)\n\tat io.appium.uiautomator2.handler.request.SafeRequestHandler.handle(SafeRequestHandler.java:38)\n\tat io.appium.uiautomator2.server.AppiumServlet.handleRequest(AppiumServlet.java:252)\n\tat io.appium.uiautomator2.server.AppiumServlet.handleHttpRequest(AppiumServlet.java:242)\n\tat io.appium.uiautomator2.http.ServerHandler.channelRead(ServerHandler.java:51)\n\tat io.netty.channel.AbstractChannelHandlerContext.invokeChannelRead(AbstractChannelHandlerContext.java:366)\n\tat io.netty.channel.AbstractChannelHandlerCon...
[debug] &amp#27;[35m[W3C]&amp#27;[39m Matched W3C error code 'no such element' to NoSuchElementError
[debug] &amp#27;[35m[BaseDriver]&amp#27;[39m Waited for 665 ms so far
[debug] &amp#27;[35m[WD Proxy]&amp#27;[39m Matched '/element' to command name 'findElement'
[debug] &amp#27;[35m[WD Proxy]&amp#27;[39m Proxying [POST /element] to [POST http://127.0.0.1:8200/wd/hub/session/7a112790-1403-4bf5-b86b-e9f47f5ec80a/element] with body: {"strategy":"xpath","selector":"//*[@text='Female']","context":"","multiple":false}
&amp#27;[35m[WD Proxy]&amp#27;[39m Got response with status 404: {"sessionId":"7a112790-1403-4bf5-b86b-e9f47f5ec80a","value":{"error":"no such element","message":"An element could not be located on the page using the given search parameters","stacktrace":"io.appium.uiautomator2.common.exceptions.ElementNotFoundException: An element could not be located on the page using the given search parameters\n\tat io.appium.uiautomator2.handler.FindElement.findElement(FindElement.java:102)\n\tat io.appium.uiautomator2.handler.FindElement.safeHandle(FindElement.java:72)\n\tat io.appium.uiautomator2.handler.request.SafeRequestHandler.handle(SafeRequestHandler.java:38)\n\tat io.appium.uiautomator2.server.AppiumServlet.handleRequest(AppiumServlet.java:252)\n\tat io.appium.uiautomator2.server.AppiumServlet.handleHttpRequest(AppiumServlet.java:242)\n\tat io.appium.uiautomator2.http.ServerHandler.channelRead(ServerHandler.java:51)\n\tat io.netty.channel.AbstractChannelHandlerContext.invokeChannelRead(AbstractChannelHandlerContext.java:366)\n\tat io.netty.channel.AbstractChannelHandlerCon...
[debug] &amp#27;[35m[W3C]&amp#27;[39m Matched W3C error code 'no such element' to NoSuchElementError
[debug] &amp#27;[35m[BaseDriver]&amp#27;[39m Waited for 1316 ms so far
[debug] &amp#27;[35m[WD Proxy]&amp#27;[39m Matched '/element' to command name 'findElement'
[debug] &amp#27;[35m[WD Proxy]&amp#27;[39m Proxying [POST /element] to [POST http://127.0.0.1:8200/wd/hub/session/7a112790-1403-4bf5-b86b-e9f47f5ec80a/element] with body: {"strategy":"xpath","selector":"//*[@text='Female']","context":"","multiple":false}
&amp#27;[35m[WD Proxy]&amp#27;[39m Got response with status 404: {"sessionId":"7a112790-1403-4bf5-b86b-e9f47f5ec80a","value":{"error":"no such element","message":"An element could not be located on the page using the given search parameters","stacktrace":"io.appium.uiautomator2.common.exceptions.ElementNotFoundException: An element could not be located on the page using the given search parameters\n\tat io.appium.uiautomator2.handler.FindElement.findElement(FindElement.java:102)\n\tat io.appium.uiautomator2.handler.FindElement.safeHandle(FindElement.java:72)\n\tat io.appium.uiautomator2.handler.request.SafeRequestHandler.handle(SafeRequestHandler.java:38)\n\tat io.appium.uiautomator2.server.AppiumServlet.handleRequest(AppiumServlet.java:252)\n\tat io.appium.uiautomator2.server.AppiumServlet.handleHttpRequest(AppiumServlet.java:242)\n\tat io.appium.uiautomator2.http.ServerHandler.channelRead(ServerHandler.java:51)\n\tat io.netty.channel.AbstractChannelHandlerContext.invokeChannelRead(AbstractChannelHandlerContext.java:366)\n\tat io.netty.channel.AbstractChannelHandlerCon...
[debug] &amp#27;[35m[W3C]&amp#27;[39m Matched W3C error code 'no such element' to NoSuchElementError
[debug] &amp#27;[35m[BaseDriver]&amp#27;[39m Waited for 1977 ms so far
[debug] &amp#27;[35m[WD Proxy]&amp#27;[39m Matched '/element' to command name 'findElement'
[debug] &amp#27;[35m[WD Proxy]&amp#27;[39m Proxying [POST /element] to [POST http://127.0.0.1:8200/wd/hub/session/7a112790-1403-4bf5-b86b-e9f47f5ec80a/element] with body: {"strategy":"xpath","selector":"//*[@text='Female']","context":"","multiple":false}
[debug] &amp#27;[35m[WD Proxy]&amp#27;[39m Got response with status 200: {"sessionId":"7a112790-1403-4bf5-b86b-e9f47f5ec80a","value":{"ELEMENT":"e69363bc-5b35-430f-a951-c23f4fc06731","element-6066-11e4-a52e-4f735466cecf":"e69363bc-5b35-430f-a951-c23f4fc06731"}}
[debug] &amp#27;[35m[W3C (bf0a9df7)]&amp#27;[39m Responding to client with driver.findElement() result: {"element-6066-11e4-a52e-4f735466cecf":"e69363bc-5b35-430f-a951-c23f4fc06731","ELEMENT":"e69363bc-5b35-430f-a951-c23f4fc06731"}
&amp#27;[35m[HTTP]&amp#27;[39m &amp#27;[37m<-- POST /wd/hub/session/bf0a9df7-e214-4c50-9f42-c2e90a900e0a/element &amp#27;[39m&amp#27;[32m200&amp#27;[39m &amp#27;[90m4065 ms - 137&amp#27;[39m
&amp#27;[35m[HTTP]&amp#27;[39m &amp#27;[90m&amp#27;[39m
&amp#27;[35m[HTTP]&amp#27;[39m &amp#27;[37m-->&amp#27;[39m &amp#27;[37mPOST&amp#27;[39m &amp#27;[37m/wd/hub/session/bf0a9df7-e214-4c50-9f42-c2e90a900e0a/element/e69363bc-5b35-430f-a951-c23f4fc06731/click&amp#27;[39m
&amp#27;[35m[HTTP]&amp#27;[39m &amp#27;[90m{"id":"e69363bc-5b35-430f-a951-c23f4fc06731"}&amp#27;[39m
[debug] &amp#27;[35m[W3C (bf0a9df7)]&amp#27;[39m Calling AppiumDriver.click() with args: ["e69363bc-5b35-430f-a951-c23f4fc06731","bf0a9df7-e214-4c50-9f42-c2e90a900e0a"]
[debug] &amp#27;[35m[WD Proxy]&amp#27;[39m Matched '/element/e69363bc-5b35-430f-a951-c23f4fc06731/click' to command name 'click'
[debug] &amp#27;[35m[WD Proxy]&amp#27;[39m Proxying [POST /element/e69363bc-5b35-430f-a951-c23f4fc06731/click] to [POST http://127.0.0.1:8200/wd/hub/session/7a112790-1403-4bf5-b86b-e9f47f5ec80a/element/e69363bc-5b35-430f-a951-c23f4fc06731/click] with body: {"element":"e69363bc-5b35-430f-a951-c23f4fc06731"}
[debug] &amp#27;[35m[WD Proxy]&amp#27;[39m Got response with status 200: {"sessionId":"7a112790-1403-4bf5-b86b-e9f47f5ec80a","value":null}
[debug] &amp#27;[35m[W3C (bf0a9df7)]&amp#27;[39m Responding to client with driver.click() result: null
&amp#27;[35m[HTTP]&amp#27;[39m &amp#27;[37m<-- POST /wd/hub/session/bf0a9df7-e214-4c50-9f42-c2e90a900e0a/element/e69363bc-5b35-430f-a951-c23f4fc06731/click &amp#27;[39m&amp#27;[32m200&amp#27;[39m &amp#27;[90m85 ms - 14&amp#27;[39m
&amp#27;[35m[HTTP]&amp#27;[39m &amp#27;[90m&amp#27;[39m
&amp#27;[35m[HTTP]&amp#27;[39m &amp#27;[37m-->&amp#27;[39m &amp#27;[37mPOST&amp#27;[39m &amp#27;[37m/wd/hub/session/bf0a9df7-e214-4c50-9f42-c2e90a900e0a/element&amp#27;[39m
&amp#27;[35m[HTTP]&amp#27;[39m &amp#27;[90m{"using":"xpath","value":"//*[@text='Enter name here']"}&amp#27;[39m
[debug] &amp#27;[35m[W3C (bf0a9df7)]&amp#27;[39m Calling AppiumDriver.findElement() with args: ["xpath","//*[@text='Enter name here']","bf0a9df7-e214-4c50-9f42-c2e90a900e0a"]
[debug] &amp#27;[35m[BaseDriver]&amp#27;[39m Valid locator strategies for this request: xpath, id, class name, accessibility id, -android uiautomator
[debug] &amp#27;[35m[BaseDriver]&amp#27;[39m Waiting up to 30000 ms for condition
[debug] &amp#27;[35m[WD Proxy]&amp#27;[39m Matched '/element' to command name 'findElement'
[debug] &amp#27;[35m[WD Proxy]&amp#27;[39m Proxying [POST /element] to [POST http://127.0.0.1:8200/wd/hub/session/7a112790-1403-4bf5-b86b-e9f47f5ec80a/element] with body: {"strategy":"xpath","selector":"//*[@text='Enter name here']","context":"","multiple":false}
[debug] &amp#27;[35m[WD Proxy]&amp#27;[39m Got response with status 200: {"sessionId":"7a112790-1403-4bf5-b86b-e9f47f5ec80a","value":{"ELEMENT":"03a0dffe-d996-457e-af22-a62d94b2f1bd","element-6066-11e4-a52e-4f735466cecf":"03a0dffe-d996-457e-af22-a62d94b2f1bd"}}
[debug] &amp#27;[35m[W3C (bf0a9df7)]&amp#27;[39m Responding to client with driver.findElement() result: {"element-6066-11e4-a52e-4f735466cecf":"03a0dffe-d996-457e-af22-a62d94b2f1bd","ELEMENT":"03a0dffe-d996-457e-af22-a62d94b2f1bd"}
&amp#27;[35m[HTTP]&amp#27;[39m &amp#27;[37m<-- POST /wd/hub/session/bf0a9df7-e214-4c50-9f42-c2e90a900e0a/element &amp#27;[39m&amp#27;[32m200&amp#27;[39m &amp#27;[90m857 ms - 137&amp#27;[39m
&amp#27;[35m[HTTP]&amp#27;[39m &amp#27;[90m&amp#27;[39m
&amp#27;[35m[HTTP]&amp#27;[39m &amp#27;[37m-->&amp#27;[39m &amp#27;[37mPOST&amp#27;[39m &amp#27;[37m/wd/hub/session/bf0a9df7-e214-4c50-9f42-c2e90a900e0a/element/03a0dffe-d996-457e-af22-a62d94b2f1bd/value&amp#27;[39m
&amp#27;[35m[HTTP]&amp#27;[39m &amp#27;[90m{"id":"03a0dffe-d996-457e-af22-a62d94b2f1bd","text":"Anjal","value":["A","n","j","a","l"]}&amp#27;[39m
[debug] &amp#27;[35m[W3C (bf0a9df7)]&amp#27;[39m Calling AppiumDriver.setValue() with args: [["A","n","j","a","l"],"03a0dffe-d996-457e-af22-a62d94b2f1bd","bf0a9df7-e214-4c50-9f42-c2e90a900e0a"]
[debug] &amp#27;[35m[WD Proxy]&amp#27;[39m Matched '/element/03a0dffe-d996-457e-af22-a62d94b2f1bd/value' to command name 'setValue'
[debug] &amp#27;[35m[Protocol Converter]&amp#27;[39m Added 'value' property ["A","n","j","a","l"] to 'setValue' request body
[debug] &amp#27;[35m[WD Proxy]&amp#27;[39m Proxying [POST /element/03a0dffe-d996-457e-af22-a62d94b2f1bd/value] to [POST http://127.0.0.1:8200/wd/hub/session/7a112790-1403-4bf5-b86b-e9f47f5ec80a/element/03a0dffe-d996-457e-af22-a62d94b2f1bd/value] with body: {"elementId":"03a0dffe-d996-457e-af22-a62d94b2f1bd","text":"Anjal","replace":false,"value":["A","n","j","a","l"]}
[debug] &amp#27;[35m[WD Proxy]&amp#27;[39m Got response with status 200: {"sessionId":"7a112790-1403-4bf5-b86b-e9f47f5ec80a","value":null}
[debug] &amp#27;[35m[W3C (bf0a9df7)]&amp#27;[39m Responding to client with driver.setValue() result: null
&amp#27;[35m[HTTP]&amp#27;[39m &amp#27;[37m<-- POST /wd/hub/session/bf0a9df7-e214-4c50-9f42-c2e90a900e0a/element/03a0dffe-d996-457e-af22-a62d94b2f1bd/value &amp#27;[39m&amp#27;[32m200&amp#27;[39m &amp#27;[90m766 ms - 14&amp#27;[39m
&amp#27;[35m[HTTP]&amp#27;[39m &amp#27;[90m&amp#27;[39m
&amp#27;[35m[HTTP]&amp#27;[39m &amp#27;[37m-->&amp#27;[39m &amp#27;[37mPOST&amp#27;[39m &amp#27;[37m/wd/hub/session/bf0a9df7-e214-4c50-9f42-c2e90a900e0a/element&amp#27;[39m
&amp#27;[35m[HTTP]&amp#27;[39m &amp#27;[90m{"using":"xpath","value":"//*[@resource-id=\"com.androidsample.generalstore:id/spinnerCountry\"]"}&amp#27;[39m
[debug] &amp#27;[35m[W3C (bf0a9df7)]&amp#27;[39m Calling AppiumDriver.findElement() with args: ["xpath","//*[@resource-id=\"com.androidsample.generalstore:id/spinnerCountry\"]","bf0a9df7-e214-4c50-9f42-c2e90a900e0a"]
[debug] &amp#27;[35m[BaseDriver]&amp#27;[39m Valid locator strategies for this request: xpath, id, class name, accessibility id, -android uiautomator
[debug] &amp#27;[35m[BaseDriver]&amp#27;[39m Waiting up to 30000 ms for condition
[debug] &amp#27;[35m[WD Proxy]&amp#27;[39m Matched '/element' to command name 'findElement'
[debug] &amp#27;[35m[WD Proxy]&amp#27;[39m Proxying [POST /element] to [POST http://127.0.0.1:8200/wd/hub/session/7a112790-1403-4bf5-b86b-e9f47f5ec80a/element] with body: {"strategy":"xpath","selector":"//*[@resource-id=\"com.androidsample.generalstore:id/spinnerCountry\"]","context":"","multiple":false}
[debug] &amp#27;[35m[WD Proxy]&amp#27;[39m Got response with status 200: {"sessionId":"7a112790-1403-4bf5-b86b-e9f47f5ec80a","value":{"ELEMENT":"25f6148d-a6cc-4bb1-8291-b7c920f83a8d","element-6066-11e4-a52e-4f735466cecf":"25f6148d-a6cc-4bb1-8291-b7c920f83a8d"}}
[debug] &amp#27;[35m[W3C (bf0a9df7)]&amp#27;[39m Responding to client with driver.findElement() result: {"element-6066-11e4-a52e-4f735466cecf":"25f6148d-a6cc-4bb1-8291-b7c920f83a8d","ELEMENT":"25f6148d-a6cc-4bb1-8291-b7c920f83a8d"}
&amp#27;[35m[HTTP]&amp#27;[39m &amp#27;[37m<-- POST /wd/hub/session/bf0a9df7-e214-4c50-9f42-c2e90a900e0a/element &amp#27;[39m&amp#27;[32m200&amp#27;[39m &amp#27;[90m758 ms - 137&amp#27;[39m
&amp#27;[35m[HTTP]&amp#27;[39m &amp#27;[90m&amp#27;[39m
&amp#27;[35m[HTTP]&amp#27;[39m &amp#27;[37m-->&amp#27;[39m &amp#27;[37mPOST&amp#27;[39m &amp#27;[37m/wd/hub/session/bf0a9df7-e214-4c50-9f42-c2e90a900e0a/element/25f6148d-a6cc-4bb1-8291-b7c920f83a8d/click&amp#27;[39m
&amp#27;[35m[HTTP]&amp#27;[39m &amp#27;[90m{"id":"25f6148d-a6cc-4bb1-8291-b7c920f83a8d"}&amp#27;[39m
[debug] &amp#27;[35m[W3C (bf0a9df7)]&amp#27;[39m Calling AppiumDriver.click() with args: ["25f6148d-a6cc-4bb1-8291-b7c920f83a8d","bf0a9df7-e214-4c50-9f42-c2e90a900e0a"]
[debug] &amp#27;[35m[WD Proxy]&amp#27;[39m Matched '/element/25f6148d-a6cc-4bb1-8291-b7c920f83a8d/click' to command name 'click'
[debug] &amp#27;[35m[WD Proxy]&amp#27;[39m Proxying [POST /element/25f6148d-a6cc-4bb1-8291-b7c920f83a8d/click] to [POST http://127.0.0.1:8200/wd/hub/session/7a112790-1403-4bf5-b86b-e9f47f5ec80a/element/25f6148d-a6cc-4bb1-8291-b7c920f83a8d/click] with body: {"element":"25f6148d-a6cc-4bb1-8291-b7c920f83a8d"}
[debug] &amp#27;[35m[WD Proxy]&amp#27;[39m Got response with status 200: {"sessionId":"7a112790-1403-4bf5-b86b-e9f47f5ec80a","value":null}
[debug] &amp#27;[35m[W3C (bf0a9df7)]&amp#27;[39m Responding to client with driver.click() result: null
&amp#27;[35m[HTTP]&amp#27;[39m &amp#27;[37m<-- POST /wd/hub/session/bf0a9df7-e214-4c50-9f42-c2e90a900e0a/element/25f6148d-a6cc-4bb1-8291-b7c920f83a8d/click &amp#27;[39m&amp#27;[32m200&amp#27;[39m &amp#27;[90m61 ms - 14&amp#27;[39m
&amp#27;[35m[HTTP]&amp#27;[39m &amp#27;[90m&amp#27;[39m
&amp#27;[35m[HTTP]&amp#27;[39m &amp#27;[37m-->&amp#27;[39m &amp#27;[37mPOST&amp#27;[39m &amp#27;[37m/wd/hub/session/bf0a9df7-e214-4c50-9f42-c2e90a900e0a/element&amp#27;[39m
&amp#27;[35m[HTTP]&amp#27;[39m &amp#27;[90m{"using":"-android uiautomator","value":"new UiScrollable( new UiSelector()).scrollIntoView(text(\"Austria\"))"}&amp#27;[39m
[debug] &amp#27;[35m[W3C (bf0a9df7)]&amp#27;[39m Calling AppiumDriver.findElement() with args: ["-android uiautomator","new UiScrollable( new UiSelector()).scrollIntoView(text(\"Austria\"))","bf0a9df7-e214-4c50-9f42-c2e90a900e0a"]
[debug] &amp#27;[35m[BaseDriver]&amp#27;[39m Valid locator strategies for this request: xpath, id, class name, accessibility id, -android uiautomator
[debug] &amp#27;[35m[BaseDriver]&amp#27;[39m Waiting up to 30000 ms for condition
[debug] &amp#27;[35m[WD Proxy]&amp#27;[39m Matched '/element' to command name 'findElement'
[debug] &amp#27;[35m[WD Proxy]&amp#27;[39m Proxying [POST /element] to [POST http://127.0.0.1:8200/wd/hub/session/7a112790-1403-4bf5-b86b-e9f47f5ec80a/element] with body: {"strategy":"-android uiautomator","selector":"new UiScrollable( new UiSelector()).scrollIntoView(text(\"Austria\"))","context":"","multiple":false}
[debug] &amp#27;[35m[WD Proxy]&amp#27;[39m Got response with status 200: {"sessionId":"7a112790-1403-4bf5-b86b-e9f47f5ec80a","value":{"ELEMENT":"a9c220ec-8329-43f2-ba11-450bcf2922c8","element-6066-11e4-a52e-4f735466cecf":"a9c220ec-8329-43f2-ba11-450bcf2922c8"}}
[debug] &amp#27;[35m[W3C (bf0a9df7)]&amp#27;[39m Responding to client with driver.findElement() result: {"element-6066-11e4-a52e-4f735466cecf":"a9c220ec-8329-43f2-ba11-450bcf2922c8","ELEMENT":"a9c220ec-8329-43f2-ba11-450bcf2922c8"}
&amp#27;[35m[HTTP]&amp#27;[39m &amp#27;[37m<-- POST /wd/hub/session/bf0a9df7-e214-4c50-9f42-c2e90a900e0a/element &amp#27;[39m&amp#27;[32m200&amp#27;[39m &amp#27;[90m4787 ms - 137&amp#27;[39m
&amp#27;[35m[HTTP]&amp#27;[39m &amp#27;[90m&amp#27;[39m
&amp#27;[35m[HTTP]&amp#27;[39m &amp#27;[37m-->&amp#27;[39m &amp#27;[37mPOST&amp#27;[39m &amp#27;[37m/wd/hub/session/bf0a9df7-e214-4c50-9f42-c2e90a900e0a/element/a9c220ec-8329-43f2-ba11-450bcf2922c8/click&amp#27;[39m
&amp#27;[35m[HTTP]&amp#27;[39m &amp#27;[90m{"id":"a9c220ec-8329-43f2-ba11-450bcf2922c8"}&amp#27;[39m
[debug] &amp#27;[35m[W3C (bf0a9df7)]&amp#27;[39m Calling AppiumDriver.click() with args: ["a9c220ec-8329-43f2-ba11-450bcf2922c8","bf0a9df7-e214-4c50-9f42-c2e90a900e0a"]
[debug] &amp#27;[35m[WD Proxy]&amp#27;[39m Matched '/element/a9c220ec-8329-43f2-ba11-450bcf2922c8/click' to command name 'click'
[debug] &amp#27;[35m[WD Proxy]&amp#27;[39m Proxying [POST /element/a9c220ec-8329-43f2-ba11-450bcf2922c8/click] to [POST http://127.0.0.1:8200/wd/hub/session/7a112790-1403-4bf5-b86b-e9f47f5ec80a/element/a9c220ec-8329-43f2-ba11-450bcf2922c8/click] with body: {"element":"a9c220ec-8329-43f2-ba11-450bcf2922c8"}
[debug] &amp#27;[35m[WD Proxy]&amp#27;[39m Got response with status 200: {"sessionId":"7a112790-1403-4bf5-b86b-e9f47f5ec80a","value":null}
[debug] &amp#27;[35m[W3C (bf0a9df7)]&amp#27;[39m Responding to client with driver.click() result: null
&amp#27;[35m[HTTP]&amp#27;[39m &amp#27;[37m<-- POST /wd/hub/session/bf0a9df7-e214-4c50-9f42-c2e90a900e0a/element/a9c220ec-8329-43f2-ba11-450bcf2922c8/click &amp#27;[39m&amp#27;[32m200&amp#27;[39m &amp#27;[90m886 ms - 14&amp#27;[39m
&amp#27;[35m[HTTP]&amp#27;[39m &amp#27;[90m&amp#27;[39m
&amp#27;[35m[HTTP]&amp#27;[39m &amp#27;[37m-->&amp#27;[39m &amp#27;[37mPOST&amp#27;[39m &amp#27;[37m/wd/hub/session/bf0a9df7-e214-4c50-9f42-c2e90a900e0a/element&amp#27;[39m
&amp#27;[35m[HTTP]&amp#27;[39m &amp#27;[90m{"using":"class name","value":"android.widget.Button"}&amp#27;[39m
[debug] &amp#27;[35m[W3C (bf0a9df7)]&amp#27;[39m Calling AppiumDriver.findElement() with args: ["class name","android.widget.Button","bf0a9df7-e214-4c50-9f42-c2e90a900e0a"]
[debug] &amp#27;[35m[BaseDriver]&amp#27;[39m Valid locator strategies for this request: xpath, id, class name, accessibility id, -android uiautomator
[debug] &amp#27;[35m[BaseDriver]&amp#27;[39m Waiting up to 30000 ms for condition
[debug] &amp#27;[35m[WD Proxy]&amp#27;[39m Matched '/element' to command name 'findElement'
[debug] &amp#27;[35m[WD Proxy]&amp#27;[39m Proxying [POST /element] to [POST http://127.0.0.1:8200/wd/hub/session/7a112790-1403-4bf5-b86b-e9f47f5ec80a/element] with body: {"strategy":"class name","selector":"android.widget.Button","context":"","multiple":false}
[debug] &amp#27;[35m[WD Proxy]&amp#27;[39m Got response with status 200: {"sessionId":"7a112790-1403-4bf5-b86b-e9f47f5ec80a","value":{"ELEMENT":"7c016402-9dc8-46fb-9cbb-19b185e97c29","element-6066-11e4-a52e-4f735466cecf":"7c016402-9dc8-46fb-9cbb-19b185e97c29"}}
[debug] &amp#27;[35m[W3C (bf0a9df7)]&amp#27;[39m Responding to client with driver.findElement() result: {"element-6066-11e4-a52e-4f735466cecf":"7c016402-9dc8-46fb-9cbb-19b185e97c29","ELEMENT":"7c016402-9dc8-46fb-9cbb-19b185e97c29"}
&amp#27;[35m[HTTP]&amp#27;[39m &amp#27;[37m<-- POST /wd/hub/session/bf0a9df7-e214-4c50-9f42-c2e90a900e0a/element &amp#27;[39m&amp#27;[32m200&amp#27;[39m &amp#27;[90m28 ms - 137&amp#27;[39m
&amp#27;[35m[HTTP]&amp#27;[39m &amp#27;[90m&amp#27;[39m
&amp#27;[35m[HTTP]&amp#27;[39m &amp#27;[37m-->&amp#27;[39m &amp#27;[37mPOST&amp#27;[39m &amp#27;[37m/wd/hub/session/bf0a9df7-e214-4c50-9f42-c2e90a900e0a/element/7c016402-9dc8-46fb-9cbb-19b185e97c29/click&amp#27;[39m
&amp#27;[35m[HTTP]&amp#27;[39m &amp#27;[90m{"id":"7c016402-9dc8-46fb-9cbb-19b185e97c29"}&amp#27;[39m
[debug] &amp#27;[35m[W3C (bf0a9df7)]&amp#27;[39m Calling AppiumDriver.click() with args: ["7c016402-9dc8-46fb-9cbb-19b185e97c29","bf0a9df7-e214-4c50-9f42-c2e90a900e0a"]
[debug] &amp#27;[35m[WD Proxy]&amp#27;[39m Matched '/element/7c016402-9dc8-46fb-9cbb-19b185e97c29/click' to command name 'click'
[debug] &amp#27;[35m[WD Proxy]&amp#27;[39m Proxying [POST /element/7c016402-9dc8-46fb-9cbb-19b185e97c29/click] to [POST http://127.0.0.1:8200/wd/hub/session/7a112790-1403-4bf5-b86b-e9f47f5ec80a/element/7c016402-9dc8-46fb-9cbb-19b185e97c29/click] with body: {"element":"7c016402-9dc8-46fb-9cbb-19b185e97c29"}
[debug] &amp#27;[35m[WD Proxy]&amp#27;[39m Got response with status 200: {"sessionId":"7a112790-1403-4bf5-b86b-e9f47f5ec80a","value":null}
[debug] &amp#27;[35m[W3C (bf0a9df7)]&amp#27;[39m Responding to client with driver.click() result: null
&amp#27;[35m[HTTP]&amp#27;[39m &amp#27;[37m<-- POST /wd/hub/session/bf0a9df7-e214-4c50-9f42-c2e90a900e0a/element/7c016402-9dc8-46fb-9cbb-19b185e97c29/click &amp#27;[39m&amp#27;[32m200&amp#27;[39m &amp#27;[90m44 ms - 14&amp#27;[39m
&amp#27;[35m[HTTP]&amp#27;[39m &amp#27;[90m&amp#27;[39m
&amp#27;[35m[HTTP]&amp#27;[39m &amp#27;[37m-->&amp#27;[39m &amp#27;[37mPOST&amp#27;[39m &amp#27;[37m/wd/hub/session/bf0a9df7-e214-4c50-9f42-c2e90a900e0a/elements&amp#27;[39m
&amp#27;[35m[HTTP]&amp#27;[39m &amp#27;[90m{"using":"xpath","value":"//*[@resource-id=\"com.androidsample.generalstore:id/productAddCart\"]"}&amp#27;[39m
[debug] &amp#27;[35m[W3C (bf0a9df7)]&amp#27;[39m Calling AppiumDriver.findElements() with args: ["xpath","//*[@resource-id=\"com.androidsample.generalstore:id/productAddCart\"]","bf0a9df7-e214-4c50-9f42-c2e90a900e0a"]
[debug] &amp#27;[35m[BaseDriver]&amp#27;[39m Valid locator strategies for this request: xpath, id, class name, accessibility id, -android uiautomator
[debug] &amp#27;[35m[BaseDriver]&amp#27;[39m Waiting up to 30000 ms for condition
[debug] &amp#27;[35m[WD Proxy]&amp#27;[39m Matched '/elements' to command name 'findElements'
[debug] &amp#27;[35m[WD Proxy]&amp#27;[39m Proxying [POST /elements] to [POST http://127.0.0.1:8200/wd/hub/session/7a112790-1403-4bf5-b86b-e9f47f5ec80a/elements] with body: {"strategy":"xpath","selector":"//*[@resource-id=\"com.androidsample.generalstore:id/productAddCart\"]","context":"","multiple":true}
[debug] &amp#27;[35m[WD Proxy]&amp#27;[39m Got response with status 200: {"sessionId":"7a112790-1403-4bf5-b86b-e9f47f5ec80a","value":[{"ELEMENT":"8fdae73b-019b-4f15-aada-37e62c4a0550","element-6066-11e4-a52e-4f735466cecf":"8fdae73b-019b-4f15-aada-37e62c4a0550"},{"ELEMENT":"5cd7ac86-0bd7-4df1-8b2f-1559a46dc812","element-6066-11e4-a52e-4f735466cecf":"5cd7ac86-0bd7-4df1-8b2f-1559a46dc812"}]}
[debug] &amp#27;[35m[W3C (bf0a9df7)]&amp#27;[39m Responding to client with driver.findElements() result: [{"element-6066-11e4-a52e-4f735466cecf":"8fdae73b-019b-4f15-aada-37e62c4a0550","ELEMENT":"8fdae73b-019b-4f15-aada-37e62c4a0550"},{"element-6066-11e4-a52e-4f735466cecf":"5cd7ac86-0bd7-4df1-8b2f-1559a46dc812","ELEMENT":"5cd7ac86-0bd7-4df1-8b2f-1559a46dc812"}]
&amp#27;[35m[HTTP]&amp#27;[39m &amp#27;[37m<-- POST /wd/hub/session/bf0a9df7-e214-4c50-9f42-c2e90a900e0a/elements &amp#27;[39m&amp#27;[32m200&amp#27;[39m &amp#27;[90m1122 ms - 267&amp#27;[39m
&amp#27;[35m[HTTP]&amp#27;[39m &amp#27;[90m&amp#27;[39m
&amp#27;[35m[HTTP]&amp#27;[39m &amp#27;[37m-->&amp#27;[39m &amp#27;[37mPOST&amp#27;[39m &amp#27;[37m/wd/hub/session/bf0a9df7-e214-4c50-9f42-c2e90a900e0a/element/8fdae73b-019b-4f15-aada-37e62c4a0550/click&amp#27;[39m
&amp#27;[35m[HTTP]&amp#27;[39m &amp#27;[90m{"id":"8fdae73b-019b-4f15-aada-37e62c4a0550"}&amp#27;[39m
[debug] &amp#27;[35m[W3C (bf0a9df7)]&amp#27;[39m Calling AppiumDriver.click() with args: ["8fdae73b-019b-4f15-aada-37e62c4a0550","bf0a9df7-e214-4c50-9f42-c2e90a900e0a"]
[debug] &amp#27;[35m[WD Proxy]&amp#27;[39m Matched '/element/8fdae73b-019b-4f15-aada-37e62c4a0550/click' to command name 'click'
[debug] &amp#27;[35m[WD Proxy]&amp#27;[39m Proxying [POST /element/8fdae73b-019b-4f15-aada-37e62c4a0550/click] to [POST http://127.0.0.1:8200/wd/hub/session/7a112790-1403-4bf5-b86b-e9f47f5ec80a/element/8fdae73b-019b-4f15-aada-37e62c4a0550/click] with body: {"element":"8fdae73b-019b-4f15-aada-37e62c4a0550"}
[debug] &amp#27;[35m[WD Proxy]&amp#27;[39m Got response with status 200: {"sessionId":"7a112790-1403-4bf5-b86b-e9f47f5ec80a","value":null}
[debug] &amp#27;[35m[W3C (bf0a9df7)]&amp#27;[39m Responding to client with driver.click() result: null
&amp#27;[35m[HTTP]&amp#27;[39m &amp#27;[37m<-- POST /wd/hub/session/bf0a9df7-e214-4c50-9f42-c2e90a900e0a/element/8fdae73b-019b-4f15-aada-37e62c4a0550/click &amp#27;[39m&amp#27;[32m200&amp#27;[39m &amp#27;[90m82 ms - 14&amp#27;[39m
&amp#27;[35m[HTTP]&amp#27;[39m &amp#27;[90m&amp#27;[39m
&amp#27;[35m[HTTP]&amp#27;[39m &amp#27;[37m-->&amp#27;[39m &amp#27;[37mPOST&amp#27;[39m &amp#27;[37m/wd/hub/session/bf0a9df7-e214-4c50-9f42-c2e90a900e0a/elements&amp#27;[39m
&amp#27;[35m[HTTP]&amp#27;[39m &amp#27;[90m{"using":"xpath","value":"//*[@resource-id=\"com.androidsample.generalstore:id/productAddCart\"]"}&amp#27;[39m
[debug] &amp#27;[35m[W3C (bf0a9df7)]&amp#27;[39m Calling AppiumDriver.findElements() with args: ["xpath","//*[@resource-id=\"com.androidsample.generalstore:id/productAddCart\"]","bf0a9df7-e214-4c50-9f42-c2e90a900e0a"]
[debug] &amp#27;[35m[BaseDriver]&amp#27;[39m Valid locator strategies for this request: xpath, id, class name, accessibility id, -android uiautomator
[debug] &amp#27;[35m[BaseDriver]&amp#27;[39m Waiting up to 30000 ms for condition
[debug] &amp#27;[35m[WD Proxy]&amp#27;[39m Matched '/elements' to command name 'findElements'
[debug] &amp#27;[35m[WD Proxy]&amp#27;[39m Proxying [POST /elements] to [POST http://127.0.0.1:8200/wd/hub/session/7a112790-1403-4bf5-b86b-e9f47f5ec80a/elements] with body: {"strategy":"xpath","selector":"//*[@resource-id=\"com.androidsample.generalstore:id/productAddCart\"]","context":"","multiple":true}
[debug] &amp#27;[35m[WD Proxy]&amp#27;[39m Got response with status 200: {"sessionId":"7a112790-1403-4bf5-b86b-e9f47f5ec80a","value":[{"ELEMENT":"0ed6f4ee-e20b-4ac5-8560-dd0e83788b03","element-6066-11e4-a52e-4f735466cecf":"0ed6f4ee-e20b-4ac5-8560-dd0e83788b03"},{"ELEMENT":"88d165f0-6e4f-4a44-b835-da7aed255869","element-6066-11e4-a52e-4f735466cecf":"88d165f0-6e4f-4a44-b835-da7aed255869"}]}
[debug] &amp#27;[35m[W3C (bf0a9df7)]&amp#27;[39m Responding to client with driver.findElements() result: [{"element-6066-11e4-a52e-4f735466cecf":"0ed6f4ee-e20b-4ac5-8560-dd0e83788b03","ELEMENT":"0ed6f4ee-e20b-4ac5-8560-dd0e83788b03"},{"element-6066-11e4-a52e-4f735466cecf":"88d165f0-6e4f-4a44-b835-da7aed255869","ELEMENT":"88d165f0-6e4f-4a44-b835-da7aed255869"}]
&amp#27;[35m[HTTP]&amp#27;[39m &amp#27;[37m<-- POST /wd/hub/session/bf0a9df7-e214-4c50-9f42-c2e90a900e0a/elements &amp#27;[39m&amp#27;[32m200&amp#27;[39m &amp#27;[90m1113 ms - 267&amp#27;[39m
&amp#27;[35m[HTTP]&amp#27;[39m &amp#27;[90m&amp#27;[39m
&amp#27;[35m[HTTP]&amp#27;[39m &amp#27;[37m-->&amp#27;[39m &amp#27;[37mPOST&amp#27;[39m &amp#27;[37m/wd/hub/session/bf0a9df7-e214-4c50-9f42-c2e90a900e0a/element/88d165f0-6e4f-4a44-b835-da7aed255869/click&amp#27;[39m
&amp#27;[35m[HTTP]&amp#27;[39m &amp#27;[90m{"id":"88d165f0-6e4f-4a44-b835-da7aed255869"}&amp#27;[39m
[debug] &amp#27;[35m[W3C (bf0a9df7)]&amp#27;[39m Calling AppiumDriver.click() with args: ["88d165f0-6e4f-4a44-b835-da7aed255869","bf0a9df7-e214-4c50-9f42-c2e90a900e0a"]
[debug] &amp#27;[35m[WD Proxy]&amp#27;[39m Matched '/element/88d165f0-6e4f-4a44-b835-da7aed255869/click' to command name 'click'
[debug] &amp#27;[35m[WD Proxy]&amp#27;[39m Proxying [POST /element/88d165f0-6e4f-4a44-b835-da7aed255869/click] to [POST http://127.0.0.1:8200/wd/hub/session/7a112790-1403-4bf5-b86b-e9f47f5ec80a/element/88d165f0-6e4f-4a44-b835-da7aed255869/click] with body: {"element":"88d165f0-6e4f-4a44-b835-da7aed255869"}
[debug] &amp#27;[35m[WD Proxy]&amp#27;[39m Got response with status 200: {"sessionId":"7a112790-1403-4bf5-b86b-e9f47f5ec80a","value":null}
[debug] &amp#27;[35m[W3C (bf0a9df7)]&amp#27;[39m Responding to client with driver.click() result: null
&amp#27;[35m[HTTP]&amp#27;[39m &amp#27;[37m<-- POST /wd/hub/session/bf0a9df7-e214-4c50-9f42-c2e90a900e0a/element/88d165f0-6e4f-4a44-b835-da7aed255869/click &amp#27;[39m&amp#27;[32m200&amp#27;[39m &amp#27;[90m107 ms - 14&amp#27;[39m
&amp#27;[35m[HTTP]&amp#27;[39m &amp#27;[90m&amp#27;[39m
&amp#27;[35m[HTTP]&amp#27;[39m &amp#27;[37m-->&amp#27;[39m &amp#27;[37mPOST&amp#27;[39m &amp#27;[37m/wd/hub/session/bf0a9df7-e214-4c50-9f42-c2e90a900e0a/element&amp#27;[39m
&amp#27;[35m[HTTP]&amp#27;[39m &amp#27;[90m{"using":"xpath","value":"//*[@resource-id=\"com.androidsample.generalstore:id/appbar_btn_cart\"]"}&amp#27;[39m
[debug] &amp#27;[35m[W3C (bf0a9df7)]&amp#27;[39m Calling AppiumDriver.findElement() with args: ["xpath","//*[@resource-id=\"com.androidsample.generalstore:id/appbar_btn_cart\"]","bf0a9df7-e214-4c50-9f42-c2e90a900e0a"]
[debug] &amp#27;[35m[BaseDriver]&amp#27;[39m Valid locator strategies for this request: xpath, id, class name, accessibility id, -android uiautomator
[debug] &amp#27;[35m[BaseDriver]&amp#27;[39m Waiting up to 30000 ms for condition
[debug] &amp#27;[35m[WD Proxy]&amp#27;[39m Matched '/element' to command name 'findElement'
[debug] &amp#27;[35m[WD Proxy]&amp#27;[39m Proxying [POST /element] to [POST http://127.0.0.1:8200/wd/hub/session/7a112790-1403-4bf5-b86b-e9f47f5ec80a/element] with body: {"strategy":"xpath","selector":"//*[@resource-id=\"com.androidsample.generalstore:id/appbar_btn_cart\"]","context":"","multiple":false}
[debug] &amp#27;[35m[WD Proxy]&amp#27;[39m Got response with status 200: {"sessionId":"7a112790-1403-4bf5-b86b-e9f47f5ec80a","value":{"ELEMENT":"cc544bfc-a5e9-42d2-b774-0c1d2691c371","element-6066-11e4-a52e-4f735466cecf":"cc544bfc-a5e9-42d2-b774-0c1d2691c371"}}
[debug] &amp#27;[35m[W3C (bf0a9df7)]&amp#27;[39m Responding to client with driver.findElement() result: {"element-6066-11e4-a52e-4f735466cecf":"cc544bfc-a5e9-42d2-b774-0c1d2691c371","ELEMENT":"cc544bfc-a5e9-42d2-b774-0c1d2691c371"}
&amp#27;[35m[HTTP]&amp#27;[39m &amp#27;[37m<-- POST /wd/hub/session/bf0a9df7-e214-4c50-9f42-c2e90a900e0a/element &amp#27;[39m&amp#27;[32m200&amp#27;[39m &amp#27;[90m387 ms - 137&amp#27;[39m
&amp#27;[35m[HTTP]&amp#27;[39m &amp#27;[90m&amp#27;[39m
&amp#27;[35m[HTTP]&amp#27;[39m &amp#27;[37m-->&amp#27;[39m &amp#27;[37mPOST&amp#27;[39m &amp#27;[37m/wd/hub/session/bf0a9df7-e214-4c50-9f42-c2e90a900e0a/element/cc544bfc-a5e9-42d2-b774-0c1d2691c371/click&amp#27;[39m
&amp#27;[35m[HTTP]&amp#27;[39m &amp#27;[90m{"id":"cc544bfc-a5e9-42d2-b774-0c1d2691c371"}&amp#27;[39m
[debug] &amp#27;[35m[W3C (bf0a9df7)]&amp#27;[39m Calling AppiumDriver.click() with args: ["cc544bfc-a5e9-42d2-b774-0c1d2691c371","bf0a9df7-e214-4c50-9f42-c2e90a900e0a"]
[debug] &amp#27;[35m[WD Proxy]&amp#27;[39m Matched '/element/cc544bfc-a5e9-42d2-b774-0c1d2691c371/click' to command name 'click'
[debug] &amp#27;[35m[WD Proxy]&amp#27;[39m Proxying [POST /element/cc544bfc-a5e9-42d2-b774-0c1d2691c371/click] to [POST http://127.0.0.1:8200/wd/hub/session/7a112790-1403-4bf5-b86b-e9f47f5ec80a/element/cc544bfc-a5e9-42d2-b774-0c1d2691c371/click] with body: {"element":"cc544bfc-a5e9-42d2-b774-0c1d2691c371"}
[debug] &amp#27;[35m[WD Proxy]&amp#27;[39m Got response with status 200: {"sessionId":"7a112790-1403-4bf5-b86b-e9f47f5ec80a","value":null}
[debug] &amp#27;[35m[W3C (bf0a9df7)]&amp#27;[39m Responding to client with driver.click() result: null
&amp#27;[35m[HTTP]&amp#27;[39m &amp#27;[37m<-- POST /wd/hub/session/bf0a9df7-e214-4c50-9f42-c2e90a900e0a/element/cc544bfc-a5e9-42d2-b774-0c1d2691c371/click &amp#27;[39m&amp#27;[32m200&amp#27;[39m &amp#27;[90m120 ms - 14&amp#27;[39m
&amp#27;[35m[HTTP]&amp#27;[39m &amp#27;[90m&amp#27;[39m
&amp#27;[35m[HTTP]&amp#27;[39m &amp#27;[37m-->&amp#27;[39m &amp#27;[37mPOST&amp#27;[39m &amp#27;[37m/wd/hub/session/bf0a9df7-e214-4c50-9f42-c2e90a900e0a/elements&amp#27;[39m
&amp#27;[35m[HTTP]&amp#27;[39m &amp#27;[90m{"using":"xpath","value":"//*[@resource-id=\"com.androidsample.generalstore:id/productPrice\"]"}&amp#27;[39m
[debug] &amp#27;[35m[W3C (bf0a9df7)]&amp#27;[39m Calling AppiumDriver.findElements() with args: ["xpath","//*[@resource-id=\"com.androidsample.generalstore:id/productPrice\"]","bf0a9df7-e214-4c50-9f42-c2e90a900e0a"]
[debug] &amp#27;[35m[BaseDriver]&amp#27;[39m Valid locator strategies for this request: xpath, id, class name, accessibility id, -android uiautomator
[debug] &amp#27;[35m[BaseDriver]&amp#27;[39m Waiting up to 30000 ms for condition
[debug] &amp#27;[35m[WD Proxy]&amp#27;[39m Matched '/elements' to command name 'findElements'
[debug] &amp#27;[35m[WD Proxy]&amp#27;[39m Proxying [POST /elements] to [POST http://127.0.0.1:8200/wd/hub/session/7a112790-1403-4bf5-b86b-e9f47f5ec80a/elements] with body: {"strategy":"xpath","selector":"//*[@resource-id=\"com.androidsample.generalstore:id/productPrice\"]","context":"","multiple":true}
[debug] &amp#27;[35m[WD Proxy]&amp#27;[39m Got response with status 200: {"sessionId":"7a112790-1403-4bf5-b86b-e9f47f5ec80a","value":[{"ELEMENT":"f6cad102-95ed-4f1f-906b-c8217796a343","element-6066-11e4-a52e-4f735466cecf":"f6cad102-95ed-4f1f-906b-c8217796a343"},{"ELEMENT":"236c9486-cac6-4438-beba-daaba2df8c5c","element-6066-11e4-a52e-4f735466cecf":"236c9486-cac6-4438-beba-daaba2df8c5c"}]}
[debug] &amp#27;[35m[W3C (bf0a9df7)]&amp#27;[39m Responding to client with driver.findElements() result: [{"element-6066-11e4-a52e-4f735466cecf":"f6cad102-95ed-4f1f-906b-c8217796a343","ELEMENT":"f6cad102-95ed-4f1f-906b-c8217796a343"},{"element-6066-11e4-a52e-4f735466cecf":"236c9486-cac6-4438-beba-daaba2df8c5c","ELEMENT":"236c9486-cac6-4438-beba-daaba2df8c5c"}]
&amp#27;[35m[HTTP]&amp#27;[39m &amp#27;[37m<-- POST /wd/hub/session/bf0a9df7-e214-4c50-9f42-c2e90a900e0a/elements &amp#27;[39m&amp#27;[32m200&amp#27;[39m &amp#27;[90m240 ms - 267&amp#27;[39m
&amp#27;[35m[HTTP]&amp#27;[39m &amp#27;[90m&amp#27;[39m
&amp#27;[35m[HTTP]&amp#27;[39m &amp#27;[37m-->&amp#27;[39m &amp#27;[37mGET&amp#27;[39m &amp#27;[37m/wd/hub/session/bf0a9df7-e214-4c50-9f42-c2e90a900e0a/element/f6cad102-95ed-4f1f-906b-c8217796a343/text&amp#27;[39m
&amp#27;[35m[HTTP]&amp#27;[39m &amp#27;[90m{}&amp#27;[39m
&amp#27;[35m[W3C (bf0a9df7)]&amp#27;[39m Driver proxy active, passing request on via HTTP proxy
[debug] &amp#27;[35m[WD Proxy]&amp#27;[39m Matched '/wd/hub/session/bf0a9df7-e214-4c50-9f42-c2e90a900e0a/element/f6cad102-95ed-4f1f-906b-c8217796a343/text' to command name 'getText'
[debug] &amp#27;[35m[WD Proxy]&amp#27;[39m Proxying [GET /wd/hub/session/bf0a9df7-e214-4c50-9f42-c2e90a900e0a/element/f6cad102-95ed-4f1f-906b-c8217796a343/text] to [GET http://127.0.0.1:8200/wd/hub/session/7a112790-1403-4bf5-b86b-e9f47f5ec80a/element/f6cad102-95ed-4f1f-906b-c8217796a343/text] with body: {}
[debug] &amp#27;[35m[WD Proxy]&amp#27;[39m Got response with status 200: {"sessionId":"7a112790-1403-4bf5-b86b-e9f47f5ec80a","value":"$160.97"}
&amp#27;[35m[WD Proxy]&amp#27;[39m Replacing sessionId 7a112790-1403-4bf5-b86b-e9f47f5ec80a with bf0a9df7-e214-4c50-9f42-c2e90a900e0a
&amp#27;[35m[HTTP]&amp#27;[39m &amp#27;[37m<-- GET /wd/hub/session/bf0a9df7-e214-4c50-9f42-c2e90a900e0a/element/f6cad102-95ed-4f1f-906b-c8217796a343/text &amp#27;[39m&amp#27;[32m200&amp#27;[39m &amp#27;[90m23 ms - 70&amp#27;[39m
&amp#27;[35m[HTTP]&amp#27;[39m &amp#27;[90m&amp#27;[39m
&amp#27;[35m[HTTP]&amp#27;[39m &amp#27;[37m-->&amp#27;[39m &amp#27;[37mPOST&amp#27;[39m &amp#27;[37m/wd/hub/session/bf0a9df7-e214-4c50-9f42-c2e90a900e0a/elements&amp#27;[39m
&amp#27;[35m[HTTP]&amp#27;[39m &amp#27;[90m{"using":"xpath","value":"//*[@resource-id=\"com.androidsample.generalstore:id/productPrice\"]"}&amp#27;[39m
[debug] &amp#27;[35m[W3C (bf0a9df7)]&amp#27;[39m Calling AppiumDriver.findElements() with args: ["xpath","//*[@resource-id=\"com.androidsample.generalstore:id/productPrice\"]","bf0a9df7-e214-4c50-9f42-c2e90a900e0a"]
[debug] &amp#27;[35m[BaseDriver]&amp#27;[39m Valid locator strategies for this request: xpath, id, class name, accessibility id, -android uiautomator
[debug] &amp#27;[35m[BaseDriver]&amp#27;[39m Waiting up to 30000 ms for condition
[debug] &amp#27;[35m[WD Proxy]&amp#27;[39m Matched '/elements' to command name 'findElements'
[debug] &amp#27;[35m[WD Proxy]&amp#27;[39m Proxying [POST /elements] to [POST http://127.0.0.1:8200/wd/hub/session/7a112790-1403-4bf5-b86b-e9f47f5ec80a/elements] with body: {"strategy":"xpath","selector":"//*[@resource-id=\"com.androidsample.generalstore:id/productPrice\"]","context":"","multiple":true}
[debug] &amp#27;[35m[WD Proxy]&amp#27;[39m Got response with status 200: {"sessionId":"7a112790-1403-4bf5-b86b-e9f47f5ec80a","value":[{"ELEMENT":"6a85cddc-f997-4644-8b26-3922eac2db0c","element-6066-11e4-a52e-4f735466cecf":"6a85cddc-f997-4644-8b26-3922eac2db0c"},{"ELEMENT":"24c34e97-e20b-4702-b095-27252f5839e0","element-6066-11e4-a52e-4f735466cecf":"24c34e97-e20b-4702-b095-27252f5839e0"}]}
[debug] &amp#27;[35m[W3C (bf0a9df7)]&amp#27;[39m Responding to client with driver.findElements() result: [{"element-6066-11e4-a52e-4f735466cecf":"6a85cddc-f997-4644-8b26-3922eac2db0c","ELEMENT":"6a85cddc-f997-4644-8b26-3922eac2db0c"},{"element-6066-11e4-a52e-4f735466cecf":"24c34e97-e20b-4702-b095-27252f5839e0","ELEMENT":"24c34e97-e20b-4702-b095-27252f5839e0"}]
&amp#27;[35m[HTTP]&amp#27;[39m &amp#27;[37m<-- POST /wd/hub/session/bf0a9df7-e214-4c50-9f42-c2e90a900e0a/elements &amp#27;[39m&amp#27;[32m200&amp#27;[39m &amp#27;[90m318 ms - 267&amp#27;[39m
&amp#27;[35m[HTTP]&amp#27;[39m &amp#27;[90m&amp#27;[39m
&amp#27;[35m[HTTP]&amp#27;[39m &amp#27;[37m-->&amp#27;[39m &amp#27;[37mGET&amp#27;[39m &amp#27;[37m/wd/hub/session/bf0a9df7-e214-4c50-9f42-c2e90a900e0a/element/24c34e97-e20b-4702-b095-27252f5839e0/text&amp#27;[39m
&amp#27;[35m[HTTP]&amp#27;[39m &amp#27;[90m{}&amp#27;[39m
&amp#27;[35m[W3C (bf0a9df7)]&amp#27;[39m Driver proxy active, passing request on via HTTP proxy
[debug] &amp#27;[35m[WD Proxy]&amp#27;[39m Matched '/wd/hub/session/bf0a9df7-e214-4c50-9f42-c2e90a900e0a/element/24c34e97-e20b-4702-b095-27252f5839e0/text' to command name 'getText'
[debug] &amp#27;[35m[WD Proxy]&amp#27;[39m Proxying [GET /wd/hub/session/bf0a9df7-e214-4c50-9f42-c2e90a900e0a/element/24c34e97-e20b-4702-b095-27252f5839e0/text] to [GET http://127.0.0.1:8200/wd/hub/session/7a112790-1403-4bf5-b86b-e9f47f5ec80a/element/24c34e97-e20b-4702-b095-27252f5839e0/text] with body: {}
[debug] &amp#27;[35m[WD Proxy]&amp#27;[39m Got response with status 200: {"sessionId":"7a112790-1403-4bf5-b86b-e9f47f5ec80a","value":"$120.0"}
&amp#27;[35m[WD Proxy]&amp#27;[39m Replacing sessionId 7a112790-1403-4bf5-b86b-e9f47f5ec80a with bf0a9df7-e214-4c50-9f42-c2e90a900e0a
&amp#27;[35m[HTTP]&amp#27;[39m &amp#27;[37m<-- GET /wd/hub/session/bf0a9df7-e214-4c50-9f42-c2e90a900e0a/element/24c34e97-e20b-4702-b095-27252f5839e0/text &amp#27;[39m&amp#27;[32m200&amp#27;[39m &amp#27;[90m20 ms - 69&amp#27;[39m
&amp#27;[35m[HTTP]&amp#27;[39m &amp#27;[90m&amp#27;[39m
160.97
120.0
&amp#27;[35m[HTTP]&amp#27;[39m &amp#27;[37m-->&amp#27;[39m &amp#27;[37mPOST&amp#27;[39m &amp#27;[37m/wd/hub/session/bf0a9df7-e214-4c50-9f42-c2e90a900e0a/element&amp#27;[39m
&amp#27;[35m[HTTP]&amp#27;[39m &amp#27;[90m{"using":"id","value":"com.androidsample.generalstore:id/totalAmountLbl"}&amp#27;[39m
[debug] &amp#27;[35m[W3C (bf0a9df7)]&amp#27;[39m Calling AppiumDriver.findElement() with args: ["id","com.androidsample.generalstore:id/totalAmountLbl","bf0a9df7-e214-4c50-9f42-c2e90a900e0a"]
[debug] &amp#27;[35m[BaseDriver]&amp#27;[39m Valid locator strategies for this request: xpath, id, class name, accessibility id, -android uiautomator
[debug] &amp#27;[35m[BaseDriver]&amp#27;[39m Waiting up to 30000 ms for condition
[debug] &amp#27;[35m[WD Proxy]&amp#27;[39m Matched '/element' to command name 'findElement'
[debug] &amp#27;[35m[WD Proxy]&amp#27;[39m Proxying [POST /element] to [POST http://127.0.0.1:8200/wd/hub/session/7a112790-1403-4bf5-b86b-e9f47f5ec80a/element] with body: {"strategy":"id","selector":"com.androidsample.generalstore:id/totalAmountLbl","context":"","multiple":false}
[debug] &amp#27;[35m[WD Proxy]&amp#27;[39m Got response with status 200: {"sessionId":"7a112790-1403-4bf5-b86b-e9f47f5ec80a","value":{"ELEMENT":"f85bc3c9-9960-476b-8426-7bdeb5067d58","element-6066-11e4-a52e-4f735466cecf":"f85bc3c9-9960-476b-8426-7bdeb5067d58"}}
[debug] &amp#27;[35m[W3C (bf0a9df7)]&amp#27;[39m Responding to client with driver.findElement() result: {"element-6066-11e4-a52e-4f735466cecf":"f85bc3c9-9960-476b-8426-7bdeb5067d58","ELEMENT":"f85bc3c9-9960-476b-8426-7bdeb5067d58"}
&amp#27;[35m[HTTP]&amp#27;[39m &amp#27;[37m<-- POST /wd/hub/session/bf0a9df7-e214-4c50-9f42-c2e90a900e0a/element &amp#27;[39m&amp#27;[32m200&amp#27;[39m &amp#27;[90m48 ms - 137&amp#27;[39m
&amp#27;[35m[HTTP]&amp#27;[39m &amp#27;[90m&amp#27;[39m
&amp#27;[35m[HTTP]&amp#27;[39m &amp#27;[37m-->&amp#27;[39m &amp#27;[37mGET&amp#27;[39m &amp#27;[37m/wd/hub/session/bf0a9df7-e214-4c50-9f42-c2e90a900e0a/element/f85bc3c9-9960-476b-8426-7bdeb5067d58/text&amp#27;[39m
&amp#27;[35m[HTTP]&amp#27;[39m &amp#27;[90m{}&amp#27;[39m
&amp#27;[35m[W3C (bf0a9df7)]&amp#27;[39m Driver proxy active, passing request on via HTTP proxy
[debug] &amp#27;[35m[WD Proxy]&amp#27;[39m Matched '/wd/hub/session/bf0a9df7-e214-4c50-9f42-c2e90a900e0a/element/f85bc3c9-9960-476b-8426-7bdeb5067d58/text' to command name 'getText'
[debug] &amp#27;[35m[WD Proxy]&amp#27;[39m Proxying [GET /wd/hub/session/bf0a9df7-e214-4c50-9f42-c2e90a900e0a/element/f85bc3c9-9960-476b-8426-7bdeb5067d58/text] to [GET http://127.0.0.1:8200/wd/hub/session/7a112790-1403-4bf5-b86b-e9f47f5ec80a/element/f85bc3c9-9960-476b-8426-7bdeb5067d58/text] with body: {}
[debug] &amp#27;[35m[WD Proxy]&amp#27;[39m Got response with status 200: {"sessionId":"7a112790-1403-4bf5-b86b-e9f47f5ec80a","value":"$ 280.97"}
&amp#27;[35m[WD Proxy]&amp#27;[39m Replacing sessionId 7a112790-1403-4bf5-b86b-e9f47f5ec80a with bf0a9df7-e214-4c50-9f42-c2e90a900e0a
&amp#27;[35m[HTTP]&amp#27;[39m &amp#27;[37m<-- GET /wd/hub/session/bf0a9df7-e214-4c50-9f42-c2e90a900e0a/element/f85bc3c9-9960-476b-8426-7bdeb5067d58/text &amp#27;[39m&amp#27;[32m200&amp#27;[39m &amp#27;[90m22 ms - 71&amp#27;[39m
&amp#27;[35m[HTTP]&amp#27;[39m &amp#27;[90m&amp#27;[39m
&amp#27;[35m[HTTP]&amp#27;[39m &amp#27;[37m-->&amp#27;[39m &amp#27;[37mPOST&amp#27;[39m &amp#27;[37m/wd/hub/session/bf0a9df7-e214-4c50-9f42-c2e90a900e0a/element&amp#27;[39m
&amp#27;[35m[HTTP]&amp#27;[39m &amp#27;[90m{"using":"class name","value":"android.widget.CheckBox"}&amp#27;[39m
[debug] &amp#27;[35m[W3C (bf0a9df7)]&amp#27;[39m Calling AppiumDriver.findElement() with args: ["class name","android.widget.CheckBox","bf0a9df7-e214-4c50-9f42-c2e90a900e0a"]
[debug] &amp#27;[35m[BaseDriver]&amp#27;[39m Valid locator strategies for this request: xpath, id, class name, accessibility id, -android uiautomator
[debug] &amp#27;[35m[BaseDriver]&amp#27;[39m Waiting up to 30000 ms for condition
[debug] &amp#27;[35m[WD Proxy]&amp#27;[39m Matched '/element' to command name 'findElement'
[debug] &amp#27;[35m[WD Proxy]&amp#27;[39m Proxying [POST /element] to [POST http://127.0.0.1:8200/wd/hub/session/7a112790-1403-4bf5-b86b-e9f47f5ec80a/element] with body: {"strategy":"class name","selector":"android.widget.CheckBox","context":"","multiple":false}
[debug] &amp#27;[35m[WD Proxy]&amp#27;[39m Got response with status 200: {"sessionId":"7a112790-1403-4bf5-b86b-e9f47f5ec80a","value":{"ELEMENT":"9fbd9176-5900-4640-9225-d9a1345e583c","element-6066-11e4-a52e-4f735466cecf":"9fbd9176-5900-4640-9225-d9a1345e583c"}}
[debug] &amp#27;[35m[W3C (bf0a9df7)]&amp#27;[39m Responding to client with driver.findElement() result: {"element-6066-11e4-a52e-4f735466cecf":"9fbd9176-5900-4640-9225-d9a1345e583c","ELEMENT":"9fbd9176-5900-4640-9225-d9a1345e583c"}
&amp#27;[35m[HTTP]&amp#27;[39m &amp#27;[37m<-- POST /wd/hub/session/bf0a9df7-e214-4c50-9f42-c2e90a900e0a/element &amp#27;[39m&amp#27;[32m200&amp#27;[39m &amp#27;[90m36 ms - 137&amp#27;[39m
&amp#27;[35m[HTTP]&amp#27;[39m &amp#27;[90m&amp#27;[39m
&amp#27;[35m[HTTP]&amp#27;[39m &amp#27;[37m-->&amp#27;[39m &amp#27;[37mPOST&amp#27;[39m &amp#27;[37m/wd/hub/session/bf0a9df7-e214-4c50-9f42-c2e90a900e0a/touch/perform&amp#27;[39m
&amp#27;[35m[HTTP]&amp#27;[39m &amp#27;[90m{"actions":[{"action":"tap","options":{"element":"9fbd9176-5900-4640-9225-d9a1345e583c"}}]}&amp#27;[39m
[debug] &amp#27;[35m[W3C (bf0a9df7)]&amp#27;[39m Calling AppiumDriver.performTouch() with args: [[{"action":"tap","options":{"element":"9fbd9176-5900-4640-9225-d9a1345e583c"}}],"bf0a9df7-e214-4c50-9f42-c2e90a900e0a"]
&amp#27;[35m[UiAutomator2]&amp#27;[39m calling get location: 9fbd9176-5900-4640-9225-d9a1345e583c
[debug] &amp#27;[35m[WD Proxy]&amp#27;[39m Matched '/element/9fbd9176-5900-4640-9225-d9a1345e583c/location' to command name 'getLocation'
[debug] &amp#27;[35m[WD Proxy]&amp#27;[39m Proxying [GET /element/9fbd9176-5900-4640-9225-d9a1345e583c/location] to [GET http://127.0.0.1:8200/wd/hub/session/7a112790-1403-4bf5-b86b-e9f47f5ec80a/element/9fbd9176-5900-4640-9225-d9a1345e583c/location] with body: {}
[debug] &amp#27;[35m[WD Proxy]&amp#27;[39m Got response with status 200: {"sessionId":"7a112790-1403-4bf5-b86b-e9f47f5ec80a","value":{"x":44,"y":1650}}
[debug] &amp#27;[35m[WD Proxy]&amp#27;[39m Matched '/element/9fbd9176-5900-4640-9225-d9a1345e583c/size' to command name 'getSize'
[debug] &amp#27;[35m[WD Proxy]&amp#27;[39m Proxying [GET /element/9fbd9176-5900-4640-9225-d9a1345e583c/size] to [GET http://127.0.0.1:8200/wd/hub/session/7a112790-1403-4bf5-b86b-e9f47f5ec80a/element/9fbd9176-5900-4640-9225-d9a1345e583c/size] with body: {}
[debug] &amp#27;[35m[WD Proxy]&amp#27;[39m Got response with status 200: {"sessionId":"7a112790-1403-4bf5-b86b-e9f47f5ec80a","value":{"width":975,"height":88}}
[debug] &amp#27;[35m[WD Proxy]&amp#27;[39m Matched '/element/9fbd9176-5900-4640-9225-d9a1345e583c/click' to command name 'click'
[debug] &amp#27;[35m[WD Proxy]&amp#27;[39m Proxying [POST /element/9fbd9176-5900-4640-9225-d9a1345e583c/click] to [POST http://127.0.0.1:8200/wd/hub/session/7a112790-1403-4bf5-b86b-e9f47f5ec80a/element/9fbd9176-5900-4640-9225-d9a1345e583c/click] with body: {"element":"9fbd9176-5900-4640-9225-d9a1345e583c","x":531.5,"y":1694}
[debug] &amp#27;[35m[WD Proxy]&amp#27;[39m Got response with status 200: {"sessionId":"7a112790-1403-4bf5-b86b-e9f47f5ec80a","value":null}
[debug] &amp#27;[35m[W3C (bf0a9df7)]&amp#27;[39m Responding to client with driver.performTouch() result: null
&amp#27;[35m[HTTP]&amp#27;[39m &amp#27;[37m<-- POST /wd/hub/session/bf0a9df7-e214-4c50-9f42-c2e90a900e0a/touch/perform &amp#27;[39m&amp#27;[32m200&amp#27;[39m &amp#27;[90m98 ms - 14&amp#27;[39m
&amp#27;[35m[HTTP]&amp#27;[39m &amp#27;[90m&amp#27;[39m
&amp#27;[35m[HTTP]&amp#27;[39m &amp#27;[37m-->&amp#27;[39m &amp#27;[37mPOST&amp#27;[39m &amp#27;[37m/wd/hub/session/bf0a9df7-e214-4c50-9f42-c2e90a900e0a/element&amp#27;[39m
&amp#27;[35m[HTTP]&amp#27;[39m &amp#27;[90m{"using":"xpath","value":"//*[@text=\"Please read our terms of conditions\"]"}&amp#27;[39m
[debug] &amp#27;[35m[W3C (bf0a9df7)]&amp#27;[39m Calling AppiumDriver.findElement() with args: ["xpath","//*[@text=\"Please read our terms of conditions\"]","bf0a9df7-e214-4c50-9f42-c2e90a900e0a"]
[debug] &amp#27;[35m[BaseDriver]&amp#27;[39m Valid locator strategies for this request: xpath, id, class name, accessibility id, -android uiautomator
[debug] &amp#27;[35m[BaseDriver]&amp#27;[39m Waiting up to 30000 ms for condition
[debug] &amp#27;[35m[WD Proxy]&amp#27;[39m Matched '/element' to command name 'findElement'
[debug] &amp#27;[35m[WD Proxy]&amp#27;[39m Proxying [POST /element] to [POST http://127.0.0.1:8200/wd/hub/session/7a112790-1403-4bf5-b86b-e9f47f5ec80a/element] with body: {"strategy":"xpath","selector":"//*[@text=\"Please read our terms of conditions\"]","context":"","multiple":false}
[debug] &amp#27;[35m[WD Proxy]&amp#27;[39m Got response with status 200: {"sessionId":"7a112790-1403-4bf5-b86b-e9f47f5ec80a","value":{"ELEMENT":"9979408a-62af-452a-a13e-9ee41d8091d4","element-6066-11e4-a52e-4f735466cecf":"9979408a-62af-452a-a13e-9ee41d8091d4"}}
[debug] &amp#27;[35m[W3C (bf0a9df7)]&amp#27;[39m Responding to client with driver.findElement() result: {"element-6066-11e4-a52e-4f735466cecf":"9979408a-62af-452a-a13e-9ee41d8091d4","ELEMENT":"9979408a-62af-452a-a13e-9ee41d8091d4"}
&amp#27;[35m[HTTP]&amp#27;[39m &amp#27;[37m<-- POST /wd/hub/session/bf0a9df7-e214-4c50-9f42-c2e90a900e0a/element &amp#27;[39m&amp#27;[32m200&amp#27;[39m &amp#27;[90m502 ms - 137&amp#27;[39m
&amp#27;[35m[HTTP]&amp#27;[39m &amp#27;[90m&amp#27;[39m
&amp#27;[35m[HTTP]&amp#27;[39m &amp#27;[37m-->&amp#27;[39m &amp#27;[37mPOST&amp#27;[39m &amp#27;[37m/wd/hub/session/bf0a9df7-e214-4c50-9f42-c2e90a900e0a/touch/perform&amp#27;[39m
&amp#27;[35m[HTTP]&amp#27;[39m &amp#27;[90m{"actions":[{"action":"longPress","options":{"duration":3000,"element":"9979408a-62af-452a-a13e-9ee41d8091d4"}},{"action":"release","options":{}}]}&amp#27;[39m
[debug] &amp#27;[35m[W3C (bf0a9df7)]&amp#27;[39m Calling AppiumDriver.performTouch() with args: [[{"action":"longPress","options":{"duration":3000,"element":"9979408a-62af-452a-a13e-9ee41d8091d4"}},{"action":"release","options":{}}],"bf0a9df7-e214-4c50-9f42-c2e90a900e0a"]
&amp#27;[35m[UiAutomator2]&amp#27;[39m calling get location: 9979408a-62af-452a-a13e-9ee41d8091d4
[debug] &amp#27;[35m[WD Proxy]&amp#27;[39m Matched '/element/9979408a-62af-452a-a13e-9ee41d8091d4/location' to command name 'getLocation'
[debug] &amp#27;[35m[WD Proxy]&amp#27;[39m Proxying [GET /element/9979408a-62af-452a-a13e-9ee41d8091d4/location] to [GET http://127.0.0.1:8200/wd/hub/session/7a112790-1403-4bf5-b86b-e9f47f5ec80a/element/9979408a-62af-452a-a13e-9ee41d8091d4/location] with body: {}
[debug] &amp#27;[35m[WD Proxy]&amp#27;[39m Got response with status 200: {"sessionId":"7a112790-1403-4bf5-b86b-e9f47f5ec80a","value":{"x":55,"y":1983}}
[debug] &amp#27;[35m[WD Proxy]&amp#27;[39m Matched '/element/9979408a-62af-452a-a13e-9ee41d8091d4/size' to command name 'getSize'
[debug] &amp#27;[35m[WD Proxy]&amp#27;[39m Proxying [GET /element/9979408a-62af-452a-a13e-9ee41d8091d4/size] to [GET http://127.0.0.1:8200/wd/hub/session/7a112790-1403-4bf5-b86b-e9f47f5ec80a/element/9979408a-62af-452a-a13e-9ee41d8091d4/size] with body: {}
[debug] &amp#27;[35m[WD Proxy]&amp#27;[39m Got response with status 200: {"sessionId":"7a112790-1403-4bf5-b86b-e9f47f5ec80a","value":{"width":970,"height":83}}
[debug] &amp#27;[35m[WD Proxy]&amp#27;[39m Matched '/touch/longclick' to command name 'touchLongClick'
[debug] &amp#27;[35m[WD Proxy]&amp#27;[39m Proxying [POST /touch/longclick] to [POST http://127.0.0.1:8200/wd/hub/session/7a112790-1403-4bf5-b86b-e9f47f5ec80a/touch/longclick] with body: {"params":{"element":"9979408a-62af-452a-a13e-9ee41d8091d4","x":540,"y":2024.5,"duration":3000}}
[debug] &amp#27;[35m[WD Proxy]&amp#27;[39m Got response with status 200: {"sessionId":"7a112790-1403-4bf5-b86b-e9f47f5ec80a","value":null}
[debug] &amp#27;[35m[W3C (bf0a9df7)]&amp#27;[39m Responding to client with driver.performTouch() result: null
&amp#27;[35m[HTTP]&amp#27;[39m &amp#27;[37m<-- POST /wd/hub/session/bf0a9df7-e214-4c50-9f42-c2e90a900e0a/touch/perform &amp#27;[39m&amp#27;[32m200&amp#27;[39m &amp#27;[90m4637 ms - 14&amp#27;[39m
&amp#27;[35m[HTTP]&amp#27;[39m &amp#27;[90m&amp#27;[39m
&amp#27;[35m[HTTP]&amp#27;[39m &amp#27;[37m-->&amp#27;[39m &amp#27;[37mPOST&amp#27;[39m &amp#27;[37m/wd/hub/session/bf0a9df7-e214-4c50-9f42-c2e90a900e0a/element&amp#27;[39m
&amp#27;[35m[HTTP]&amp#27;[39m &amp#27;[90m{"using":"xpath","value":"//*[@text=\"CLOSE\"]"}&amp#27;[39m
[debug] &amp#27;[35m[W3C (bf0a9df7)]&amp#27;[39m Calling AppiumDriver.findElement() with args: ["xpath","//*[@text=\"CLOSE\"]","bf0a9df7-e214-4c50-9f42-c2e90a900e0a"]
[debug] &amp#27;[35m[BaseDriver]&amp#27;[39m Valid locator strategies for this request: xpath, id, class name, accessibility id, -android uiautomator
[debug] &amp#27;[35m[BaseDriver]&amp#27;[39m Waiting up to 30000 ms for condition
[debug] &amp#27;[35m[WD Proxy]&amp#27;[39m Matched '/element' to command name 'findElement'
[debug] &amp#27;[35m[WD Proxy]&amp#27;[39m Proxying [POST /element] to [POST http://127.0.0.1:8200/wd/hub/session/7a112790-1403-4bf5-b86b-e9f47f5ec80a/element] with body: {"strategy":"xpath","selector":"//*[@text=\"CLOSE\"]","context":"","multiple":false}
[...]
&amp#27;[35m[HTTP]&amp#27;[39m &amp#27;[37m-->&amp#27;[39m &amp#27;[37mPOST&amp#27;[39m &amp#27;[37m/wd/hub/session/bf0a9df7-e214-4c50-9f42-c2e90a900e0a/element/d041ded9-2d86-4016-884d-ecab57972c65/click&amp#27;[39m
&amp#27;[35m[HTTP]&amp#27;[39m &amp#27;[90m{"id":"d041ded9-2d86-4016-884d-ecab57972c65"}&amp#27;[39m
[debug] &amp#27;[35m[W3C (bf0a9df7)]&amp#27;[39m Calling AppiumDriver.click() with args: ["d041ded9-2d86-4016-884d-ecab57972c65","bf0a9df7-e214-4c50-9f42-c2e90a900e0a"]
[debug] &amp#27;[35m[WD Proxy]&amp#27;[39m Matched '/element/d041ded9-2d86-4016-884d-ecab57972c65/click' to command name 'click'
[debug] &amp#27;[35m[WD Proxy]&amp#27;[39m Proxying [POST /element/d041ded9-2d86-4016-884d-ecab57972c65/click] to [POST http://127.0.0.1:8200/wd/hub/session/7a112790-1403-4bf5-b86b-e9f47f5ec80a/element/d041ded9-2d86-4016-884d-ecab57972c65/click] with body: {"element":"d041ded9-2d86-4016-884d-ecab57972c65"}
[debug] &amp#27;[35m[WD Proxy]&amp#27;[39m Got response with status 200: {"sessionId":"7a112790-1403-4bf5-b86b-e9f47f5ec80a","value":null}
[debug] &amp#27;[35m[W3C (bf0a9df7)]&amp#27;[39m Responding to client with driver.click() result: null
&amp#27;[35m[HTTP]&amp#27;[39m &amp#27;[37m<-- POST /wd/hub/session/bf0a9df7-e214-4c50-9f42-c2e90a900e0a/element/d041ded9-2d86-4016-884d-ecab57972c65/click &amp#27;[39m&amp#27;[32m200&amp#27;[39m &amp#27;[90m28 ms - 14&amp#27;[39m
&amp#27;[35m[HTTP]&amp#27;[39m &amp#27;[90m&amp#27;[39m
&amp#27;[35m[HTTP]&amp#27;[39m &amp#27;[37m-->&amp#27;[39m &amp#27;[37mGET&amp#27;[39m &amp#27;[37m/wd/hub/session/bf0a9df7-e214-4c50-9f42-c2e90a900e0a/contexts&amp#27;[39m
&amp#27;[35m[HTTP]&amp#27;[39m &amp#27;[90m{}&amp#27;[39m
[debug] &amp#27;[35m[W3C (bf0a9df7)]&amp#27;[39m Calling AppiumDriver.getContexts() with args: ["bf0a9df7-e214-4c50-9f42-c2e90a900e0a"]
[debug] &amp#27;[35m[AndroidDriver]&amp#27;[39m Getting a list of available webviews
[debug] &amp#27;[35m[ADB]&amp#27;[39m Running 'C:\Users\AnjaliJha\AppData\Local\Android\Sdk\platform-tools\adb.exe -P 5037 -s emulator-5554 shell cat /proc/net/unix'
&amp#27;[35m[AndroidDriver]&amp#27;[39m Not checking whether webviews have active pages; use the 'ensureWebviewsHavePages' cap to turn this check on
[debug] &amp#27;[35m[AndroidDriver]&amp#27;[39m WEBVIEW_17294 mapped to pid 17294
[debug] &amp#27;[35m[AndroidDriver]&amp#27;[39m Getting process name for webview
[debug] &amp#27;[35m[ADB]&amp#27;[39m Running 'C:\Users\AnjaliJha\AppData\Local\Android\Sdk\platform-tools\adb.exe -P 5037 -s emulator-5554 shell ps'
[debug] &amp#27;[35m[AndroidDriver]&amp#27;[39m Parsed pid: '17294' pkg: 'com.androidsample.generalstore' from
[debug] &amp#27;[35m[AndroidDriver]&amp#27;[39m     USER           PID  PPID     VSZ    RSS WCHAN            ADDR S NAME
[debug] &amp#27;[35m[AndroidDriver]&amp#27;[39m     u0_a206      17294  1515 1606492 149048 futex_wait_queue_me 0 S com.androidsample.generalstore
[debug] &amp#27;[35m[AndroidDriver]&amp#27;[39m Returning process name: 'com.androidsample.generalstore'
[debug] &amp#27;[35m[AndroidDriver]&amp#27;[39m Found webviews: ["WEBVIEW_com.androidsample.generalstore","WEBVIEW_chrome"]
[debug] &amp#27;[35m[AndroidDriver]&amp#27;[39m Available contexts: ["NATIVE_APP","WEBVIEW_com.androidsample.generalstore","WEBVIEW_chrome"]
[debug] &amp#27;[35m[W3C (bf0a9df7)]&amp#27;[39m Responding to client with driver.getContexts() result: ["NATIVE_APP","WEBVIEW_com.androidsample.generalstore","WEBVIEW_chrome"]
&amp#27;[35m[HTTP]&amp#27;[39m &amp#27;[37m<-- GET /wd/hub/session/bf0a9df7-e21NATIVE_APP
4-WEBVIEW_com.androidsample.generalstore
4c50WEBVIEW_chrome
-9f42-c2e90a900e0a/contexts &amp#27;[39m&amp#27;[32m200&amp#27;[39m &amp#27;[90m336 ms - 82&amp#27;[39m
&amp#27;[35m[HTTP]&amp#27;[39m &amp#27;[90m&amp#27;[39m
&amp#27;[35m[HTTP]&amp#27;[39m &amp#27;[37m-->&amp#27;[39m &amp#27;[37mPOST&amp#27;[39m &amp#27;[37m/wd/hub/session/bf0a9df7-e214-4c50-9f42-c2e90a900e0a/context&amp#27;[39m
&amp#27;[35m[HTTP]&amp#27;[39m &amp#27;[90m{"name":"WEBVIEW_com.androidsample.generalstore"}&amp#27;[39m
[debug] &amp#27;[35m[W3C (bf0a9df7)]&amp#27;[39m Calling AppiumDriver.setContext() with args: ["WEBVIEW_com.androidsample.generalstore","bf0a9df7-e214-4c50-9f42-c2e90a900e0a"]
[debug] &amp#27;[35m[AndroidDriver]&amp#27;[39m Getting a list of available webviews
[debug] &amp#27;[35m[ADB]&amp#27;[39m Running 'C:\Users\AnjaliJha\AppData\Local\Android\Sdk\platform-tools\adb.exe -P 5037 -s emulator-5554 shell cat /proc/net/unix'
&amp#27;[35m[AndroidDriver]&amp#27;[39m Not checking whether webviews have active pages; use the 'ensureWebviewsHavePages' cap to turn this check on
[debug] &amp#27;[35m[AndroidDriver]&amp#27;[39m WEBVIEW_17294 mapped to pid 17294
[debug] &amp#27;[35m[AndroidDriver]&amp#27;[39m Getting process name for webview
[debug] &amp#27;[35m[ADB]&amp#27;[39m Running 'C:\Users\AnjaliJha\AppData\Local\Android\Sdk\platform-tools\adb.exe -P 5037 -s emulator-5554 shell ps'
[debug] &amp#27;[35m[AndroidDriver]&amp#27;[39m Parsed pid: '17294' pkg: 'com.androidsample.generalstore' from
[debug] &amp#27;[35m[AndroidDriver]&amp#27;[39m     USER           PID  PPID     VSZ    RSS WCHAN            ADDR S NAME
[debug] &amp#27;[35m[AndroidDriver]&amp#27;[39m     u0_a206      17294  1515 1622056 154212 futex_wait_queue_me 0 S com.androidsample.generalstore
[debug] &amp#27;[35m[AndroidDriver]&amp#27;[39m Returning process name: 'com.androidsample.generalstore'
[debug] &amp#27;[35m[AndroidDriver]&amp#27;[39m Found webviews: ["WEBVIEW_com.androidsample.generalstore","WEBVIEW_chrome"]
[debug] &amp#27;[35m[AndroidDriver]&amp#27;[39m Available contexts: ["NATIVE_APP","WEBVIEW_com.androidsample.generalstore","WEBVIEW_chrome"]
[debug] &amp#27;[35m[AndroidDriver]&amp#27;[39m Connecting to chrome-backed webview context 'WEBVIEW_com.androidsample.generalstore'
[debug] &amp#27;[35m[AndroidDriver]&amp#27;[39m A port was not given, using random free port: 8000
[debug] &amp#27;[35m[AndroidDriver]&amp#27;[39m Automated Chromedriver download is disabled. Use 'chromedriver_autodownload' server feature to enable it
[debug] &amp#27;[35m[AndroidDriver]&amp#27;[39m Before starting chromedriver, androidPackage is 'com.androidsample.generalstore'
[debug] &amp#27;[35m[Chromedriver]&amp#27;[39m Changed state to 'starting'
&amp#27;[35m[Chromedriver]&amp#27;[39m Set chromedriver binary as: C:\Users\AnjaliJha\Desktop\SDETLearn\Appium\chromedriver.exe
[debug] &amp#27;[35m[Chromedriver]&amp#27;[39m Killing any old chromedrivers, running: wmic process where "commandline like '%chromedriver.exe%--port=8000%'" delete
[debug] &amp#27;[35m[Chromedriver]&amp#27;[39m Successfully cleaned up old chromedrivers
[debug] &amp#27;[35m[Chromedriver]&amp#27;[39m Cleaning any old adb forwarded port socket connections
[debug] &amp#27;[35m[ADB]&amp#27;[39m List forwarding ports
[debug] &amp#27;[35m[ADB]&amp#27;[39m Running 'C:\Users\AnjaliJha\AppData\Local\Android\Sdk\platform-tools\adb.exe -P 5037 -s emulator-5554 forward --list'
&amp#27;[35m[Chromedriver]&amp#27;[39m Spawning chromedriver with: C:\Users\AnjaliJha\Desktop\SDETLearn\Appium\chromedriver.exe --url-base=wd/hub --port=8000 --adb-port=5037 --verbose
[debug] &amp#27;[35m[Chromedriver]&amp#27;[39m Chromedriver version: '87.0.4280.88'
[debug] &amp#27;[35m[WD Proxy]&amp#27;[39m Matched '/status' to command name 'getStatus'
[debug] &amp#27;[35m[WD Proxy]&amp#27;[39m Proxying [GET /status] to [GET http://127.0.0.1:8000/wd/hub/status] with no body
&amp#27;[35m[WD Proxy]&amp#27;[39m Got response with unknown status: {"errno":-4078,"code":"ECONNREFUSED","syscall":"connect","address":"127.0.0.1","port":8000}
[debug] &amp#27;[35m[WD Proxy]&amp#27;[39m Matched '/status' to command name 'getStatus'
[debug] &amp#27;[35m[WD Proxy]&amp#27;[39m Proxying [GET /status] to [GET http://127.0.0.1:8000/wd/hub/status] with no body
[debug] &amp#27;[35m[WD Proxy]&amp#27;[39m Got response with status 200: {"value":{"build":{"version":"87.0.4280.88 (89e2380a3e36c3464b5dd1302349b1382549290d-refs/branch-heads/4280@{#1761})"},"message":"ChromeDriver ready for new sessions.","os":{"arch":"x86_64","name":"Windows NT","version":"10.0.19041"},"ready":true}}
&amp#27;[35m[Chromedriver]&amp#27;[39m Starting W3C Chromedriver session with capabilities: {
&amp#27;[35m[Chromedriver]&amp#27;[39m   "capabilities": {
&amp#27;[35m[Chromedriver]&amp#27;[39m     "alwaysMatch": {
&amp#27;[35m[Chromedriver]&amp#27;[39m       "goog:chromeOptions": {
&amp#27;[35m[Chromedriver]&amp#27;[39m         "androidPackage": "com.androidsample.generalstore",
&amp#27;[35m[Chromedriver]&amp#27;[39m         "androidUseRunningApp": true,
&amp#27;[35m[Chromedriver]&amp#27;[39m         "androidDeviceSerial": "emulator-5554"
&amp#27;[35m[Chromedriver]&amp#27;[39m       },
&amp#27;[35m[Chromedriver]&amp#27;[39m       "goog:loggingPrefs": {
&amp#27;[35m[Chromedriver]&amp#27;[39m         "browser": "ALL"
&amp#27;[35m[Chromedriver]&amp#27;[39m       }
&amp#27;[35m[Chromedriver]&amp#27;[39m     }
&amp#27;[35m[Chromedriver]&amp#27;[39m   }
&amp#27;[35m[Chromedriver]&amp#27;[39m }
[debug] &amp#27;[35m[WD Proxy]&amp#27;[39m Matched '/session' to command name 'createSession'
[debug] &amp#27;[35m[WD Proxy]&amp#27;[39m Proxying [POST /session] to [POST http://127.0.0.1:8000/wd/hub/session] with body: {"capabilities":{"alwaysMatch":{"goog:chromeOptions":{"androidPackage":"com.androidsample.generalstore","androidUseRunningApp":true,"androidDeviceSerial":"emulator-5554"},"goog:loggingPrefs":{"browser":"ALL"}}}}
[debug] &amp#27;[35m[Chromedriver]&amp#27;[39m Webview version: 'Chrome/87.0.4280.141'
[debug] &amp#27;[35m[WD Proxy]&amp#27;[39m Got response with status 200: {"value":{"capabilities":{"acceptInsecureCerts":false,"browserName":"chrome","browserVersion":"87.0.4280.141","chrome":{"chromedriverVersion":"87.0.4280.88 (89e2380a3e36c3464b5dd1302349b1382549290d-refs/branch-heads/4280@{#1761})"},"goog:chromeOptions":{"debuggerAddress":"localhost:55793"},"pageLoadStrategy":"normal","platformName":"android","proxy":{},"setWindowRect":false,"strictFileInteractability":false,"timeouts":{"implicit":0,"pageLoad":300000,"script":30000},"unhandledPromptBehavior":"dismiss and notify","webauthn:virtualAuthenticators":false},"sessionId":"7074afb1ebb9582d78a4c44435fb844d"}}
&amp#27;[35m[WD Proxy]&amp#27;[39m Determined the downstream protocol as 'W3C'
[debug] &amp#27;[35m[Chromedriver]&amp#27;[39m Changed state to 'online'
[debug] &amp#27;[35m[W3C (bf0a9df7)]&amp#27;[39m Responding to client with driver.setContext() result: null
&amp#27;[35m[HTTP]&amp#27;[39m &amp#27;[37m<-- POST /wd/hub/session/bf0a9df7-e214-4c50-9f42-c2e90a900e0a/context &amp#27;[39m&amp#27;[32m200&amp#27;[39m &amp#27;[90m5092 ms - 14&amp#27;[39m
&amp#27;[35m[HTTP]&amp#27;[39m &amp#27;[90m&amp#27;[39m
&amp#27;[35m[HTTP]&amp#27;[39m &amp#27;[37m-->&amp#27;[39m &amp#27;[37mPOST&amp#27;[39m &amp#27;[37m/wd/hub/session/bf0a9df7-e214-4c50-9f42-c2e90a900e0a/element&amp#27;[39m
&amp#27;[35m[HTTP]&amp#27;[39m &amp#27;[90m{"using":"xpath","value":"//*[@name=\"q\"]"}&amp#27;[39m
&amp#27;[35m[W3C (bf0a9df7)]&amp#27;[39m Driver proxy active, passing request on via HTTP proxy
[debug] &amp#27;[35m[WD Proxy]&amp#27;[39m Matched '/wd/hub/session/bf0a9df7-e214-4c50-9f42-c2e90a900e0a/element' to command name 'findElement'
[debug] &amp#27;[35m[WD Proxy]&amp#27;[39m Proxying [POST /wd/hub/session/bf0a9df7-e214-4c50-9f42-c2e90a900e0a/element] to [POST http://127.0.0.1:8000/wd/hub/session/7074afb1ebb9582d78a4c44435fb844d/element] with body: {"using":"xpath","value":"//*[@name=\"q\"]"}
[debug] &amp#27;[35m[WD Proxy]&amp#27;[39m Got response with status 200: {"value":{"element-6066-11e4-a52e-4f735466cecf":"5b233e8a-47c4-4d05-a437-7aba36a52aee"}}
&amp#27;[35m[HTTP]&amp#27;[39m &amp#27;[37m<-- POST /wd/hub/session/bf0a9df7-e214-4c50-9f42-c2e90a900e0a/element &amp#27;[39m&amp#27;[32m200&amp#27;[39m &amp#27;[90m88 ms - 137&amp#27;[39m
&amp#27;[35m[HTTP]&amp#27;[39m &amp#27;[90m&amp#27;[39m
&amp#27;[35m[HTTP]&amp#27;[39m &amp#27;[37m-->&amp#27;[39m &amp#27;[37mPOST&amp#27;[39m &amp#27;[37m/wd/hub/session/bf0a9df7-e214-4c50-9f42-c2e90a900e0a/element/5b233e8a-47c4-4d05-a437-7aba36a52aee/value&amp#27;[39m
&amp#27;[35m[HTTP]&amp#27;[39m &amp#27;[90m{"id":"5b233e8a-47c4-4d05-a437-7aba36a52aee","text":"IBM","value":["I","B","M"]}&amp#27;[39m
&amp#27;[35m[W3C (bf0a9df7)]&amp#27;[39m Driver proxy active, passing request on via HTTP proxy
[debug] &amp#27;[35m[WD Proxy]&amp#27;[39m Matched '/wd/hub/session/bf0a9df7-e214-4c50-9f42-c2e90a900e0a/element/5b233e8a-47c4-4d05-a437-7aba36a52aee/value' to command name 'setValue'
[debug] &amp#27;[35m[WD Proxy]&amp#27;[39m Proxying [POST /wd/hub/session/bf0a9df7-e214-4c50-9f42-c2e90a900e0a/element/5b233e8a-47c4-4d05-a437-7aba36a52aee/value] to [POST http://127.0.0.1:8000/wd/hub/session/7074afb1ebb9582d78a4c44435fb844d/element/5b233e8a-47c4-4d05-a437-7aba36a52aee/value] with body: {"id":"5b233e8a-47c4-4d05-a437-7aba36a52aee","text":"IBM","value":["I","B","M"]}
[debug] &amp#27;[35m[WD Proxy]&amp#27;[39m Got response with status 200: {"value":null}
&amp#27;[35m[HTTP]&amp#27;[39m &amp#27;[37m<-- POST /wd/hub/session/bf0a9df7-e214-4c50-9f42-c2e90a900e0a/element/5b233e8a-47c4-4d05-a437-7aba36a52aee/value &amp#27;[39m&amp#27;[32m200&amp#27;[39m &amp#27;[90m999 ms - 14&amp#27;[39m
&amp#27;[35m[HTTP]&amp#27;[39m &amp#27;[90m&amp#27;[39m
&amp#27;[35m[HTTP]&amp#27;[39m &amp#27;[37m-->&amp#27;[39m &amp#27;[37mPOST&amp#27;[39m &amp#27;[37m/wd/hub/session/bf0a9df7-e214-4c50-9f42-c2e90a900e0a/element&amp#27;[39m
&amp#27;[35m[HTTP]&amp#27;[39m &amp#27;[90m{"using":"xpath","value":"//*[@name=\"q\"]"}&amp#27;[39m
&amp#27;[35m[W3C (bf0a9df7)]&amp#27;[39m Driver proxy active, passing request on via HTTP proxy
[debug] &amp#27;[35m[WD Proxy]&amp#27;[39m Matched '/wd/hub/session/bf0a9df7-e214-4c50-9f42-c2e90a900e0a/element' to command name 'findElement'
[debug] &amp#27;[35m[WD Proxy]&amp#27;[39m Proxying [POST /wd/hub/session/bf0a9df7-e214-4c50-9f42-c2e90a900e0a/element] to [POST http://127.0.0.1:8000/wd/hub/session/7074afb1ebb9582d78a4c44435fb844d/element] with body: {"using":"xpath","value":"//*[@name=\"q\"]"}
[debug] &amp#27;[35m[WD Proxy]&amp#27;[39m Got response with status 200: {"value":{"element-6066-11e4-a52e-4f735466cecf":"5b233e8a-47c4-4d05-a437-7aba36a52aee"}}
&amp#27;[35m[HTTP]&amp#27;[39m &amp#27;[37m<-- POST /wd/hub/session/bf0a9df7-e214-4c50-9f42-c2e90a900e0a/element &amp#27;[39m&amp#27;[32m200&amp#27;[39m &amp#27;[90m400 ms - 137&amp#27;[39m
&amp#27;[35m[HTTP]&amp#27;[39m &amp#27;[90m&amp#27;[39m
&amp#27;[35m[HTTP]&amp#27;[39m &amp#27;[37m-->&amp#27;[39m &amp#27;[37mPOST&amp#27;[39m &amp#27;[37m/wd/hub/session/bf0a9df7-e214-4c50-9f42-c2e90a900e0a/element/5b233e8a-47c4-4d05-a437-7aba36a52aee/value&amp#27;[39m
&amp#27;[35m[HTTP]&amp#27;[39m &amp#27;[90m{"id":"5b233e8a-47c4-4d05-a437-7aba36a52aee","text":"î€‡","value":["î€‡"]}&amp#27;[39m
&amp#27;[35m[W3C (bf0a9df7)]&amp#27;[39m Driver proxy active, passing request on via HTTP proxy
[debug] &amp#27;[35m[WD Proxy]&amp#27;[39m Matched '/wd/hub/session/bf0a9df7-e214-4c50-9f42-c2e90a900e0a/element/5b233e8a-47c4-4d05-a437-7aba36a52aee/value' to command name 'setValue'
[debug] &amp#27;[35m[WD Proxy]&amp#27;[39m Proxying [POST /wd/hub/session/bf0a9df7-e214-4c50-9f42-c2e90a900e0a/element/5b233e8a-47c4-4d05-a437-7aba36a52aee/value] to [POST http://127.0.0.1:8000/wd/hub/session/7074afb1ebb9582d78a4c44435fb844d/element/5b233e8a-47c4-4d05-a437-7aba36a52aee/value] with body: {"id":"5b233e8a-47c4-4d05-a437-7aba36a52aee","text":"î€‡","value":["î€‡"]}
[debug] &amp#27;[35m[WD Proxy]&amp#27;[39m Got response with status 200: {"value":null}
&amp#27;[35m[HTTP]&amp#27;[39m &amp#27;[37m<-- POST /wd/hub/session/bf0a9df7-e214-4c50-9f42-c2e90a900e0a/element/5b233e8a-47c4-4d05-a437-7aba36a52aee/value &amp#27;[39m&amp#27;[32m200&amp#27;[39m &amp#27;[90m435 ms - 14&amp#27;[39m
&amp#27;[35m[HTTP]&amp#27;[39m &amp#27;[90m&amp#27;[39m
&amp#27;[35m[HTTP]&amp#27;[39m &amp#27;[37m-->&amp#27;[39m &amp#27;[37mPOST&amp#27;[39m &amp#27;[37m/wd/hub/session/bf0a9df7-e214-4c50-9f42-c2e90a900e0a/appium/device/press_keycode&amp#27;[39m
&amp#27;[35m[HTTP]&amp#27;[39m &amp#27;[90m{"keycode":4}&amp#27;[39m
[debug] &amp#27;[35m[W3C (bf0a9df7)]&amp#27;[39m Calling AppiumDriver.pressKeyCode() with args: [4,null,null,null,null,"bf0a9df7-e214-4c50-9f42-c2e90a900e0a"]
[debug] &amp#27;[35m[WD Proxy]&amp#27;[39m Matched '/appium/device/press_keycode' to command name 'pressKeyCode'
[debug] &amp#27;[35m[WD Proxy]&amp#27;[39m Proxying [POST /appium/device/press_keycode] to [POST http://127.0.0.1:8200/wd/hub/session/7a112790-1403-4bf5-b86b-e9f47f5ec80a/appium/device/press_keycode] with body: {"keycode":4,"metastate":null,"flags":null}
[debug] &amp#27;[35m[WD Proxy]&amp#27;[39m Got response with status 200: {"sessionId":"7a112790-1403-4bf5-b86b-e9f47f5ec80a","value":null}
[debug] &amp#27;[35m[W3C (bf0a9df7)]&amp#27;[39m Responding to client with driver.pressKeyCode() result: null
&amp#27;[35m[HTTP]&amp#27;[39m &amp#27;[37m<-- POST /wd/hub/session/bf0a9df7-e214-4c50-9f42-c2e90a900e0a/appium/device/press_keycode &amp#27;[39m&amp#27;[32m200&amp#27;[39m &amp#27;[90m678 ms - 14&amp#27;[39m
&amp#27;[35m[HTTP]&amp#27;[39m &amp#27;[90m&amp#27;[39m
&amp#27;[35m[HTTP]&amp#27;[39m &amp#27;[37m-->&amp#27;[39m &amp#27;[37mPOST&amp#27;[39m &amp#27;[37m/wd/hub/session/bf0a9df7-e214-4c50-9f42-c2e90a900e0a/context&amp#27;[39m
&amp#27;[35m[HTTP]&amp#27;[39m &amp#27;[90m{"name":"NATIVE_APP"}&amp#27;[39m
[debug] &amp#27;[35m[W3C (bf0a9df7)]&amp#27;[39m Calling AppiumDriver.setContext() with args: ["NATIVE_APP","bf0a9df7-e214-4c50-9f42-c2e90a900e0a"]
[debug] &amp#27;[35m[AndroidDriver]&amp#27;[39m Getting a list of available webviews
[debug] &amp#27;[35m[ADB]&amp#27;[39m Running 'C:\Users\AnjaliJha\AppData\Local\Android\Sdk\platform-tools\adb.exe -P 5037 -s emulator-5554 shell cat /proc/net/unix'
&amp#27;[35m[AndroidDriver]&amp#27;[39m Not checking whether webviews have active pages; use the 'ensureWebviewsHavePages' cap to turn this check on
[debug] &amp#27;[35m[AndroidDriver]&amp#27;[39m WEBVIEW_17294 mapped to pid 17294
[debug] &amp#27;[35m[AndroidDriver]&amp#27;[39m Getting process name for webview
[debug] &amp#27;[35m[ADB]&amp#27;[39m Running 'C:\Users\AnjaliJha\AppData\Local\Android\Sdk\platform-tools\adb.exe -P 5037 -s emulator-5554 shell ps'
[debug] &amp#27;[35m[AndroidDriver]&amp#27;[39m Parsed pid: '17294' pkg: 'com.androidsample.generalstore' from
[debug] &amp#27;[35m[AndroidDriver]&amp#27;[39m     USER           PID  PPID     VSZ    RSS WCHAN            ADDR S NAME
[debug] &amp#27;[35m[AndroidDriver]&amp#27;[39m     u0_a206      17294  1515 1627316 133520 futex_wait_queue_me 0 S com.androidsample.generalstore
[debug] &amp#27;[35m[AndroidDriver]&amp#27;[39m Returning process name: 'com.androidsample.generalstore'
[debug] &amp#27;[35m[AndroidDriver]&amp#27;[39m Found webviews: ["WEBVIEW_com.androidsample.generalstore","WEBVIEW_chrome"]
[debug] &amp#27;[35m[AndroidDriver]&amp#27;[39m Available contexts: ["NATIVE_APP","WEBVIEW_com.androidsample.generalstore","WEBVIEW_chrome"]
[debug] &amp#27;[35m[W3C (bf0a9df7)]&amp#27;[39m Responding to client with driver.setContext() result: null
&amp#27;[35m[HTTP]&amp#27;[39m &amp#27;[37m<-- POST /wd/hub/session/bf0a9df7-e214-4c50-9f42-c2e90a900e0a/context &amp#27;[39m&amp#27;[32m200&amp#27;[39m &amp#27;[90m551 ms - 14&amp#27;[39m
&amp#27;[35m[HTTP]&amp#27;[39m &amp#27;[90m&amp#27;[39m
]]></system-out>
    <system-err><![CDATA[SLF4J: Failed to load class "org.slf4j.impl.StaticLoggerBinder".
SLF4J: Defaulting to no-operation (NOP) logger implementation
SLF4J: See http://www.slf4j.org/codes.html#StaticLoggerBinder for further details.
Feb 01, 2021 9:43:22 AM io.appium.java_client.remote.AppiumCommandExecutor$1 lambda$0
INFO: Detected dialect: W3C
]]></system-err>
  </testcase>
</testsuite>