<?xml version="1.0" encoding="UTF-8"?>
<testsuite xmlns:xsi="http://www.w3.org/2001/XMLSchema-instance" xsi:noNamespaceSchemaLocation="https://maven.apache.org/surefire/maven-surefire-plugin/xsd/surefire-test-report-3.0.xsd" version="3.0" name="TestSuite" time="76.682" tests="1" errors="0" skipped="0" failures="0">
  <properties>
[...]
</properties>
  <testcase name="TestCart" classname="framework.appium.appiumTest" time="46.054">
    <system-out><![CDATA[&amp#27;[35m[Appium]&amp#27;[39m Welcome to Appium v1.17.1
&amp#27;[35m[Appium]&amp#27;[39m Appium REST http interface listener started on 0.0.0.0:4723
&amp#27;[35m[HTTP]&amp#27;[39m &amp#27;[37m-->&amp#27;[39m &amp#27;[37mGET&amp#27;[39m &amp#27;[37m/wd/hub/status&amp#27;[39m
&amp#27;[35m[HTTP]&amp#27;[39m &amp#27;[90m{}&amp#27;[39m
[debug] &amp#27;[35m[GENERIC]&amp#27;[39m Calling AppiumDriver.getStatus() with args: []
[debug] &amp#27;[35m[GENERIC]&amp#27;[39m Responding to client with driver.getStatus() result: {"build":{"version":"1.17.1"}}
&amp#27;[35m[HTTP]&amp#27;[39m &amp#27;[37m<-- GET /wd/hub/status &amp#27;[39m&amp#27;[32m200&amp#27;[39m &amp#27;[90m6 ms - 68&amp#27;[39m
&amp#27;[35m[HTTP]&amp#27;[39m &amp#27;[90m&amp#27;[39m
&amp#27;[35m[HTTP]&amp#27;[39m &amp#27;[37m-->&amp#27;[39m &amp#27;[37mPOST&amp#27;[39m &amp#27;[37m/wd/hub/session&amp#27;[39m
&amp#27;[35m[HTTP]&amp#27;[39m &amp#27;[90m{"desiredCapabilities":{"appActivity":"com.androidsample.generalstore.SplashActivity","appPackage":"com.androidsample.generalstore","chromedriverExecutable":"C:\\Users\\AnjaliJha\\Desktop\\SDETLearn\\Appium\\chromedriver.exe","platformName":"Android","deviceName":"AJSDET"},"capabilities":{"firstMatch":[{"appium:appActivity":"com.androidsample.generalstore.SplashActivity","appium:appPackage":"com.androidsample.generalstore","appium:chromedriverExecutable":"C:\\Users\\AnjaliJha\\Desktop\\SDETLearn\\Appium\\chromedriver.exe","appium:deviceName":"AJSDET","platformName":"android"}]}}&amp#27;[39m
[debug] &amp#27;[35m[W3C]&amp#27;[39m Calling AppiumDriver.createSession() with args: [{"appActivity":"com.androidsample.generalstore.SplashActivity","appPackage":"com.androidsample.generalstore","chromedriverExecutable":"C:\\Users\\AnjaliJha\\Desktop\\SDETLearn\\Appium\\chromedriver.exe","platformName":"Android","deviceName":"AJSDET"},null,{"firstMatch":[{"appium:appActivity":"com.androidsample.generalstore.SplashActivity","appium:appPackage":"com.androidsample.generalstore","appium:chromedriverExecutable":"C:\\Users\\AnjaliJha\\Desktop\\SDETLearn\\Appium\\chromedriver.exe","appium:deviceName":"AJSDET","platformName":"android"}]}]
[debug] &amp#27;[35m[BaseDriver]&amp#27;[39m Event 'newSessionRequested' logged at 1612194644198 (21:20:44 GMT+0530 (India Standard Time))
&amp#27;[35m[Appium]&amp#27;[39m 
&amp#27;[35m[Appium]&amp#27;[39m ======================================================================
&amp#27;[35m[Appium]&amp#27;[39m   DEPRECATION WARNING:
&amp#27;[35m[Appium]&amp#27;[39m 
&amp#27;[35m[Appium]&amp#27;[39m   The 'automationName' capability was not provided in the desired 
&amp#27;[35m[Appium]&amp#27;[39m   capabilities for this Android session
&amp#27;[35m[Appium]&amp#27;[39m 
&amp#27;[35m[Appium]&amp#27;[39m   Setting 'automationName=UiAutomator2' by default and using the 
&amp#27;[35m[Appium]&amp#27;[39m   UiAutomator2 Driver
&amp#27;[35m[Appium]&amp#27;[39m 
&amp#27;[35m[Appium]&amp#27;[39m   The next major version of Appium (2.x) will **require** the 
&amp#27;[35m[Appium]&amp#27;[39m   'automationName' capability to be set for all sessions on all 
&amp#27;[35m[Appium]&amp#27;[39m   platforms
&amp#27;[35m[Appium]&amp#27;[39m 
&amp#27;[35m[Appium]&amp#27;[39m   In previous versions (Appium <= 1.13.x), the default was 
&amp#27;[35m[Appium]&amp#27;[39m   'automationName=UiAutomator1'
&amp#27;[35m[Appium]&amp#27;[39m 
&amp#27;[35m[Appium]&amp#27;[39m   If you wish to use that automation instead of UiAutomator2, please 
&amp#27;[35m[Appium]&amp#27;[39m   add 'automationName=UiAutomator1' to your desired capabilities
&amp#27;[35m[Appium]&amp#27;[39m 
&amp#27;[35m[Appium]&amp#27;[39m   For more information about drivers, please visit 
&amp#27;[35m[Appium]&amp#27;[39m   http://appium.io/docs/en/about-appium/intro/ and explore the 
&amp#27;[35m[Appium]&amp#27;[39m   'Drivers' menu
&amp#27;[35m[Appium]&amp#27;[39m 
&amp#27;[35m[Appium]&amp#27;[39m ======================================================================
&amp#27;[35m[Appium]&amp#27;[39m 
&amp#27;[35m[Appium]&amp#27;[39m Appium v1.17.1 creating new AndroidUiautomator2Driver (v1.44.2) session
[debug] &amp#27;[35m[BaseDriver]&amp#27;[39m W3C capabilities and MJSONWP desired capabilities were provided
[debug] &amp#27;[35m[BaseDriver]&amp#27;[39m Creating session with W3C capabilities: {
[debug] &amp#27;[35m[BaseDriver]&amp#27;[39m   "alwaysMatch": {
[debug] &amp#27;[35m[BaseDriver]&amp#27;[39m     "platformName": "android",
[debug] &amp#27;[35m[BaseDriver]&amp#27;[39m     "appium:appActivity": "com.androidsample.generalstore.SplashActivity",
[debug] &amp#27;[35m[BaseDriver]&amp#27;[39m     "appium:appPackage": "com.androidsample.generalstore",
[debug] &amp#27;[35m[BaseDriver]&amp#27;[39m     "appium:chromedriverExecutable": "C:\\Users\\AnjaliJha\\Desktop\\SDETLearn\\Appium\\chromedriver.exe",
[debug] &amp#27;[35m[BaseDriver]&amp#27;[39m     "appium:deviceName": "AJSDET"
[debug] &amp#27;[35m[BaseDriver]&amp#27;[39m   },
[debug] &amp#27;[35m[BaseDriver]&amp#27;[39m   "firstMatch": [
[debug] &amp#27;[35m[BaseDriver]&amp#27;[39m     {}
[debug] &amp#27;[35m[BaseDriver]&amp#27;[39m   ]
[debug] &amp#27;[35m[BaseDriver]&amp#27;[39m }
&amp#27;[35m[BaseDriver]&amp#27;[39m Session created with session id: 398dee64-70ff-4aa8-93fe-15203e22a825
&amp#27;[35m[UiAutomator2]&amp#27;[39m Starting 'com.androidsample.generalstore' directly on the device
&amp#27;[35m[ADB]&amp#27;[39m Found 1 'build-tools' folders under 'C:\Users\AnjaliJha\AppData\Local\Android\Sdk' (newest first):
&amp#27;[35m[ADB]&amp#27;[39m     C:/Users/AnjaliJha/AppData/Local/Android/Sdk/build-tools/30.0.3
&amp#27;[35m[ADB]&amp#27;[39m Using 'adb.exe' from 'C:\Users\AnjaliJha\AppData\Local\Android\Sdk\platform-tools\adb.exe'
&amp#27;[35m[AndroidDriver]&amp#27;[39m Retrieving device list
[debug] &amp#27;[35m[ADB]&amp#27;[39m Trying to find a connected android device
[debug] &amp#27;[35m[ADB]&amp#27;[39m Getting connected devices...
[debug] &amp#27;[35m[ADB]&amp#27;[39m Connected devices: [{"udid":"emulator-5554","state":"device"}]
&amp#27;[35m[AndroidDriver]&amp#27;[39m Using device: emulator-5554
&amp#27;[35m[ADB]&amp#27;[39m Using 'adb.exe' from 'C:\Users\AnjaliJha\AppData\Local\Android\Sdk\platform-tools\adb.exe'
[debug] &amp#27;[35m[ADB]&amp#27;[39m Setting device id to emulator-5554
[debug] &amp#27;[35m[ADB]&amp#27;[39m Running 'C:\Users\AnjaliJha\AppData\Local\Android\Sdk\platform-tools\adb.exe -P 5037 -s emulator-5554 shell getprop ro.build.version.sdk'
[debug] &amp#27;[35m[ADB]&amp#27;[39m Current device property 'ro.build.version.sdk': 26
[debug] &amp#27;[35m[ADB]&amp#27;[39m Device API level: 26
&amp#27;[35m[AndroidDriver]&amp#27;[39m No app sent in, not parsing package/activity
[debug] &amp#27;[35m[ADB]&amp#27;[39m Running 'C:\Users\AnjaliJha\AppData\Local\Android\Sdk\platform-tools\adb.exe -P 5037 -s emulator-5554 wait-for-device'
[debug] &amp#27;[35m[ADB]&amp#27;[39m Running 'C:\Users\AnjaliJha\AppData\Local\Android\Sdk\platform-tools\adb.exe -P 5037 -s emulator-5554 shell echo ping'
[debug] &amp#27;[35m[AndroidDriver]&amp#27;[39m Pushing settings apk to device...
[debug] &amp#27;[35m[ADB]&amp#27;[39m Getting install status for io.appium.settings
[debug] &amp#27;[35m[ADB]&amp#27;[39m Running 'C:\Users\AnjaliJha\AppData\Local\Android\Sdk\platform-tools\adb.exe -P 5037 -s emulator-5554 shell dumpsys package io.appium.settings'
[debug] &amp#27;[35m[ADB]&amp#27;[39m 'io.appium.settings' is installed
[debug] &amp#27;[35m[ADB]&amp#27;[39m Getting package info for 'io.appium.settings'
[debug] &amp#27;[35m[ADB]&amp#27;[39m Running 'C:\Users\AnjaliJha\AppData\Local\Android\Sdk\platform-tools\adb.exe -P 5037 -s emulator-5554 shell dumpsys package io.appium.settings'
[debug] &amp#27;[35m[ADB]&amp#27;[39m The version name of the installed 'io.appium.settings' is greater or equal to the application version name ('3.1.0' >= '3.1.0')
[debug] &amp#27;[35m[ADB]&amp#27;[39m There is no need to install/upgrade 'C:\Users\AnjaliJha\AppData\Roaming\npm\node_modules\appium\node_modules\io.appium.settings\apks\settings_apk-debug.apk'
[debug] &amp#27;[35m[ADB]&amp#27;[39m Getting IDs of all 'io.appium.settings' processes
[debug] &amp#27;[35m[ADB]&amp#27;[39m Running 'C:\Users\AnjaliJha\AppData\Local\Android\Sdk\platform-tools\adb.exe -P 5037 -s emulator-5554 shell 'pgrep --help; echo $?''
[debug] &amp#27;[35m[ADB]&amp#27;[39m Running 'C:\Users\AnjaliJha\AppData\Local\Android\Sdk\platform-tools\adb.exe -P 5037 -s emulator-5554 shell 'pgrep ^appium\\.settings$ || pgrep ^io\\.appium\\.setti$''
[debug] &amp#27;[35m[AndroidDriver]&amp#27;[39m io.appium.settings is already running. There is no need to reset its permissions.
[debug] &amp#27;[35m[ADB]&amp#27;[39m Running 'C:\Users\AnjaliJha\AppData\Local\Android\Sdk\platform-tools\adb.exe -P 5037 -s emulator-5554 shell appops set io.appium.settings android\:mock_location allow'
[debug] &amp#27;[35m[Logcat]&amp#27;[39m Starting logcat capture
[debug] &amp#27;[35m[UiAutomator2]&amp#27;[39m Forwarding UiAutomator2 Server port 6790 to 8200
[debug] &amp#27;[35m[ADB]&amp#27;[39m Forwarding system: 8200 to device: 6790
[debug] &amp#27;[35m[ADB]&amp#27;[39m Running 'C:\Users\AnjaliJha\AppData\Local\Android\Sdk\platform-tools\adb.exe -P 5037 -s emulator-5554 forward tcp\:8200 tcp\:6790'
[debug] &amp#27;[35m[ADB]&amp#27;[39m Getting install status for io.appium.uiautomator2.server
[debug] &amp#27;[35m[ADB]&amp#27;[39m Running 'C:\Users\AnjaliJha\AppData\Local\Android\Sdk\platform-tools\adb.exe -P 5037 -s emulator-5554 shell dumpsys package io.appium.uiautomator2.server'
[debug] &amp#27;[35m[ADB]&amp#27;[39m 'io.appium.uiautomator2.server' is installed
[debug] &amp#27;[35m[ADB]&amp#27;[39m Getting package info for 'io.appium.uiautomator2.server'
[debug] &amp#27;[35m[ADB]&amp#27;[39m Running 'C:\Users\AnjaliJha\AppData\Local\Android\Sdk\platform-tools\adb.exe -P 5037 -s emulator-5554 shell dumpsys package io.appium.uiautomator2.server'
[debug] &amp#27;[35m[ADB]&amp#27;[39m The version name of the installed 'io.appium.uiautomator2.server' is greater or equal to the application version name ('4.5.5' >= '4.5.5')
[debug] &amp#27;[35m[UiAutomator2]&amp#27;[39m io.appium.uiautomator2.server installation state: sameVersionInstalled
[debug] &amp#27;[35m[ADB]&amp#27;[39m Checking app cert for C:\Users\AnjaliJha\AppData\Roaming\npm\node_modules\appium\node_modules\appium-uiautomator2-server\apks\appium-uiautomator2-server-v4.5.5.apk
&amp#27;[35m[ADB]&amp#27;[39m Using 'apksigner.jar' from 'C:\Users\AnjaliJha\AppData\Local\Android\Sdk\build-tools\30.0.3\lib\apksigner.jar'
[debug] &amp#27;[35m[ADB]&amp#27;[39m Starting apksigner: 'C:\\Program Files\\Java\\jdk1.8.0_271\\bin\\java.exe' -Xmx1024M -Xss1m -jar C:\\Users\\AnjaliJha\\AppData\\Local\\Android\\Sdk\\build-tools\\30.0.3\\lib\\apksigner.jar verify --print-certs C:\\Users\\AnjaliJha\\AppData\\Roaming\\npm\\node_modules\\appium\\node_modules\\appium-uiautomator2-server\\apks\\appium-uiautomator2-server-v4.5.5.apk
[debug] &amp#27;[35m[ADB]&amp#27;[39m apksigner stdout: Signer #1 certificate DN: EMAILADDRESS=android@android.com, CN=Android, OU=Android, O=Android, L=Mountain View, ST=California, C=US
[debug] &amp#27;[35m[ADB]&amp#27;[39m Signer #1 certificate SHA-256 digest: a40da80a59d170caa950cf15c18c454d47a39b26989d8b640ecd745ba71bf5dc
[debug] &amp#27;[35m[ADB]&amp#27;[39m Signer #1 certificate SHA-1 digest: 61ed377e85d386a8dfee6b864bd85b0bfaa5af81
[debug] &amp#27;[35m[ADB]&amp#27;[39m Signer #1 certificate MD5 digest: e89b158e4bcf988ebd09eb83f5378e87
[debug] &amp#27;[35m[ADB]&amp#27;[39m 
[debug] &amp#27;[35m[ADB]&amp#27;[39m 'C:\Users\AnjaliJha\AppData\Roaming\npm\node_modules\appium\node_modules\appium-uiautomator2-server\apks\appium-uiautomator2-server-v4.5.5.apk' is signed with the default certificate
[debug] &amp#27;[35m[ADB]&amp#27;[39m Getting install status for io.appium.uiautomator2.server.test
[debug] &amp#27;[35m[ADB]&amp#27;[39m Running 'C:\Users\AnjaliJha\AppData\Local\Android\Sdk\platform-tools\adb.exe -P 5037 -s emulator-5554 shell dumpsys package io.appium.uiautomator2.server.test'
[debug] &amp#27;[35m[ADB]&amp#27;[39m 'io.appium.uiautomator2.server.test' is installed
[debug] &amp#27;[35m[ADB]&amp#27;[39m Checking app cert for C:\Users\AnjaliJha\AppData\Roaming\npm\node_modules\appium\node_modules\appium-uiautomator2-server\apks\appium-uiautomator2-server-debug-androidTest.apk
[debug] &amp#27;[35m[ADB]&amp#27;[39m Starting apksigner: 'C:\\Program Files\\Java\\jdk1.8.0_271\\bin\\java.exe' -Xmx1024M -Xss1m -jar C:\\Users\\AnjaliJha\\AppData\\Local\\Android\\Sdk\\build-tools\\30.0.3\\lib\\apksigner.jar verify --print-certs C:\\Users\\AnjaliJha\\AppData\\Roaming\\npm\\node_modules\\appium\\node_modules\\appium-uiautomator2-server\\apks\\appium-uiautomator2-server-debug-androidTest.apk
[debug] &amp#27;[35m[ADB]&amp#27;[39m apksigner stdout: Signer #1 certificate DN: EMAILADDRESS=android@android.com, CN=Android, OU=Android, O=Android, L=Mountain View, ST=California, C=US
[debug] &amp#27;[35m[ADB]&amp#27;[39m Signer #1 certificate SHA-256 digest: a40da80a59d170caa950cf15c18c454d47a39b26989d8b640ecd745ba71bf5dc
[debug] &amp#27;[35m[ADB]&amp#27;[39m Signer #1 certificate SHA-1 digest: 61ed377e85d386a8dfee6b864bd85b0bfaa5af81
[debug] &amp#27;[35m[ADB]&amp#27;[39m Signer #1 certificate MD5 digest: e89b158e4bcf988ebd09eb83f5378e87
[debug] &amp#27;[35m[ADB]&amp#27;[39m 
[debug] &amp#27;[35m[ADB]&amp#27;[39m 'C:\Users\AnjaliJha\AppData\Roaming\npm\node_modules\appium\node_modules\appium-uiautomator2-server\apks\appium-uiautomator2-server-debug-androidTest.apk' is signed with the default certificate
&amp#27;[35m[UiAutomator2]&amp#27;[39m Server packages are not going to be (re)installed
[debug] &amp#27;[35m[UiAutomator2]&amp#27;[39m Waiting up to 30000ms for services to be available
[debug] &amp#27;[35m[ADB]&amp#27;[39m Running 'C:\Users\AnjaliJha\AppData\Local\Android\Sdk\platform-tools\adb.exe -P 5037 -s emulator-5554 shell pm list instrumentation'
[debug] &amp#27;[35m[UiAutomator2]&amp#27;[39m Instrumentation target 'io.appium.uiautomator2.server.test/androidx.test.runner.AndroidJUnitRunner' is available
[debug] &amp#27;[35m[UiAutomator2]&amp#27;[39m No app capability. Assuming it is already on the device
[debug] &amp#27;[35m[ADB]&amp#27;[39m Getting install status for com.androidsample.generalstore
[debug] &amp#27;[35m[ADB]&amp#27;[39m Running 'C:\Users\AnjaliJha\AppData\Local\Android\Sdk\platform-tools\adb.exe -P 5037 -s emulator-5554 shell dumpsys package com.androidsample.generalstore'
[debug] &amp#27;[35m[ADB]&amp#27;[39m 'com.androidsample.generalstore' is installed
[debug] &amp#27;[35m[ADB]&amp#27;[39m Running 'C:\Users\AnjaliJha\AppData\Local\Android\Sdk\platform-tools\adb.exe -P 5037 -s emulator-5554 shell am force-stop com.androidsample.generalstore'
[debug] &amp#27;[35m[ADB]&amp#27;[39m Running 'C:\Users\AnjaliJha\AppData\Local\Android\Sdk\platform-tools\adb.exe -P 5037 -s emulator-5554 shell pm clear com.androidsample.generalstore'
[debug] &amp#27;[35m[AndroidDriver]&amp#27;[39m Performed fast reset on the installed 'com.androidsample.generalstore' application (stop and clear)
[debug] &amp#27;[35m[UiAutomator2]&amp#27;[39m Performing shallow cleanup of automation leftovers
[debug] &amp#27;[35m[UiAutomator2]&amp#27;[39m The following obsolete sessions are still running: ["6998ca80-4cf6-4be5-96f1-25267c8f84fc"]
[debug] &amp#27;[35m[UiAutomator2]&amp#27;[39m Cleaning up the obsolete sessions
[debug] &amp#27;[35m[ADB]&amp#27;[39m Running 'C:\Users\AnjaliJha\AppData\Local\Android\Sdk\platform-tools\adb.exe -P 5037 -s emulator-5554 shell am force-stop io.appium.uiautomator2.server.test'
&amp#27;[35m[UiAutomator2]&amp#27;[39m Starting UIAutomator2 server 4.5.5
&amp#27;[35m[UiAutomator2]&amp#27;[39m Using UIAutomator2 server from 'C:\Users\AnjaliJha\AppData\Roaming\npm\node_modules\appium\node_modules\appium-uiautomator2-server\apks\appium-uiautomator2-server-v4.5.5.apk' and test from 'C:\Users\AnjaliJha\AppData\Roaming\npm\node_modules\appium\node_modules\appium-uiautomator2-server\apks\appium-uiautomator2-server-debug-androidTest.apk'
&amp#27;[35m[UiAutomator2]&amp#27;[39m Waiting up to 30000ms for UiAutomator2 to be online...
[debug] &amp#27;[35m[ADB]&amp#27;[39m Creating ADB subprocess with args: ["-P",5037,"-s","emulator-5554","shell","am","instrument","-w","io.appium.uiautomator2.server.test/androidx.test.runner.AndroidJUnitRunner"]
[debug] &amp#27;[35m[Instrumentation]&amp#27;[39m io.appium.uiautomator2.server.test.AppiumUiAutomator2Server:
[debug] &amp#27;[35m[WD Proxy]&amp#27;[39m Matched '/status' to command name 'getStatus'
[debug] &amp#27;[35m[WD Proxy]&amp#27;[39m Proxying [GET /status] to [GET http://127.0.0.1:8200/wd/hub/status] with no body
&amp#27;[35m[WD Proxy]&amp#27;[39m Got response with unknown status: {"code":"ECONNRESET"}
[debug] &amp#27;[35m[WD Proxy]&amp#27;[39m Matched '/status' to command name 'getStatus'
[debug] &amp#27;[35m[WD Proxy]&amp#27;[39m Proxying [GET /status] to [GET http://127.0.0.1:8200/wd/hub/status] with no body
&amp#27;[35m[WD Proxy]&amp#27;[39m Got response with unknown status: {"code":"ECONNRESET"}
[debug] &amp#27;[35m[WD Proxy]&amp#27;[39m Matched '/status' to command name 'getStatus'
[debug] &amp#27;[35m[WD Proxy]&amp#27;[39m Proxying [GET /status] to [GET http://127.0.0.1:8200/wd/hub/status] with no body
[debug] &amp#27;[35m[WD Proxy]&amp#27;[39m Got response with status 200: {"sessionId":"None","value":{"ready":true,"message":"UiAutomator2 Server is ready to accept commands"}}
[debug] &amp#27;[35m[UiAutomator2]&amp#27;[39m The initialization of the instrumentation process took 3126ms
[debug] &amp#27;[35m[WD Proxy]&amp#27;[39m Matched '/session' to command name 'createSession'
[debug] &amp#27;[35m[WD Proxy]&amp#27;[39m Proxying [POST /session] to [POST http://127.0.0.1:8200/wd/hub/session] with body: {"capabilities":{"firstMatch":[{"platform":"LINUX","webStorageEnabled":false,"takesScreenshot":true,"javascriptEnabled":true,"databaseEnabled":false,"networkConnectionEnabled":true,"locationContextEnabled":false,"warnings":{},"desired":{"platformName":"android","appActivity":"com.androidsample.generalstore.SplashActivity","appPackage":"com.androidsample.generalstore","chromedriverExecutable":"C:\\Users\\AnjaliJha\\Desktop\\SDETLearn\\Appium\\chromedriver.exe","deviceName":"AJSDET"},"platformName":"android","appActivity":"com.androidsample.generalstore.SplashActivity","appPackage":"com.androidsample.generalstore","chromedriverExecutable":"C:\\Users\\AnjaliJha\\Desktop\\SDETLearn\\Appium\\chromedriver.exe","deviceName":"emulator-5554","deviceUDID":"emulator-5554"}],"alwaysMatch":{}}}
[debug] &amp#27;[35m[WD Proxy]&amp#27;[39m Got response with status 200: {"sessionId":"cc62537a-8d01-44ea-b9c6-443182012de6","value":{"sessionId":"cc62537a-8d01-44ea-b9c6-443182012de6","capabilities":{"firstMatch":[{"platform":"LINUX","webStorageEnabled":false,"takesScreenshot":true,"javascriptEnabled":true,"databaseEnabled":false,"networkConnectionEnabled":true,"locationContextEnabled":false,"warnings":{},"desired":{"platformName":"android","appActivity":"com.androidsample.generalstore.SplashActivity","appPackage":"com.androidsample.generalstore","chromedriverExecutable":"C:\\Users\\AnjaliJha\\Desktop\\SDETLearn\\Appium\\chromedriver.exe","deviceName":"AJSDET"},"platformName":"android","appActivity":"com.androidsample.generalstore.SplashActivity","appPackage":"com.androidsample.generalstore","chromedriverExecutable":"C:\\Users\\AnjaliJha\\Desktop\\SDETLearn\\Appium\\chromedriver.exe","deviceName":"emulator-5554","deviceUDID":"emulator-5554"}],"alwaysMatch":{}}}}
&amp#27;[35m[WD Proxy]&amp#27;[39m Determined the downstream protocol as 'W3C'
[debug] &amp#27;[35m[WD Proxy]&amp#27;[39m Proxying [GET /appium/device/info] to [GET http://127.0.0.1:8200/wd/hub/session/cc62537a-8d01-44ea-b9c6-443182012de6/appium/device/info] with no body
[debug] &amp#27;[35m[WD Proxy]&amp#27;[39m Got response with status 200: {"sessionId":"cc62537a-8d01-44ea-b9c6-443182012de6","value":{"androidId":"a1000447d1950373","manufacturer":"Google","model":"Android SDK built for x86","brand":"google","apiVersion":"26","platformVersion":"8.0.0","carrierName":"Android","realDisplaySize":"1080x2220","displayDensity":440,"networks":[{"type":0,"typeName":"MOBILE","subtype":13,"subtypeName":"LTE","isConnected":true,"detailedState":"CONNECTED","state":"CONNECTED","extraInfo":"epc.tmobile.com","isAvailable":true,"isFailover":false,"isRoaming":false,"capabilities":{"transportTypes":"TRANSPORT_CELLULAR","networkCapabilities":"NET_CAPABILITY_MMS,NET_CAPABILITY_SUPL,NET_CAPABILITY_FOTA,NET_CAPABILITY_IMS,NET_CAPABILITY_CBS,NET_CAPABILITY_IA,NET_CAPABILITY_INTERNET,NET_CAPABILITY_NOT_RESTRICTED,NET_CAPABILITY_TRUSTED,NET_CAPABILITY_NOT_VPN,NET_CAPABILITY_VALIDATED","linkUpstreamBandwidthKbps":51200,"linkDownBandwidthKbps":102400,"signalStrength":-2147483648,"networkSpecifier":"1","SSID":null}},{"type":1,"typeName":"WIFI","subtype":0,"subtypeName":""...
[debug] &amp#27;[35m[ADB]&amp#27;[39m Running 'C:\Users\AnjaliJha\AppData\Local\Android\Sdk\platform-tools\adb.exe -P 5037 -s emulator-5554 shell dumpsys window'
&amp#27;[35m[AndroidDriver]&amp#27;[39m Screen already unlocked, doing nothing
&amp#27;[35m[UiAutomator2]&amp#27;[39m Starting 'com.androidsample.generalstore/com.androidsample.generalstore.SplashActivity and waiting for 'com.androidsample.generalstore/com.androidsample.generalstore.SplashActivity'
[debug] &amp#27;[35m[ADB]&amp#27;[39m Running 'C:\Users\AnjaliJha\AppData\Local\Android\Sdk\platform-tools\adb.exe -P 5037 -s emulator-5554 shell am start -W -n com.androidsample.generalstore/com.androidsample.generalstore.SplashActivity -S -a android.intent.action.MAIN -c android.intent.category.LAUNCHER -f 0x10200000'
[debug] &amp#27;[35m[WD Proxy]&amp#27;[39m Proxying [GET /appium/device/pixel_ratio] to [GET http://127.0.0.1:8200/wd/hub/session/cc62537a-8d01-44ea-b9c6-443182012de6/appium/device/pixel_ratio] with body: {}
[debug] &amp#27;[35m[WD Proxy]&amp#27;[39m Got response with status 200: {"sessionId":"cc62537a-8d01-44ea-b9c6-443182012de6","value":2.75}
[debug] &amp#27;[35m[WD Proxy]&amp#27;[39m Matched '/appium/device/system_bars' to command name 'getSystemBars'
[debug] &amp#27;[35m[WD Proxy]&amp#27;[39m Proxying [GET /appium/device/system_bars] to [GET http://127.0.0.1:8200/wd/hub/session/cc62537a-8d01-44ea-b9c6-443182012de6/appium/device/system_bars] with body: {}
[debug] &amp#27;[35m[WD Proxy]&amp#27;[39m Got response with status 200: {"sessionId":"cc62537a-8d01-44ea-b9c6-443182012de6","value":{"statusBar":66}}
[debug] &amp#27;[35m[WD Proxy]&amp#27;[39m Matched '/window/current/size' to command name 'getWindowSize'
[debug] &amp#27;[35m[WD Proxy]&amp#27;[39m Proxying [GET /window/current/size] to [GET http://127.0.0.1:8200/wd/hub/session/cc62537a-8d01-44ea-b9c6-443182012de6/window/current/size] with body: {}
[debug] &amp#27;[35m[WD Proxy]&amp#27;[39m Got response with status 200: {"sessionId":"cc62537a-8d01-44ea-b9c6-443182012de6","value":{"height":2088,"width":1080}}
&amp#27;[35m[Appium]&amp#27;[39m New AndroidUiautomator2Driver session created successfully, session 398dee64-70ff-4aa8-93fe-15203e22a825 added to master session list
[debug] &amp#27;[35m[BaseDriver]&amp#27;[39m Event 'newSessionStarted' logged at 1612194655586 (21:20:55 GMT+0530 (India Standard Time))
[debug] &amp#27;[35m[W3C (398dee64)]&amp#27;[39m Cached the protocol value 'W3C' for the new session 398dee64-70ff-4aa8-93fe-15203e22a825
[debug] &amp#27;[35m[W3C (398dee64)]&amp#27;[39m Responding to client with driver.createSession() result: {"capabilities":{"platform":"LINUX","webStorageEnabled":false,"takesScreenshot":true,"javascriptEnabled":true,"databaseEnabled":false,"networkConnectionEnabled":true,"locationContextEnabled":false,"warnings":{},"desired":{"platformName":"android","appActivity":"com.androidsample.generalstore.SplashActivity","appPackage":"com.androidsample.generalstore","chromedriverExecutable":"C:\\Users\\AnjaliJha\\Desktop\\SDETLearn\\Appium\\chromedriver.exe","deviceName":"AJSDET"},"platformName":"android","appActivity":"com.androidsample.generalstore.SplashActivity","appPackage":"com.androidsample.generalstore","chromedriverExecutable":"C:\\Users\\AnjaliJha\\Desktop\\SDETLearn\\Appium\\chromedriver.exe","deviceName":"emulator-5554","deviceUDID":"emulator-5554","deviceApiLevel":26,"platformVersion":"8.0.0","deviceScreenSize":"1080x2220","deviceScreenDensity":440,"deviceModel":"Android SDK built for x86","deviceManufacturer":"Google","pixelRatio":2.75,"statBarHeight":66,"viewportRect":{"left":0,"top":66,"width":1080,"heig...
&amp#27;[35m[HTTP]&amp#27;[39m &amp#27;[37m<-- POST /wd/hub/session &amp#27;[39m&amp#27;[32m200&amp#27;[39m &amp#27;[90m11409 ms - 1093&amp#27;[39m
&amp#27;[35m[HTTP]&amp#27;[39m &amp#27;[90m&amp#27;[39m
&amp#27;[35m[HTTP]&amp#27;[39m &amp#27;[37m-->&amp#27;[39m &amp#27;[37mPOST&amp#27;[39m &amp#27;[37m/wd/hub/session/398dee64-70ff-4aa8-93fe-15203e22a825/timeouts&amp#27;[39m
&amp#27;[35m[HTTP]&amp#27;[39m &amp#27;[90m{"implicit":30000}&amp#27;[39m
[debug] &amp#27;[35m[W3C (398dee64)]&amp#27;[39m Calling AppiumDriver.timeouts() with args: [null,null,null,null,30000,"398dee64-70ff-4aa8-93fe-15203e22a825"]
[debug] &amp#27;[35m[BaseDriver]&amp#27;[39m W3C timeout argument: {"implicit":30000}}
[debug] &amp#27;[35m[BaseDriver]&amp#27;[39m Set implicit wait to 30000ms
[debug] &amp#27;[35m[W3C (398dee64)]&amp#27;[39m Responding to client with driver.timeouts() result: null
&amp#27;[35m[HTTP]&amp#27;[39m &amp#27;[37m<-- POST /wd/hub/session/398dee64-70ff-4aa8-93fe-15203e22a825/timeouts &amp#27;[39m&amp#27;[32m200&amp#27;[39m &amp#27;[90m9 ms - 14&amp#27;[39m
&amp#27;[35m[HTTP]&amp#27;[39m &amp#27;[90m&amp#27;[39m
General Store Launched
&amp#27;[35m[HTTP]&amp#27;[39m &amp#27;[37m-->&amp#27;[39m &amp#27;[37mPOST&amp#27;[39m &amp#27;[37m/wd/hub/session/398dee64-70ff-4aa8-93fe-15203e22a825/element&amp#27;[39m
&amp#27;[35m[HTTP]&amp#27;[39m &amp#27;[90m{"using":"xpath","value":"//*[@text='Female']"}&amp#27;[39m
[debug] &amp#27;[35m[W3C (398dee64)]&amp#27;[39m Calling AppiumDriver.findElement() with args: ["xpath","//*[@text='Female']","398dee64-70ff-4aa8-93fe-15203e22a825"]
[debug] &amp#27;[35m[BaseDriver]&amp#27;[39m Valid locator strategies for this request: xpath, id, class name, accessibility id, -android uiautomator
[debug] &amp#27;[35m[BaseDriver]&amp#27;[39m Waiting up to 30000 ms for condition
[debug] &amp#27;[35m[WD Proxy]&amp#27;[39m Matched '/element' to command name 'findElement'
[debug] &amp#27;[35m[WD Proxy]&amp#27;[39m Proxying [POST /element] to [POST http://127.0.0.1:8200/wd/hub/session/cc62537a-8d01-44ea-b9c6-443182012de6/element] with body: {"strategy":"xpath","selector":"//*[@text='Female']","context":"","multiple":false}
&amp#27;[35m[WD Proxy]&amp#27;[39m Got response with status 404: {"sessionId":"cc62537a-8d01-44ea-b9c6-443182012de6","value":{"error":"no such element","message":"An element could not be located on the page using the given search parameters","stacktrace":"io.appium.uiautomator2.common.exceptions.ElementNotFoundException: An element could not be located on the page using the given search parameters\n\tat io.appium.uiautomator2.handler.FindElement.findElement(FindElement.java:102)\n\tat io.appium.uiautomator2.handler.FindElement.safeHandle(FindElement.java:72)\n\tat io.appium.uiautomator2.handler.request.SafeRequestHandler.handle(SafeRequestHandler.java:38)\n\tat io.appium.uiautomator2.server.AppiumServlet.handleRequest(AppiumServlet.java:252)\n\tat io.appium.uiautomator2.server.AppiumServlet.handleHttpRequest(AppiumServlet.java:242)\n\tat io.appium.uiautomator2.http.ServerHandler.channelRead(ServerHandler.java:51)\n\tat io.netty.channel.AbstractChannelHandlerContext.invokeChannelRead(AbstractChannelHandlerContext.java:366)\n\tat io.netty.channel.AbstractChannelHandlerCon...
[debug] &amp#27;[35m[W3C]&amp#27;[39m Matched W3C error code 'no such element' to NoSuchElementError
[debug] &amp#27;[35m[BaseDriver]&amp#27;[39m Waited for 1145 ms so far
[debug] &amp#27;[35m[WD Proxy]&amp#27;[39m Matched '/element' to command name 'findElement'
[debug] &amp#27;[35m[WD Proxy]&amp#27;[39m Proxying [POST /element] to [POST http://127.0.0.1:8200/wd/hub/session/cc62537a-8d01-44ea-b9c6-443182012de6/element] with body: {"strategy":"xpath","selector":"//*[@text='Female']","context":"","multiple":false}
&amp#27;[35m[WD Proxy]&amp#27;[39m Got response with status 404: {"sessionId":"cc62537a-8d01-44ea-b9c6-443182012de6","value":{"error":"no such element","message":"An element could not be located on the page using the given search parameters","stacktrace":"io.appium.uiautomator2.common.exceptions.ElementNotFoundException: An element could not be located on the page using the given search parameters\n\tat io.appium.uiautomator2.handler.FindElement.findElement(FindElement.java:102)\n\tat io.appium.uiautomator2.handler.FindElement.safeHandle(FindElement.java:72)\n\tat io.appium.uiautomator2.handler.request.SafeRequestHandler.handle(SafeRequestHandler.java:38)\n\tat io.appium.uiautomator2.server.AppiumServlet.handleRequest(AppiumServlet.java:252)\n\tat io.appium.uiautomator2.server.AppiumServlet.handleHttpRequest(AppiumServlet.java:242)\n\tat io.appium.uiautomator2.http.ServerHandler.channelRead(ServerHandler.java:51)\n\tat io.netty.channel.AbstractChannelHandlerContext.invokeChannelRead(AbstractChannelHandlerContext.java:366)\n\tat io.netty.channel.AbstractChannelHandlerCon...
[debug] &amp#27;[35m[W3C]&amp#27;[39m Matched W3C error code 'no such element' to NoSuchElementError
[debug] &amp#27;[35m[BaseDriver]&amp#27;[39m Waited for 1707 ms so far
[debug] &amp#27;[35m[WD Proxy]&amp#27;[39m Matched '/element' to command name 'findElement'
[debug] &amp#27;[35m[WD Proxy]&amp#27;[39m Proxying [POST /element] to [POST http://127.0.0.1:8200/wd/hub/session/cc62537a-8d01-44ea-b9c6-443182012de6/element] with body: {"strategy":"xpath","selector":"//*[@text='Female']","context":"","multiple":false}
&amp#27;[35m[WD Proxy]&amp#27;[39m Got response with status 404: {"sessionId":"cc62537a-8d01-44ea-b9c6-443182012de6","value":{"error":"no such element","message":"An element could not be located on the page using the given search parameters","stacktrace":"io.appium.uiautomator2.common.exceptions.ElementNotFoundException: An element could not be located on the page using the given search parameters\n\tat io.appium.uiautomator2.handler.FindElement.findElement(FindElement.java:102)\n\tat io.appium.uiautomator2.handler.FindElement.safeHandle(FindElement.java:72)\n\tat io.appium.uiautomator2.handler.request.SafeRequestHandler.handle(SafeRequestHandler.java:38)\n\tat io.appium.uiautomator2.server.AppiumServlet.handleRequest(AppiumServlet.java:252)\n\tat io.appium.uiautomator2.server.AppiumServlet.handleHttpRequest(AppiumServlet.java:242)\n\tat io.appium.uiautomator2.http.ServerHandler.channelRead(ServerHandler.java:51)\n\tat io.netty.channel.AbstractChannelHandlerContext.invokeChannelRead(AbstractChannelHandlerContext.java:366)\n\tat io.netty.channel.AbstractChannelHandlerCon...
[debug] &amp#27;[35m[W3C]&amp#27;[39m Matched W3C error code 'no such element' to NoSuchElementError
[debug] &amp#27;[35m[BaseDriver]&amp#27;[39m Waited for 2278 ms so far
[debug] &amp#27;[35m[WD Proxy]&amp#27;[39m Matched '/element' to command name 'findElement'
[debug] &amp#27;[35m[WD Proxy]&amp#27;[39m Proxying [POST /element] to [POST http://127.0.0.1:8200/wd/hub/session/cc62537a-8d01-44ea-b9c6-443182012de6/element] with body: {"strategy":"xpath","selector":"//*[@text='Female']","context":"","multiple":false}
[debug] &amp#27;[35m[WD Proxy]&amp#27;[39m Got response with status 200: {"sessionId":"cc62537a-8d01-44ea-b9c6-443182012de6","value":{"ELEMENT":"8da64167-4e3e-4a39-a13e-c77ef8c15927","element-6066-11e4-a52e-4f735466cecf":"8da64167-4e3e-4a39-a13e-c77ef8c15927"}}
[debug] &amp#27;[35m[W3C (398dee64)]&amp#27;[39m Responding to client with driver.findElement() result: {"element-6066-11e4-a52e-4f735466cecf":"8da64167-4e3e-4a39-a13e-c77ef8c15927","ELEMENT":"8da64167-4e3e-4a39-a13e-c77ef8c15927"}
&amp#27;[35m[HTTP]&amp#27;[39m &amp#27;[37m<-- POST /wd/hub/session/398dee64-70ff-4aa8-93fe-15203e22a825/element &amp#27;[39m&amp#27;[32m200&amp#27;[39m &amp#27;[90m4687 ms - 137&amp#27;[39m
&amp#27;[35m[HTTP]&amp#27;[39m &amp#27;[90m&amp#27;[39m
&amp#27;[35m[HTTP]&amp#27;[39m &amp#27;[37m-->&amp#27;[39m &amp#27;[37mPOST&amp#27;[39m &amp#27;[37m/wd/hub/session/398dee64-70ff-4aa8-93fe-15203e22a825/element/8da64167-4e3e-4a39-a13e-c77ef8c15927/click&amp#27;[39m
&amp#27;[35m[HTTP]&amp#27;[39m &amp#27;[90m{"id":"8da64167-4e3e-4a39-a13e-c77ef8c15927"}&amp#27;[39m
[debug] &amp#27;[35m[W3C (398dee64)]&amp#27;[39m Calling AppiumDriver.click() with args: ["8da64167-4e3e-4a39-a13e-c77ef8c15927","398dee64-70ff-4aa8-93fe-15203e22a825"]
[debug] &amp#27;[35m[WD Proxy]&amp#27;[39m Matched '/element/8da64167-4e3e-4a39-a13e-c77ef8c15927/click' to command name 'click'
[debug] &amp#27;[35m[WD Proxy]&amp#27;[39m Proxying [POST /element/8da64167-4e3e-4a39-a13e-c77ef8c15927/click] to [POST http://127.0.0.1:8200/wd/hub/session/cc62537a-8d01-44ea-b9c6-443182012de6/element/8da64167-4e3e-4a39-a13e-c77ef8c15927/click] with body: {"element":"8da64167-4e3e-4a39-a13e-c77ef8c15927"}
[debug] &amp#27;[35m[WD Proxy]&amp#27;[39m Got response with status 200: {"sessionId":"cc62537a-8d01-44ea-b9c6-443182012de6","value":null}
[debug] &amp#27;[35m[W3C (398dee64)]&amp#27;[39m Responding to client with driver.click() result: null
&amp#27;[35m[HTTP]&amp#27;[39m &amp#27;[37m<-- POST /wd/hub/session/398dee64-70ff-4aa8-93fe-15203e22a825/element/8da64167-4e3e-4a39-a13e-c77ef8c15927/click &amp#27;[39m&amp#27;[32m200&amp#27;[39m &amp#27;[90m646 ms - 14&amp#27;[39m
&amp#27;[35m[HTTP]&amp#27;[39m &amp#27;[90m&amp#27;[39m
&amp#27;[35m[HTTP]&amp#27;[39m &amp#27;[37m-->&amp#27;[39m &amp#27;[37mPOST&amp#27;[39m &amp#27;[37m/wd/hub/session/398dee64-70ff-4aa8-93fe-15203e22a825/element&amp#27;[39m
&amp#27;[35m[HTTP]&amp#27;[39m &amp#27;[90m{"using":"xpath","value":"//*[@text='Enter name here']"}&amp#27;[39m
[debug] &amp#27;[35m[W3C (398dee64)]&amp#27;[39m Calling AppiumDriver.findElement() with args: ["xpath","//*[@text='Enter name here']","398dee64-70ff-4aa8-93fe-15203e22a825"]
[debug] &amp#27;[35m[BaseDriver]&amp#27;[39m Valid locator strategies for this request: xpath, id, class name, accessibility id, -android uiautomator
[debug] &amp#27;[35m[BaseDriver]&amp#27;[39m Waiting up to 30000 ms for condition
[debug] &amp#27;[35m[WD Proxy]&amp#27;[39m Matched '/element' to command name 'findElement'
[debug] &amp#27;[35m[WD Proxy]&amp#27;[39m Proxying [POST /element] to [POST http://127.0.0.1:8200/wd/hub/session/cc62537a-8d01-44ea-b9c6-443182012de6/element] with body: {"strategy":"xpath","selector":"//*[@text='Enter name here']","context":"","multiple":false}
[debug] &amp#27;[35m[WD Proxy]&amp#27;[39m Got response with status 200: {"sessionId":"cc62537a-8d01-44ea-b9c6-443182012de6","value":{"ELEMENT":"212d3cdf-c355-4179-9212-d6b18358fb76","element-6066-11e4-a52e-4f735466cecf":"212d3cdf-c355-4179-9212-d6b18358fb76"}}
[debug] &amp#27;[35m[W3C (398dee64)]&amp#27;[39m Responding to client with driver.findElement() result: {"element-6066-11e4-a52e-4f735466cecf":"212d3cdf-c355-4179-9212-d6b18358fb76","ELEMENT":"212d3cdf-c355-4179-9212-d6b18358fb76"}
&amp#27;[35m[HTTP]&amp#27;[39m &amp#27;[37m<-- POST /wd/hub/session/398dee64-70ff-4aa8-93fe-15203e22a825/element &amp#27;[39m&amp#27;[32m200&amp#27;[39m &amp#27;[90m426 ms - 137&amp#27;[39m
&amp#27;[35m[HTTP]&amp#27;[39m &amp#27;[90m&amp#27;[39m
&amp#27;[35m[HTTP]&amp#27;[39m &amp#27;[37m-->&amp#27;[39m &amp#27;[37mPOST&amp#27;[39m &amp#27;[37m/wd/hub/session/398dee64-70ff-4aa8-93fe-15203e22a825/element/212d3cdf-c355-4179-9212-d6b18358fb76/value&amp#27;[39m
&amp#27;[35m[HTTP]&amp#27;[39m &amp#27;[90m{"id":"212d3cdf-c355-4179-9212-d6b18358fb76","text":"Anjal","value":["A","n","j","a","l"]}&amp#27;[39m
[debug] &amp#27;[35m[W3C (398dee64)]&amp#27;[39m Calling AppiumDriver.setValue() with args: [["A","n","j","a","l"],"212d3cdf-c355-4179-9212-d6b18358fb76","398dee64-70ff-4aa8-93fe-15203e22a825"]
[debug] &amp#27;[35m[WD Proxy]&amp#27;[39m Matched '/element/212d3cdf-c355-4179-9212-d6b18358fb76/value' to command name 'setValue'
[debug] &amp#27;[35m[Protocol Converter]&amp#27;[39m Added 'value' property ["A","n","j","a","l"] to 'setValue' request body
[debug] &amp#27;[35m[WD Proxy]&amp#27;[39m Proxying [POST /element/212d3cdf-c355-4179-9212-d6b18358fb76/value] to [POST http://127.0.0.1:8200/wd/hub/session/cc62537a-8d01-44ea-b9c6-443182012de6/element/212d3cdf-c355-4179-9212-d6b18358fb76/value] with body: {"elementId":"212d3cdf-c355-4179-9212-d6b18358fb76","text":"Anjal","replace":false,"value":["A","n","j","a","l"]}
[debug] &amp#27;[35m[WD Proxy]&amp#27;[39m Got response with status 200: {"sessionId":"cc62537a-8d01-44ea-b9c6-443182012de6","value":null}
[debug] &amp#27;[35m[W3C (398dee64)]&amp#27;[39m Responding to client with driver.setValue() result: null
&amp#27;[35m[HTTP]&amp#27;[39m &amp#27;[37m<-- POST /wd/hub/session/398dee64-70ff-4aa8-93fe-15203e22a825/element/212d3cdf-c355-4179-9212-d6b18358fb76/value &amp#27;[39m&amp#27;[32m200&amp#27;[39m &amp#27;[90m1041 ms - 14&amp#27;[39m
&amp#27;[35m[HTTP]&amp#27;[39m &amp#27;[90m&amp#27;[39m
&amp#27;[35m[HTTP]&amp#27;[39m &amp#27;[37m-->&amp#27;[39m &amp#27;[37mPOST&amp#27;[39m &amp#27;[37m/wd/hub/session/398dee64-70ff-4aa8-93fe-15203e22a825/element&amp#27;[39m
&amp#27;[35m[HTTP]&amp#27;[39m &amp#27;[90m{"using":"xpath","value":"//*[@resource-id=\"com.androidsample.generalstore:id/spinnerCountry\"]"}&amp#27;[39m
[debug] &amp#27;[35m[W3C (398dee64)]&amp#27;[39m Calling AppiumDriver.findElement() with args: ["xpath","//*[@resource-id=\"com.androidsample.generalstore:id/spinnerCountry\"]","398dee64-70ff-4aa8-93fe-15203e22a825"]
[debug] &amp#27;[35m[BaseDriver]&amp#27;[39m Valid locator strategies for this request: xpath, id, class name, accessibility id, -android uiautomator
[debug] &amp#27;[35m[BaseDriver]&amp#27;[39m Waiting up to 30000 ms for condition
[debug] &amp#27;[35m[WD Proxy]&amp#27;[39m Matched '/element' to command name 'findElement'
[debug] &amp#27;[35m[WD Proxy]&amp#27;[39m Proxying [POST /element] to [POST http://127.0.0.1:8200/wd/hub/session/cc62537a-8d01-44ea-b9c6-443182012de6/element] with body: {"strategy":"xpath","selector":"//*[@resource-id=\"com.androidsample.generalstore:id/spinnerCountry\"]","context":"","multiple":false}
[debug] &amp#27;[35m[WD Proxy]&amp#27;[39m Got response with status 200: {"sessionId":"cc62537a-8d01-44ea-b9c6-443182012de6","value":{"ELEMENT":"4f363f7a-32c7-4554-ba81-7e473e6fd01c","element-6066-11e4-a52e-4f735466cecf":"4f363f7a-32c7-4554-ba81-7e473e6fd01c"}}
[debug] &amp#27;[35m[W3C (398dee64)]&amp#27;[39m Responding to client with driver.findElement() result: {"element-6066-11e4-a52e-4f735466cecf":"4f363f7a-32c7-4554-ba81-7e473e6fd01c","ELEMENT":"4f363f7a-32c7-4554-ba81-7e473e6fd01c"}
&amp#27;[35m[HTTP]&amp#27;[39m &amp#27;[37m<-- POST /wd/hub/session/398dee64-70ff-4aa8-93fe-15203e22a825/element &amp#27;[39m&amp#27;[32m200&amp#27;[39m &amp#27;[90m592 ms - 137&amp#27;[39m
&amp#27;[35m[HTTP]&amp#27;[39m &amp#27;[90m&amp#27;[39m
&amp#27;[35m[HTTP]&amp#27;[39m &amp#27;[37m-->&amp#27;[39m &amp#27;[37mPOST&amp#27;[39m &amp#27;[37m/wd/hub/session/398dee64-70ff-4aa8-93fe-15203e22a825/element/4f363f7a-32c7-4554-ba81-7e473e6fd01c/click&amp#27;[39m
&amp#27;[35m[HTTP]&amp#27;[39m &amp#27;[90m{"id":"4f363f7a-32c7-4554-ba81-7e473e6fd01c"}&amp#27;[39m
[debug] &amp#27;[35m[W3C (398dee64)]&amp#27;[39m Calling AppiumDriver.click() with args: ["4f363f7a-32c7-4554-ba81-7e473e6fd01c","398dee64-70ff-4aa8-93fe-15203e22a825"]
[debug] &amp#27;[35m[WD Proxy]&amp#27;[39m Matched '/element/4f363f7a-32c7-4554-ba81-7e473e6fd01c/click' to command name 'click'
[debug] &amp#27;[35m[WD Proxy]&amp#27;[39m Proxying [POST /element/4f363f7a-32c7-4554-ba81-7e473e6fd01c/click] to [POST http://127.0.0.1:8200/wd/hub/session/cc62537a-8d01-44ea-b9c6-443182012de6/element/4f363f7a-32c7-4554-ba81-7e473e6fd01c/click] with body: {"element":"4f363f7a-32c7-4554-ba81-7e473e6fd01c"}
[debug] &amp#27;[35m[WD Proxy]&amp#27;[39m Got response with status 200: {"sessionId":"cc62537a-8d01-44ea-b9c6-443182012de6","value":null}
[debug] &amp#27;[35m[W3C (398dee64)]&amp#27;[39m Responding to client with driver.click() result: null
&amp#27;[35m[HTTP]&amp#27;[39m &amp#27;[37m<-- POST /wd/hub/session/398dee64-70ff-4aa8-93fe-15203e22a825/element/4f363f7a-32c7-4554-ba81-7e473e6fd01c/click &amp#27;[39m&amp#27;[32m200&amp#27;[39m &amp#27;[90m20 ms - 14&amp#27;[39m
&amp#27;[35m[HTTP]&amp#27;[39m &amp#27;[90m&amp#27;[39m
&amp#27;[35m[HTTP]&amp#27;[39m &amp#27;[37m-->&amp#27;[39m &amp#27;[37mPOST&amp#27;[39m &amp#27;[37m/wd/hub/session/398dee64-70ff-4aa8-93fe-15203e22a825/element&amp#27;[39m
&amp#27;[35m[HTTP]&amp#27;[39m &amp#27;[90m{"using":"-android uiautomator","value":"new UiScrollable( new UiSelector()).scrollIntoView(text(\"Austria\"))"}&amp#27;[39m
[debug] &amp#27;[35m[W3C (398dee64)]&amp#27;[39m Calling AppiumDriver.findElement() with args: ["-android uiautomator","new UiScrollable( new UiSelector()).scrollIntoView(text(\"Austria\"))","398dee64-70ff-4aa8-93fe-15203e22a825"]
[debug] &amp#27;[35m[BaseDriver]&amp#27;[39m Valid locator strategies for this request: xpath, id, class name, accessibility id, -android uiautomator
[debug] &amp#27;[35m[BaseDriver]&amp#27;[39m Waiting up to 30000 ms for condition
[debug] &amp#27;[35m[WD Proxy]&amp#27;[39m Matched '/element' to command name 'findElement'
[debug] &amp#27;[35m[WD Proxy]&amp#27;[39m Proxying [POST /element] to [POST http://127.0.0.1:8200/wd/hub/session/cc62537a-8d01-44ea-b9c6-443182012de6/element] with body: {"strategy":"-android uiautomator","selector":"new UiScrollable( new UiSelector()).scrollIntoView(text(\"Austria\"))","context":"","multiple":false}
[debug] &amp#27;[35m[WD Proxy]&amp#27;[39m Got response with status 200: {"sessionId":"cc62537a-8d01-44ea-b9c6-443182012de6","value":{"ELEMENT":"afa46116-f10a-40a7-9a50-715f3fdf8d97","element-6066-11e4-a52e-4f735466cecf":"afa46116-f10a-40a7-9a50-715f3fdf8d97"}}
[debug] &amp#27;[35m[W3C (398dee64)]&amp#27;[39m Responding to client with driver.findElement() result: {"element-6066-11e4-a52e-4f735466cecf":"afa46116-f10a-40a7-9a50-715f3fdf8d97","ELEMENT":"afa46116-f10a-40a7-9a50-715f3fdf8d97"}
&amp#27;[35m[HTTP]&amp#27;[39m &amp#27;[37m<-- POST /wd/hub/session/398dee64-70ff-4aa8-93fe-15203e22a825/element &amp#27;[39m&amp#27;[32m200&amp#27;[39m &amp#27;[90m4268 ms - 137&amp#27;[39m
&amp#27;[35m[HTTP]&amp#27;[39m &amp#27;[90m&amp#27;[39m
&amp#27;[35m[HTTP]&amp#27;[39m &amp#27;[37m-->&amp#27;[39m &amp#27;[37mPOST&amp#27;[39m &amp#27;[37m/wd/hub/session/398dee64-70ff-4aa8-93fe-15203e22a825/element/afa46116-f10a-40a7-9a50-715f3fdf8d97/click&amp#27;[39m
&amp#27;[35m[HTTP]&amp#27;[39m &amp#27;[90m{"id":"afa46116-f10a-40a7-9a50-715f3fdf8d97"}&amp#27;[39m
[debug] &amp#27;[35m[W3C (398dee64)]&amp#27;[39m Calling AppiumDriver.click() with args: ["afa46116-f10a-40a7-9a50-715f3fdf8d97","398dee64-70ff-4aa8-93fe-15203e22a825"]
[debug] &amp#27;[35m[WD Proxy]&amp#27;[39m Matched '/element/afa46116-f10a-40a7-9a50-715f3fdf8d97/click' to command name 'click'
[debug] &amp#27;[35m[WD Proxy]&amp#27;[39m Proxying [POST /element/afa46116-f10a-40a7-9a50-715f3fdf8d97/click] to [POST http://127.0.0.1:8200/wd/hub/session/cc62537a-8d01-44ea-b9c6-443182012de6/element/afa46116-f10a-40a7-9a50-715f3fdf8d97/click] with body: {"element":"afa46116-f10a-40a7-9a50-715f3fdf8d97"}
[debug] &amp#27;[35m[WD Proxy]&amp#27;[39m Got response with status 200: {"sessionId":"cc62537a-8d01-44ea-b9c6-443182012de6","value":null}
[debug] &amp#27;[35m[W3C (398dee64)]&amp#27;[39m Responding to client with driver.click() result: null
&amp#27;[35m[HTTP]&amp#27;[39m &amp#27;[37m<-- POST /wd/hub/session/398dee64-70ff-4aa8-93fe-15203e22a825/element/afa46116-f10a-40a7-9a50-715f3fdf8d97/click &amp#27;[39m&amp#27;[32m200&amp#27;[39m &amp#27;[90m880 ms - 14&amp#27;[39m
&amp#27;[35m[HTTP]&amp#27;[39m &amp#27;[90m&amp#27;[39m
&amp#27;[35m[HTTP]&amp#27;[39m &amp#27;[37m-->&amp#27;[39m &amp#27;[37mPOST&amp#27;[39m &amp#27;[37m/wd/hub/session/398dee64-70ff-4aa8-93fe-15203e22a825/element&amp#27;[39m
&amp#27;[35m[HTTP]&amp#27;[39m &amp#27;[90m{"using":"class name","value":"android.widget.Button"}&amp#27;[39m
[debug] &amp#27;[35m[W3C (398dee64)]&amp#27;[39m Calling AppiumDriver.findElement() with args: ["class name","android.widget.Button","398dee64-70ff-4aa8-93fe-15203e22a825"]
[debug] &amp#27;[35m[BaseDriver]&amp#27;[39m Valid locator strategies for this request: xpath, id, class name, accessibility id, -android uiautomator
[debug] &amp#27;[35m[BaseDriver]&amp#27;[39m Waiting up to 30000 ms for condition
[debug] &amp#27;[35m[WD Proxy]&amp#27;[39m Matched '/element' to command name 'findElement'
[debug] &amp#27;[35m[WD Proxy]&amp#27;[39m Proxying [POST /element] to [POST http://127.0.0.1:8200/wd/hub/session/cc62537a-8d01-44ea-b9c6-443182012de6/element] with body: {"strategy":"class name","selector":"android.widget.Button","context":"","multiple":false}
[debug] &amp#27;[35m[WD Proxy]&amp#27;[39m Got response with status 200: {"sessionId":"cc62537a-8d01-44ea-b9c6-443182012de6","value":{"ELEMENT":"afb03baa-0ad4-4576-a7a3-c3160a885ef3","element-6066-11e4-a52e-4f735466cecf":"afb03baa-0ad4-4576-a7a3-c3160a885ef3"}}
[debug] &amp#27;[35m[W3C (398dee64)]&amp#27;[39m Responding to client with driver.findElement() result: {"element-6066-11e4-a52e-4f735466cecf":"afb03baa-0ad4-4576-a7a3-c3160a885ef3","ELEMENT":"afb03baa-0ad4-4576-a7a3-c3160a885ef3"}
&amp#27;[35m[HTTP]&amp#27;[39m &amp#27;[37m<-- POST /wd/hub/session/398dee64-70ff-4aa8-93fe-15203e22a825/element &amp#27;[39m&amp#27;[32m200&amp#27;[39m &amp#27;[90m46 ms - 137&amp#27;[39m
&amp#27;[35m[HTTP]&amp#27;[39m &amp#27;[90m&amp#27;[39m
&amp#27;[35m[HTTP]&amp#27;[39m &amp#27;[37m-->&amp#27;[39m &amp#27;[37mPOST&amp#27;[39m &amp#27;[37m/wd/hub/session/398dee64-70ff-4aa8-93fe-15203e22a825/element/afb03baa-0ad4-4576-a7a3-c3160a885ef3/click&amp#27;[39m
&amp#27;[35m[HTTP]&amp#27;[39m &amp#27;[90m{"id":"afb03baa-0ad4-4576-a7a3-c3160a885ef3"}&amp#27;[39m
[debug] &amp#27;[35m[W3C (398dee64)]&amp#27;[39m Calling AppiumDriver.click() with args: ["afb03baa-0ad4-4576-a7a3-c3160a885ef3","398dee64-70ff-4aa8-93fe-15203e22a825"]
[debug] &amp#27;[35m[WD Proxy]&amp#27;[39m Matched '/element/afb03baa-0ad4-4576-a7a3-c3160a885ef3/click' to command name 'click'
[debug] &amp#27;[35m[WD Proxy]&amp#27;[39m Proxying [POST /element/afb03baa-0ad4-4576-a7a3-c3160a885ef3/click] to [POST http://127.0.0.1:8200/wd/hub/session/cc62537a-8d01-44ea-b9c6-443182012de6/element/afb03baa-0ad4-4576-a7a3-c3160a885ef3/click] with body: {"element":"afb03baa-0ad4-4576-a7a3-c3160a885ef3"}
[debug] &amp#27;[35m[WD Proxy]&amp#27;[39m Got response with status 200: {"sessionId":"cc62537a-8d01-44ea-b9c6-443182012de6","value":null}
[debug] &amp#27;[35m[W3C (398dee64)]&amp#27;[39m Responding to client with driver.click() result: null
&amp#27;[35m[HTTP]&amp#27;[39m &amp#27;[37m<-- POST /wd/hub/session/398dee64-70ff-4aa8-93fe-15203e22a825/element/afb03baa-0ad4-4576-a7a3-c3160a885ef3/click &amp#27;[39m&amp#27;[32m200&amp#27;[39m &amp#27;[90m22 ms - 14&amp#27;[39m
&amp#27;[35m[HTTP]&amp#27;[39m &amp#27;[90m&amp#27;[39m
&amp#27;[35m[HTTP]&amp#27;[39m &amp#27;[37m-->&amp#27;[39m &amp#27;[37mPOST&amp#27;[39m &amp#27;[37m/wd/hub/session/398dee64-70ff-4aa8-93fe-15203e22a825/elements&amp#27;[39m
&amp#27;[35m[HTTP]&amp#27;[39m &amp#27;[90m{"using":"xpath","value":"//*[@resource-id=\"com.androidsample.generalstore:id/productAddCart\"]"}&amp#27;[39m
[debug] &amp#27;[35m[W3C (398dee64)]&amp#27;[39m Calling AppiumDriver.findElements() with args: ["xpath","//*[@resource-id=\"com.androidsample.generalstore:id/productAddCart\"]","398dee64-70ff-4aa8-93fe-15203e22a825"]
[debug] &amp#27;[35m[BaseDriver]&amp#27;[39m Valid locator strategies for this request: xpath, id, class name, accessibility id, -android uiautomator
[debug] &amp#27;[35m[BaseDriver]&amp#27;[39m Waiting up to 30000 ms for condition
[debug] &amp#27;[35m[WD Proxy]&amp#27;[39m Matched '/elements' to command name 'findElements'
[debug] &amp#27;[35m[WD Proxy]&amp#27;[39m Proxying [POST /elements] to [POST http://127.0.0.1:8200/wd/hub/session/cc62537a-8d01-44ea-b9c6-443182012de6/elements] with body: {"strategy":"xpath","selector":"//*[@resource-id=\"com.androidsample.generalstore:id/productAddCart\"]","context":"","multiple":true}
[debug] &amp#27;[35m[WD Proxy]&amp#27;[39m Got response with status 200: {"sessionId":"cc62537a-8d01-44ea-b9c6-443182012de6","value":[{"ELEMENT":"dabb304e-46e3-4b2c-bf74-2a5100824ca7","element-6066-11e4-a52e-4f735466cecf":"dabb304e-46e3-4b2c-bf74-2a5100824ca7"},{"ELEMENT":"d7514855-a4ea-43e4-8a64-6eba33a3e526","element-6066-11e4-a52e-4f735466cecf":"d7514855-a4ea-43e4-8a64-6eba33a3e526"}]}
[debug] &amp#27;[35m[W3C (398dee64)]&amp#27;[39m Responding to client with driver.findElements() result: [{"element-6066-11e4-a52e-4f735466cecf":"dabb304e-46e3-4b2c-bf74-2a5100824ca7","ELEMENT":"dabb304e-46e3-4b2c-bf74-2a5100824ca7"},{"element-6066-11e4-a52e-4f735466cecf":"d7514855-a4ea-43e4-8a64-6eba33a3e526","ELEMENT":"d7514855-a4ea-43e4-8a64-6eba33a3e526"}]
&amp#27;[35m[HTTP]&amp#27;[39m &amp#27;[37m<-- POST /wd/hub/session/398dee64-70ff-4aa8-93fe-15203e22a825/elements &amp#27;[39m&amp#27;[32m200&amp#27;[39m &amp#27;[90m148 ms - 267&amp#27;[39m
&amp#27;[35m[HTTP]&amp#27;[39m &amp#27;[90m&amp#27;[39m
&amp#27;[35m[HTTP]&amp#27;[39m &amp#27;[37m-->&amp#27;[39m &amp#27;[37mPOST&amp#27;[39m &amp#27;[37m/wd/hub/session/398dee64-70ff-4aa8-93fe-15203e22a825/element/dabb304e-46e3-4b2c-bf74-2a5100824ca7/click&amp#27;[39m
&amp#27;[35m[HTTP]&amp#27;[39m &amp#27;[90m{"id":"dabb304e-46e3-4b2c-bf74-2a5100824ca7"}&amp#27;[39m
[debug] &amp#27;[35m[W3C (398dee64)]&amp#27;[39m Calling AppiumDriver.click() with args: ["dabb304e-46e3-4b2c-bf74-2a5100824ca7","398dee64-70ff-4aa8-93fe-15203e22a825"]
[debug] &amp#27;[35m[WD Proxy]&amp#27;[39m Matched '/element/dabb304e-46e3-4b2c-bf74-2a5100824ca7/click' to command name 'click'
[debug] &amp#27;[35m[WD Proxy]&amp#27;[39m Proxying [POST /element/dabb304e-46e3-4b2c-bf74-2a5100824ca7/click] to [POST http://127.0.0.1:8200/wd/hub/session/cc62537a-8d01-44ea-b9c6-443182012de6/element/dabb304e-46e3-4b2c-bf74-2a5100824ca7/click] with body: {"element":"dabb304e-46e3-4b2c-bf74-2a5100824ca7"}
[debug] &amp#27;[35m[WD Proxy]&amp#27;[39m Got response with status 200: {"sessionId":"cc62537a-8d01-44ea-b9c6-443182012de6","value":null}
[debug] &amp#27;[35m[W3C (398dee64)]&amp#27;[39m Responding to client with driver.click() result: null
&amp#27;[35m[HTTP]&amp#27;[39m &amp#27;[37m<-- POST /wd/hub/session/398dee64-70ff-4aa8-93fe-15203e22a825/element/dabb304e-46e3-4b2c-bf74-2a5100824ca7/click &amp#27;[39m&amp#27;[32m200&amp#27;[39m &amp#27;[90m30 ms - 14&amp#27;[39m
&amp#27;[35m[HTTP]&amp#27;[39m &amp#27;[90m&amp#27;[39m
&amp#27;[35m[HTTP]&amp#27;[39m &amp#27;[37m-->&amp#27;[39m &amp#27;[37mPOST&amp#27;[39m &amp#27;[37m/wd/hub/session/398dee64-70ff-4aa8-93fe-15203e22a825/elements&amp#27;[39m
&amp#27;[35m[HTTP]&amp#27;[39m &amp#27;[90m{"using":"xpath","value":"//*[@resource-id=\"com.androidsample.generalstore:id/productAddCart\"]"}&amp#27;[39m
[debug] &amp#27;[35m[W3C (398dee64)]&amp#27;[39m Calling AppiumDriver.findElements() with args: ["xpath","//*[@resource-id=\"com.androidsample.generalstore:id/productAddCart\"]","398dee64-70ff-4aa8-93fe-15203e22a825"]
[debug] &amp#27;[35m[BaseDriver]&amp#27;[39m Valid locator strategies for this request: xpath, id, class name, accessibility id, -android uiautomator
[debug] &amp#27;[35m[BaseDriver]&amp#27;[39m Waiting up to 30000 ms for condition
[debug] &amp#27;[35m[WD Proxy]&amp#27;[39m Matched '/elements' to command name 'findElements'
[debug] &amp#27;[35m[WD Proxy]&amp#27;[39m Proxying [POST /elements] to [POST http://127.0.0.1:8200/wd/hub/session/cc62537a-8d01-44ea-b9c6-443182012de6/elements] with body: {"strategy":"xpath","selector":"//*[@resource-id=\"com.androidsample.generalstore:id/productAddCart\"]","context":"","multiple":true}
[debug] &amp#27;[35m[WD Proxy]&amp#27;[39m Got response with status 200: {"sessionId":"cc62537a-8d01-44ea-b9c6-443182012de6","value":[{"ELEMENT":"ce6ec745-ce4b-4a65-9989-7419d3e34895","element-6066-11e4-a52e-4f735466cecf":"ce6ec745-ce4b-4a65-9989-7419d3e34895"},{"ELEMENT":"a23858e0-e446-4852-b4eb-d62242d1fd42","element-6066-11e4-a52e-4f735466cecf":"a23858e0-e446-4852-b4eb-d62242d1fd42"}]}
[debug] &amp#27;[35m[W3C (398dee64)]&amp#27;[39m Responding to client with driver.findElements() result: [{"element-6066-11e4-a52e-4f735466cecf":"ce6ec745-ce4b-4a65-9989-7419d3e34895","ELEMENT":"ce6ec745-ce4b-4a65-9989-7419d3e34895"},{"element-6066-11e4-a52e-4f735466cecf":"a23858e0-e446-4852-b4eb-d62242d1fd42","ELEMENT":"a23858e0-e446-4852-b4eb-d62242d1fd42"}]
&amp#27;[35m[HTTP]&amp#27;[39m &amp#27;[37m<-- POST /wd/hub/session/398dee64-70ff-4aa8-93fe-15203e22a825/elements &amp#27;[39m&amp#27;[32m200&amp#27;[39m &amp#27;[90m711 ms - 267&amp#27;[39m
&amp#27;[35m[HTTP]&amp#27;[39m &amp#27;[90m&amp#27;[39m
&amp#27;[35m[HTTP]&amp#27;[39m &amp#27;[37m-->&amp#27;[39m &amp#27;[37mPOST&amp#27;[39m &amp#27;[37m/wd/hub/session/398dee64-70ff-4aa8-93fe-15203e22a825/element/a23858e0-e446-4852-b4eb-d62242d1fd42/click&amp#27;[39m
&amp#27;[35m[HTTP]&amp#27;[39m &amp#27;[90m{"id":"a23858e0-e446-4852-b4eb-d62242d1fd42"}&amp#27;[39m
[debug] &amp#27;[35m[W3C (398dee64)]&amp#27;[39m Calling AppiumDriver.click() with args: ["a23858e0-e446-4852-b4eb-d62242d1fd42","398dee64-70ff-4aa8-93fe-15203e22a825"]
[debug] &amp#27;[35m[WD Proxy]&amp#27;[39m Matched '/element/a23858e0-e446-4852-b4eb-d62242d1fd42/click' to command name 'click'
[debug] &amp#27;[35m[WD Proxy]&amp#27;[39m Proxying [POST /element/a23858e0-e446-4852-b4eb-d62242d1fd42/click] to [POST http://127.0.0.1:8200/wd/hub/session/cc62537a-8d01-44ea-b9c6-443182012de6/element/a23858e0-e446-4852-b4eb-d62242d1fd42/click] with body: {"element":"a23858e0-e446-4852-b4eb-d62242d1fd42"}
[debug] &amp#27;[35m[WD Proxy]&amp#27;[39m Got response with status 200: {"sessionId":"cc62537a-8d01-44ea-b9c6-443182012de6","value":null}
[debug] &amp#27;[35m[W3C (398dee64)]&amp#27;[39m Responding to client with driver.click() result: null
&amp#27;[35m[HTTP]&amp#27;[39m &amp#27;[37m<-- POST /wd/hub/session/398dee64-70ff-4aa8-93fe-15203e22a825/element/a23858e0-e446-4852-b4eb-d62242d1fd42/click &amp#27;[39m&amp#27;[32m200&amp#27;[39m &amp#27;[90m29 ms - 14&amp#27;[39m
&amp#27;[35m[HTTP]&amp#27;[39m &amp#27;[90m&amp#27;[39m
&amp#27;[35m[HTTP]&amp#27;[39m &amp#27;[37m-->&amp#27;[39m &amp#27;[37mPOST&amp#27;[39m &amp#27;[37m/wd/hub/session/398dee64-70ff-4aa8-93fe-15203e22a825/element&amp#27;[39m
&amp#27;[35m[HTTP]&amp#27;[39m &amp#27;[90m{"using":"xpath","value":"//*[@resource-id=\"com.androidsample.generalstore:id/appbar_btn_cart\"]"}&amp#27;[39m
[debug] &amp#27;[35m[W3C (398dee64)]&amp#27;[39m Calling AppiumDriver.findElement() with args: ["xpath","//*[@resource-id=\"com.androidsample.generalstore:id/appbar_btn_cart\"]","398dee64-70ff-4aa8-93fe-15203e22a825"]
[debug] &amp#27;[35m[BaseDriver]&amp#27;[39m Valid locator strategies for this request: xpath, id, class name, accessibility id, -android uiautomator
[debug] &amp#27;[35m[BaseDriver]&amp#27;[39m Waiting up to 30000 ms for condition
[debug] &amp#27;[35m[WD Proxy]&amp#27;[39m Matched '/element' to command name 'findElement'
[debug] &amp#27;[35m[WD Proxy]&amp#27;[39m Proxying [POST /element] to [POST http://127.0.0.1:8200/wd/hub/session/cc62537a-8d01-44ea-b9c6-443182012de6/element] with body: {"strategy":"xpath","selector":"//*[@resource-id=\"com.androidsample.generalstore:id/appbar_btn_cart\"]","context":"","multiple":false}
[debug] &amp#27;[35m[WD Proxy]&amp#27;[39m Got response with status 200: {"sessionId":"cc62537a-8d01-44ea-b9c6-443182012de6","value":{"ELEMENT":"965bb427-cd77-4e03-8606-6f0a23ad4c1b","element-6066-11e4-a52e-4f735466cecf":"965bb427-cd77-4e03-8606-6f0a23ad4c1b"}}
[debug] &amp#27;[35m[W3C (398dee64)]&amp#27;[39m Responding to client with driver.findElement() result: {"element-6066-11e4-a52e-4f735466cecf":"965bb427-cd77-4e03-8606-6f0a23ad4c1b","ELEMENT":"965bb427-cd77-4e03-8606-6f0a23ad4c1b"}
&amp#27;[35m[HTTP]&amp#27;[39m &amp#27;[37m<-- POST /wd/hub/session/398dee64-70ff-4aa8-93fe-15203e22a825/element &amp#27;[39m&amp#27;[32m200&amp#27;[39m &amp#27;[90m607 ms - 137&amp#27;[39m
&amp#27;[35m[HTTP]&amp#27;[39m &amp#27;[90m&amp#27;[39m
&amp#27;[35m[HTTP]&amp#27;[39m &amp#27;[37m-->&amp#27;[39m &amp#27;[37mPOST&amp#27;[39m &amp#27;[37m/wd/hub/session/398dee64-70ff-4aa8-93fe-15203e22a825/element/965bb427-cd77-4e03-8606-6f0a23ad4c1b/click&amp#27;[39m
&amp#27;[35m[HTTP]&amp#27;[39m &amp#27;[90m{"id":"965bb427-cd77-4e03-8606-6f0a23ad4c1b"}&amp#27;[39m
[debug] &amp#27;[35m[W3C (398dee64)]&amp#27;[39m Calling AppiumDriver.click() with args: ["965bb427-cd77-4e03-8606-6f0a23ad4c1b","398dee64-70ff-4aa8-93fe-15203e22a825"]
[debug] &amp#27;[35m[WD Proxy]&amp#27;[39m Matched '/element/965bb427-cd77-4e03-8606-6f0a23ad4c1b/click' to command name 'click'
[debug] &amp#27;[35m[WD Proxy]&amp#27;[39m Proxying [POST /element/965bb427-cd77-4e03-8606-6f0a23ad4c1b/click] to [POST http://127.0.0.1:8200/wd/hub/session/cc62537a-8d01-44ea-b9c6-443182012de6/element/965bb427-cd77-4e03-8606-6f0a23ad4c1b/click] with body: {"element":"965bb427-cd77-4e03-8606-6f0a23ad4c1b"}
[debug] &amp#27;[35m[WD Proxy]&amp#27;[39m Got response with status 200: {"sessionId":"cc62537a-8d01-44ea-b9c6-443182012de6","value":null}
[debug] &amp#27;[35m[W3C (398dee64)]&amp#27;[39m Responding to client with driver.click() result: null
&amp#27;[35m[HTTP]&amp#27;[39m &amp#27;[37m<-- POST /wd/hub/session/398dee64-70ff-4aa8-93fe-15203e22a825/element/965bb427-cd77-4e03-8606-6f0a23ad4c1b/click &amp#27;[39m&amp#27;[32m200&amp#27;[39m &amp#27;[90m18 ms - 14&amp#27;[39m
&amp#27;[35m[HTTP]&amp#27;[39m &amp#27;[90m&amp#27;[39m
&amp#27;[35m[HTTP]&amp#27;[39m &amp#27;[37m-->&amp#27;[39m &amp#27;[37mPOST&amp#27;[39m &amp#27;[37m/wd/hub/session/398dee64-70ff-4aa8-93fe-15203e22a825/elements&amp#27;[39m
&amp#27;[35m[HTTP]&amp#27;[39m &amp#27;[90m{"using":"xpath","value":"//*[@resource-id=\"com.androidsample.generalstore:id/productPrice\"]"}&amp#27;[39m
[debug] &amp#27;[35m[W3C (398dee64)]&amp#27;[39m Calling AppiumDriver.findElements() with args: ["xpath","//*[@resource-id=\"com.androidsample.generalstore:id/productPrice\"]","398dee64-70ff-4aa8-93fe-15203e22a825"]
[debug] &amp#27;[35m[BaseDriver]&amp#27;[39m Valid locator strategies for this request: xpath, id, class name, accessibility id, -android uiautomator
[debug] &amp#27;[35m[BaseDriver]&amp#27;[39m Waiting up to 30000 ms for condition
[debug] &amp#27;[35m[WD Proxy]&amp#27;[39m Matched '/elements' to command name 'findElements'
[debug] &amp#27;[35m[WD Proxy]&amp#27;[39m Proxying [POST /elements] to [POST http://127.0.0.1:8200/wd/hub/session/cc62537a-8d01-44ea-b9c6-443182012de6/elements] with body: {"strategy":"xpath","selector":"//*[@resource-id=\"com.androidsample.generalstore:id/productPrice\"]","context":"","multiple":true}
[debug] &amp#27;[35m[WD Proxy]&amp#27;[39m Got response with status 200: {"sessionId":"cc62537a-8d01-44ea-b9c6-443182012de6","value":[{"ELEMENT":"e7d94bf7-bf2d-46a1-ac3d-691051a58738","element-6066-11e4-a52e-4f735466cecf":"e7d94bf7-bf2d-46a1-ac3d-691051a58738"},{"ELEMENT":"e06ca9be-138a-4c76-98e8-14292e5ab08c","element-6066-11e4-a52e-4f735466cecf":"e06ca9be-138a-4c76-98e8-14292e5ab08c"}]}
[debug] &amp#27;[35m[W3C (398dee64)]&amp#27;[39m Responding to client with driver.findElements() result: [{"element-6066-11e4-a52e-4f735466cecf":"e7d94bf7-bf2d-46a1-ac3d-691051a58738","ELEMENT":"e7d94bf7-bf2d-46a1-ac3d-691051a58738"},{"element-6066-11e4-a52e-4f735466cecf":"e06ca9be-138a-4c76-98e8-14292e5ab08c","ELEMENT":"e06ca9be-138a-4c76-98e8-14292e5ab08c"}]
&amp#27;[35m[HTTP]&amp#27;[39m &amp#27;[37m<-- POST /wd/hub/session/398dee64-70ff-4aa8-93fe-15203e22a825/elements &amp#27;[39m&amp#27;[32m200&amp#27;[39m &amp#27;[90m111 ms - 267&amp#27;[39m
&amp#27;[35m[HTTP]&amp#27;[39m &amp#27;[90m&amp#27;[39m
&amp#27;[35m[HTTP]&amp#27;[39m &amp#27;[37m-->&amp#27;[39m &amp#27;[37mGET&amp#27;[39m &amp#27;[37m/wd/hub/session/398dee64-70ff-4aa8-93fe-15203e22a825/element/e7d94bf7-bf2d-46a1-ac3d-691051a58738/text&amp#27;[39m
&amp#27;[35m[HTTP]&amp#27;[39m &amp#27;[90m{}&amp#27;[39m
&amp#27;[35m[W3C (398dee64)]&amp#27;[39m Driver proxy active, passing request on via HTTP proxy
[debug] &amp#27;[35m[WD Proxy]&amp#27;[39m Matched '/wd/hub/session/398dee64-70ff-4aa8-93fe-15203e22a825/element/e7d94bf7-bf2d-46a1-ac3d-691051a58738/text' to command name 'getText'
[debug] &amp#27;[35m[WD Proxy]&amp#27;[39m Proxying [GET /wd/hub/session/398dee64-70ff-4aa8-93fe-15203e22a825/element/e7d94bf7-bf2d-46a1-ac3d-691051a58738/text] to [GET http://127.0.0.1:8200/wd/hub/session/cc62537a-8d01-44ea-b9c6-443182012de6/element/e7d94bf7-bf2d-46a1-ac3d-691051a58738/text] with body: {}
[debug] &amp#27;[35m[WD Proxy]&amp#27;[39m Got response with status 200: {"sessionId":"cc62537a-8d01-44ea-b9c6-443182012de6","value":"$160.97"}
&amp#27;[35m[WD Proxy]&amp#27;[39m Replacing sessionId cc62537a-8d01-44ea-b9c6-443182012de6 with 398dee64-70ff-4aa8-93fe-15203e22a825
&amp#27;[35m[HTTP]&amp#27;[39m &amp#27;[37m<-- GET /wd/hub/session/398dee64-70ff-4aa8-93fe-15203e22a825/element/e7d94bf7-bf2d-46a1-ac3d-691051a58738/text &amp#27;[39m&amp#27;[32m200&amp#27;[39m &amp#27;[90m21 ms - 70&amp#27;[39m
&amp#27;[35m[HTTP]&amp#27;[39m &amp#27;[90m&amp#27;[39m
&amp#27;[35m[HTTP]&amp#27;[39m &amp#27;[37m-->&amp#27;[39m &amp#27;[37mPOST&amp#27;[39m &amp#27;[37m/wd/hub/session/398dee64-70ff-4aa8-93fe-15203e22a825/elements&amp#27;[39m
&amp#27;[35m[HTTP]&amp#27;[39m &amp#27;[90m{"using":"xpath","value":"//*[@resource-id=\"com.androidsample.generalstore:id/productPrice\"]"}&amp#27;[39m
[debug] &amp#27;[35m[W3C (398dee64)]&amp#27;[39m Calling AppiumDriver.findElements() with args: ["xpath","//*[@resource-id=\"com.androidsample.generalstore:id/productPrice\"]","398dee64-70ff-4aa8-93fe-15203e22a825"]
[debug] &amp#27;[35m[BaseDriver]&amp#27;[39m Valid locator strategies for this request: xpath, id, class name, accessibility id, -android uiautomator
[debug] &amp#27;[35m[BaseDriver]&amp#27;[39m Waiting up to 30000 ms for condition
[debug] &amp#27;[35m[WD Proxy]&amp#27;[39m Matched '/elements' to command name 'findElements'
[debug] &amp#27;[35m[WD Proxy]&amp#27;[39m Proxying [POST /elements] to [POST http://127.0.0.1:8200/wd/hub/session/cc62537a-8d01-44ea-b9c6-443182012de6/elements] with body: {"strategy":"xpath","selector":"//*[@resource-id=\"com.androidsample.generalstore:id/productPrice\"]","context":"","multiple":true}
[debug] &amp#27;[35m[WD Proxy]&amp#27;[39m Got response with status 200: {"sessionId":"cc62537a-8d01-44ea-b9c6-443182012de6","value":[{"ELEMENT":"a9c6aa36-8896-4b0b-bc4b-90be08f42b2b","element-6066-11e4-a52e-4f735466cecf":"a9c6aa36-8896-4b0b-bc4b-90be08f42b2b"},{"ELEMENT":"7fc275de-cede-48fc-9731-1ff7e5a4d6ea","element-6066-11e4-a52e-4f735466cecf":"7fc275de-cede-48fc-9731-1ff7e5a4d6ea"}]}
[debug] &amp#27;[35m[W3C (398dee64)]&amp#27;[39m Responding to client with driver.findElements() result: [{"element-6066-11e4-a52e-4f735466cecf":"a9c6aa36-8896-4b0b-bc4b-90be08f42b2b","ELEMENT":"a9c6aa36-8896-4b0b-bc4b-90be08f42b2b"},{"element-6066-11e4-a52e-4f735466cecf":"7fc275de-cede-48fc-9731-1ff7e5a4d6ea","ELEMENT":"7fc275de-cede-48fc-9731-1ff7e5a4d6ea"}]
&amp#27;[35m[HTTP]&amp#27;[39m &amp#27;[37m<-- POST /wd/hub/session/398dee64-70ff-4aa8-93fe-15203e22a825/elements &amp#27;[39m&amp#27;[32m200&amp#27;[39m &amp#27;[90m91 ms - 267&amp#27;[39m
&amp#27;[35m[HTTP]&amp#27;[39m &amp#27;[90m&amp#27;[39m
&amp#27;[35m[HTTP]&amp#27;[39m &amp#27;[37m-->&amp#27;[39m &amp#27;[37mGET&amp#27;[39m &amp#27;[37m/wd/hub/session/398dee64-70ff-4aa8-93fe-15203e22a825/element/7fc275de-cede-48fc-9731-1ff7e5a4d6ea/text&amp#27;[39m
&amp#27;[35m[HTTP]&amp#27;[39m &amp#27;[90m{}&amp#27;[39m
&amp#27;[35m[W3C (398dee64)]&amp#27;[39m Driver proxy active, passing request on via HTTP proxy
[debug] &amp#27;[35m[WD Proxy]&amp#27;[39m Matched '/wd/hub/session/398dee64-70ff-4aa8-93fe-15203e22a825/element/7fc275de-cede-48fc-9731-1ff7e5a4d6ea/text' to command name 'getText'
[debug] &amp#27;[35m[WD Proxy]&amp#27;[39m Proxying [GET /wd/hub/session/398dee64-70ff-4aa8-93fe-15203e22a825/element/7fc275de-cede-48fc-9731-1ff7e5a4d6ea/text] to [GET http://127.0.0.1:8200/wd/hub/session/cc62537a-8d01-44ea-b9c6-443182012de6/element/7fc275de-cede-48fc-9731-1ff7e5a4d6ea/text] with body: {}
[debug] &amp#27;[35m[WD Proxy]&amp#27;[39m Got response with status 200: {"sessionId":"cc62537a-8d01-44ea-b9c6-443182012de6","value":"$120.0"}
&amp#27;[35m[WD Proxy]&amp#27;[39m Replacing sessionId cc62537a-8d01-44ea-b9c6-443182012de6 with 398dee64-70ff-4aa8-93fe-15203e22a825
&amp#27;[35m[HTTP]&amp#27;[39m &amp#27;[37m<-- GET /wd/hub/session/398dee64-70ff-4aa8-93fe-15203e22a825/element/7fc275de-cede-48fc-9731-1ff7e5a4d6ea/text &amp#27;[39m&amp#27;[32m200&amp#27;[39m &amp#27;[90m15 ms - 69&amp#27;[39m
&amp#27;[35m[HTTP]&amp#27;[39m &amp#27;[90m&amp#27;[39m
160.97
120.0
&amp#27;[35m[HTTP]&amp#27;[39m &amp#27;[37m-->&amp#27;[39m &amp#27;[37mPOST&amp#27;[39m &amp#27;[37m/wd/hub/session/398dee64-70ff-4aa8-93fe-15203e22a825/element&amp#27;[39m
&amp#27;[35m[HTTP]&amp#27;[39m &amp#27;[90m{"using":"id","value":"com.androidsample.generalstore:id/totalAmountLbl"}&amp#27;[39m
[debug] &amp#27;[35m[W3C (398dee64)]&amp#27;[39m Calling AppiumDriver.findElement() with args: ["id","com.androidsample.generalstore:id/totalAmountLbl","398dee64-70ff-4aa8-93fe-15203e22a825"]
[debug] &amp#27;[35m[BaseDriver]&amp#27;[39m Valid locator strategies for this request: xpath, id, class name, accessibility id, -android uiautomator
[debug] &amp#27;[35m[BaseDriver]&amp#27;[39m Waiting up to 30000 ms for condition
[debug] &amp#27;[35m[WD Proxy]&amp#27;[39m Matched '/element' to command name 'findElement'
[debug] &amp#27;[35m[WD Proxy]&amp#27;[39m Proxying [POST /element] to [POST http://127.0.0.1:8200/wd/hub/session/cc62537a-8d01-44ea-b9c6-443182012de6/element] with body: {"strategy":"id","selector":"com.androidsample.generalstore:id/totalAmountLbl","context":"","multiple":false}
[debug] &amp#27;[35m[WD Proxy]&amp#27;[39m Got response with status 200: {"sessionId":"cc62537a-8d01-44ea-b9c6-443182012de6","value":{"ELEMENT":"0c8813b4-5834-4e16-80e7-7189196b1307","element-6066-11e4-a52e-4f735466cecf":"0c8813b4-5834-4e16-80e7-7189196b1307"}}
[debug] &amp#27;[35m[W3C (398dee64)]&amp#27;[39m Responding to client with driver.findElement() result: {"element-6066-11e4-a52e-4f735466cecf":"0c8813b4-5834-4e16-80e7-7189196b1307","ELEMENT":"0c8813b4-5834-4e16-80e7-7189196b1307"}
&amp#27;[35m[HTTP]&amp#27;[39m &amp#27;[37m<-- POST /wd/hub/session/398dee64-70ff-4aa8-93fe-15203e22a825/element &amp#27;[39m&amp#27;[32m200&amp#27;[39m &amp#27;[90m27 ms - 137&amp#27;[39m
&amp#27;[35m[HTTP]&amp#27;[39m &amp#27;[90m&amp#27;[39m
&amp#27;[35m[HTTP]&amp#27;[39m &amp#27;[37m-->&amp#27;[39m &amp#27;[37mGET&amp#27;[39m &amp#27;[37m/wd/hub/session/398dee64-70ff-4aa8-93fe-15203e22a825/element/0c8813b4-5834-4e16-80e7-7189196b1307/text&amp#27;[39m
&amp#27;[35m[HTTP]&amp#27;[39m &amp#27;[90m{}&amp#27;[39m
&amp#27;[35m[W3C (398dee64)]&amp#27;[39m Driver proxy active, passing request on via HTTP proxy
[debug] &amp#27;[35m[WD Proxy]&amp#27;[39m Matched '/wd/hub/session/398dee64-70ff-4aa8-93fe-15203e22a825/element/0c8813b4-5834-4e16-80e7-7189196b1307/text' to command name 'getText'
[debug] &amp#27;[35m[WD Proxy]&amp#27;[39m Proxying [GET /wd/hub/session/398dee64-70ff-4aa8-93fe-15203e22a825/element/0c8813b4-5834-4e16-80e7-7189196b1307/text] to [GET http://127.0.0.1:8200/wd/hub/session/cc62537a-8d01-44ea-b9c6-443182012de6/element/0c8813b4-5834-4e16-80e7-7189196b1307/text] with body: {}
[debug] &amp#27;[35m[WD Proxy]&amp#27;[39m Got response with status 200: {"sessionId":"cc62537a-8d01-44ea-b9c6-443182012de6","value":"$ 280.97"}
&amp#27;[35m[WD Proxy]&amp#27;[39m Replacing sessionId cc62537a-8d01-44ea-b9c6-443182012de6 with 398dee64-70ff-4aa8-93fe-15203e22a825
&amp#27;[35m[HTTP]&amp#27;[39m &amp#27;[37m<-- GET /wd/hub/session/398dee64-70ff-4aa8-93fe-15203e22a825/element/0c8813b4-5834-4e16-80e7-7189196b1307/text &amp#27;[39m&amp#27;[32m200&amp#27;[39m &amp#27;[90m15 ms - 71&amp#27;[39m
&amp#27;[35m[HTTP]&amp#27;[39m &amp#27;[90m&amp#27;[39m
&amp#27;[35m[HTTP]&amp#27;[39m &amp#27;[37m-->&amp#27;[39m &amp#27;[37mPOST&amp#27;[39m &amp#27;[37m/wd/hub/session/398dee64-70ff-4aa8-93fe-15203e22a825/element&amp#27;[39m
&amp#27;[35m[HTTP]&amp#27;[39m &amp#27;[90m{"using":"class name","value":"android.widget.CheckBox"}&amp#27;[39m
[debug] &amp#27;[35m[W3C (398dee64)]&amp#27;[39m Calling AppiumDriver.findElement() with args: ["class name","android.widget.CheckBox","398dee64-70ff-4aa8-93fe-15203e22a825"]
[debug] &amp#27;[35m[BaseDriver]&amp#27;[39m Valid locator strategies for this request: xpath, id, class name, accessibility id, -android uiautomator
[debug] &amp#27;[35m[BaseDriver]&amp#27;[39m Waiting up to 30000 ms for condition
[debug] &amp#27;[35m[WD Proxy]&amp#27;[39m Matched '/element' to command name 'findElement'
[debug] &amp#27;[35m[WD Proxy]&amp#27;[39m Proxying [POST /element] to [POST http://127.0.0.1:8200/wd/hub/session/cc62537a-8d01-44ea-b9c6-443182012de6/element] with body: {"strategy":"class name","selector":"android.widget.CheckBox","context":"","multiple":false}
[debug] &amp#27;[35m[WD Proxy]&amp#27;[39m Got response with status 200: {"sessionId":"cc62537a-8d01-44ea-b9c6-443182012de6","value":{"ELEMENT":"7d0feece-5eb1-4ec6-954b-4e2fc722c696","element-6066-11e4-a52e-4f735466cecf":"7d0feece-5eb1-4ec6-954b-4e2fc722c696"}}
[debug] &amp#27;[35m[W3C (398dee64)]&amp#27;[39m Responding to client with driver.findElement() result: {"element-6066-11e4-a52e-4f735466cecf":"7d0feece-5eb1-4ec6-954b-4e2fc722c696","ELEMENT":"7d0feece-5eb1-4ec6-954b-4e2fc722c696"}
&amp#27;[35m[HTTP]&amp#27;[39m &amp#27;[37m<-- POST /wd/hub/session/398dee64-70ff-4aa8-93fe-15203e22a825/element &amp#27;[39m&amp#27;[32m200&amp#27;[39m &amp#27;[90m48 ms - 137&amp#27;[39m
&amp#27;[35m[HTTP]&amp#27;[39m &amp#27;[90m&amp#27;[39m
&amp#27;[35m[HTTP]&amp#27;[39m &amp#27;[37m-->&amp#27;[39m &amp#27;[37mPOST&amp#27;[39m &amp#27;[37m/wd/hub/session/398dee64-70ff-4aa8-93fe-15203e22a825/touch/perform&amp#27;[39m
&amp#27;[35m[HTTP]&amp#27;[39m &amp#27;[90m{"actions":[{"action":"tap","options":{"element":"7d0feece-5eb1-4ec6-954b-4e2fc722c696"}}]}&amp#27;[39m
[debug] &amp#27;[35m[W3C (398dee64)]&amp#27;[39m Calling AppiumDriver.performTouch() with args: [[{"action":"tap","options":{"element":"7d0feece-5eb1-4ec6-954b-4e2fc722c696"}}],"398dee64-70ff-4aa8-93fe-15203e22a825"]
&amp#27;[35m[UiAutomator2]&amp#27;[39m calling get location: 7d0feece-5eb1-4ec6-954b-4e2fc722c696
[debug] &amp#27;[35m[WD Proxy]&amp#27;[39m Matched '/element/7d0feece-5eb1-4ec6-954b-4e2fc722c696/location' to command name 'getLocation'
[debug] &amp#27;[35m[WD Proxy]&amp#27;[39m Proxying [GET /element/7d0feece-5eb1-4ec6-954b-4e2fc722c696/location] to [GET http://127.0.0.1:8200/wd/hub/session/cc62537a-8d01-44ea-b9c6-443182012de6/element/7d0feece-5eb1-4ec6-954b-4e2fc722c696/location] with body: {}
[debug] &amp#27;[35m[WD Proxy]&amp#27;[39m Got response with status 200: {"sessionId":"cc62537a-8d01-44ea-b9c6-443182012de6","value":{"x":44,"y":1650}}
[debug] &amp#27;[35m[WD Proxy]&amp#27;[39m Matched '/element/7d0feece-5eb1-4ec6-954b-4e2fc722c696/size' to command name 'getSize'
[debug] &amp#27;[35m[WD Proxy]&amp#27;[39m Proxying [GET /element/7d0feece-5eb1-4ec6-954b-4e2fc722c696/size] to [GET http://127.0.0.1:8200/wd/hub/session/cc62537a-8d01-44ea-b9c6-443182012de6/element/7d0feece-5eb1-4ec6-954b-4e2fc722c696/size] with body: {}
[debug] &amp#27;[35m[WD Proxy]&amp#27;[39m Got response with status 200: {"sessionId":"cc62537a-8d01-44ea-b9c6-443182012de6","value":{"width":975,"height":88}}
[debug] &amp#27;[35m[WD Proxy]&amp#27;[39m Matched '/element/7d0feece-5eb1-4ec6-954b-4e2fc722c696/click' to command name 'click'
[debug] &amp#27;[35m[WD Proxy]&amp#27;[39m Proxying [POST /element/7d0feece-5eb1-4ec6-954b-4e2fc722c696/click] to [POST http://127.0.0.1:8200/wd/hub/session/cc62537a-8d01-44ea-b9c6-443182012de6/element/7d0feece-5eb1-4ec6-954b-4e2fc722c696/click] with body: {"element":"7d0feece-5eb1-4ec6-954b-4e2fc722c696","x":531.5,"y":1694}
[debug] &amp#27;[35m[WD Proxy]&amp#27;[39m Got response with status 200: {"sessionId":"cc62537a-8d01-44ea-b9c6-443182012de6","value":null}
[debug] &amp#27;[35m[W3C (398dee64)]&amp#27;[39m Responding to client with driver.performTouch() result: null
&amp#27;[35m[HTTP]&amp#27;[39m &amp#27;[37m<-- POST /wd/hub/session/398dee64-70ff-4aa8-93fe-15203e22a825/touch/perform &amp#27;[39m&amp#27;[32m200&amp#27;[39m &amp#27;[90m50 ms - 14&amp#27;[39m
&amp#27;[35m[HTTP]&amp#27;[39m &amp#27;[90m&amp#27;[39m
&amp#27;[35m[HTTP]&amp#27;[39m &amp#27;[37m-->&amp#27;[39m &amp#27;[37mPOST&amp#27;[39m &amp#27;[37m/wd/hub/session/398dee64-70ff-4aa8-93fe-15203e22a825/element&amp#27;[39m
&amp#27;[35m[HTTP]&amp#27;[39m &amp#27;[90m{"using":"xpath","value":"//*[@text=\"Please read our terms of conditions\"]"}&amp#27;[39m
[debug] &amp#27;[35m[W3C (398dee64)]&amp#27;[39m Calling AppiumDriver.findElement() with args: ["xpath","//*[@text=\"Please read our terms of conditions\"]","398dee64-70ff-4aa8-93fe-15203e22a825"]
[debug] &amp#27;[35m[BaseDriver]&amp#27;[39m Valid locator strategies for this request: xpath, id, class name, accessibility id, -android uiautomator
[debug] &amp#27;[35m[BaseDriver]&amp#27;[39m Waiting up to 30000 ms for condition
[debug] &amp#27;[35m[WD Proxy]&amp#27;[39m Matched '/element' to command name 'findElement'
[debug] &amp#27;[35m[WD Proxy]&amp#27;[39m Proxying [POST /element] to [POST http://127.0.0.1:8200/wd/hub/session/cc62537a-8d01-44ea-b9c6-443182012de6/element] with body: {"strategy":"xpath","selector":"//*[@text=\"Please read our terms of conditions\"]","context":"","multiple":false}
[debug] &amp#27;[35m[WD Proxy]&amp#27;[39m Got response with status 200: {"sessionId":"cc62537a-8d01-44ea-b9c6-443182012de6","value":{"ELEMENT":"ec782bf6-ae7a-49b8-b600-7adcda918419","element-6066-11e4-a52e-4f735466cecf":"ec782bf6-ae7a-49b8-b600-7adcda918419"}}
[debug] &amp#27;[35m[W3C (398dee64)]&amp#27;[39m Responding to client with driver.findElement() result: {"element-6066-11e4-a52e-4f735466cecf":"ec782bf6-ae7a-49b8-b600-7adcda918419","ELEMENT":"ec782bf6-ae7a-49b8-b600-7adcda918419"}
&amp#27;[35m[HTTP]&amp#27;[39m &amp#27;[37m<-- POST /wd/hub/session/398dee64-70ff-4aa8-93fe-15203e22a825/element &amp#27;[39m&amp#27;[32m200&amp#27;[39m &amp#27;[90m236 ms - 137&amp#27;[39m
&amp#27;[35m[HTTP]&amp#27;[39m &amp#27;[90m&amp#27;[39m
&amp#27;[35m[HTTP]&amp#27;[39m &amp#27;[37m-->&amp#27;[39m &amp#27;[37mPOST&amp#27;[39m &amp#27;[37m/wd/hub/session/398dee64-70ff-4aa8-93fe-15203e22a825/touch/perform&amp#27;[39m
&amp#27;[35m[HTTP]&amp#27;[39m &amp#27;[90m{"actions":[{"action":"longPress","options":{"duration":3000,"element":"ec782bf6-ae7a-49b8-b600-7adcda918419"}},{"action":"release","options":{}}]}&amp#27;[39m
[debug] &amp#27;[35m[W3C (398dee64)]&amp#27;[39m Calling AppiumDriver.performTouch() with args: [[{"action":"longPress","options":{"duration":3000,"element":"ec782bf6-ae7a-49b8-b600-7adcda918419"}},{"action":"release","options":{}}],"398dee64-70ff-4aa8-93fe-15203e22a825"]
&amp#27;[35m[UiAutomator2]&amp#27;[39m calling get location: ec782bf6-ae7a-49b8-b600-7adcda918419
[debug] &amp#27;[35m[WD Proxy]&amp#27;[39m Matched '/element/ec782bf6-ae7a-49b8-b600-7adcda918419/location' to command name 'getLocation'
[debug] &amp#27;[35m[WD Proxy]&amp#27;[39m Proxying [GET /element/ec782bf6-ae7a-49b8-b600-7adcda918419/location] to [GET http://127.0.0.1:8200/wd/hub/session/cc62537a-8d01-44ea-b9c6-443182012de6/element/ec782bf6-ae7a-49b8-b600-7adcda918419/location] with body: {}
[debug] &amp#27;[35m[WD Proxy]&amp#27;[39m Got response with status 200: {"sessionId":"cc62537a-8d01-44ea-b9c6-443182012de6","value":{"x":55,"y":1983}}
[debug] &amp#27;[35m[WD Proxy]&amp#27;[39m Matched '/element/ec782bf6-ae7a-49b8-b600-7adcda918419/size' to command name 'getSize'
[debug] &amp#27;[35m[WD Proxy]&amp#27;[39m Proxying [GET /element/ec782bf6-ae7a-49b8-b600-7adcda918419/size] to [GET http://127.0.0.1:8200/wd/hub/session/cc62537a-8d01-44ea-b9c6-443182012de6/element/ec782bf6-ae7a-49b8-b600-7adcda918419/size] with body: {}
[debug] &amp#27;[35m[WD Proxy]&amp#27;[39m Got response with status 200: {"sessionId":"cc62537a-8d01-44ea-b9c6-443182012de6","value":{"width":970,"height":83}}
[debug] &amp#27;[35m[WD Proxy]&amp#27;[39m Matched '/touch/longclick' to command name 'touchLongClick'
[debug] &amp#27;[35m[WD Proxy]&amp#27;[39m Proxying [POST /touch/longclick] to [POST http://127.0.0.1:8200/wd/hub/session/cc62537a-8d01-44ea-b9c6-443182012de6/touch/longclick] with body: {"params":{"element":"ec782bf6-ae7a-49b8-b600-7adcda918419","x":540,"y":2024.5,"duration":3000}}
[debug] &amp#27;[35m[WD Proxy]&amp#27;[39m Got response with status 200: {"sessionId":"cc62537a-8d01-44ea-b9c6-443182012de6","value":null}
[debug] &amp#27;[35m[W3C (398dee64)]&amp#27;[39m Responding to client with driver.performTouch() result: null
&amp#27;[35m[HTTP]&amp#27;[39m &amp#27;[37m<-- POST /wd/hub/session/398dee64-70ff-4aa8-93fe-15203e22a825/touch/perform &amp#27;[39m&amp#27;[32m200&amp#27;[39m &amp#27;[90m4842 ms - 14&amp#27;[39m
&amp#27;[35m[HTTP]&amp#27;[39m &amp#27;[90m&amp#27;[39m
&amp#27;[35m[HTTP]&amp#27;[39m &amp#27;[37m-->&amp#27;[39m &amp#27;[37mPOST&amp#27;[39m &amp#27;[37m/wd/hub/session/398dee64-70ff-4aa8-93fe-15203e22a825/element&amp#27;[39m
&amp#27;[35m[HTTP]&amp#27;[39m &amp#27;[90m{"using":"xpath","value":"//*[@text=\"CLOSE\"]"}&amp#27;[39m
[debug] &amp#27;[35m[W3C (398dee64)]&amp#27;[39m Calling AppiumDriver.findElement() with args: ["xpath","//*[@text=\"CLOSE\"]","398dee64-70ff-4aa8-93fe-15203e22a825"]
[debug] &amp#27;[35m[BaseDriver]&amp#27;[39m Valid locator strategies for this request: xpath, id, class name, accessibility id, -android uiautomator
[debug] &amp#27;[35m[BaseDriver]&amp#27;[39m Waiting up to 30000 ms for condition
[debug] &amp#27;[35m[WD Proxy]&amp#27;[39m Matched '/element' to command name 'findElement'
[debug] &amp#27;[35m[WD Proxy]&amp#27;[39m Proxying [POST /element] to [POST http://127.0.0.1:8200/wd/hub/session/cc62537a-8d01-44ea-b9c6-443182012de6/element] with body: {"strategy":"xpath","selector":"//*[@text=\"CLOSE\"]","context":"","multiple":false}
[debug] &amp#27;[35m[WD Proxy]&amp#27;[39m Got response with status 200: {"sessionId":"cc62537a-8d01-44ea-b9c6-443182012de6","value":{"ELEMENT":"116a94cb-85fa-40b2-8ff7-8ae91d9428e8","element-6066-11e4-a52e-4f735466cecf":"116a94cb-85fa-40b2-8ff7-8ae91d9428e8"}}
[...]
[debug] &amp#27;[35m[AndroidDriver]&amp#27;[39m Getting process name for webview
[debug] &amp#27;[35m[ADB]&amp#27;[39m Running 'C:\Users\AnjaliJha\AppData\Local\Android\Sdk\platform-tools\adb.exe -P 5037 -s emulator-5554 shell ps'
[debug] &amp#27;[35m[AndroidDriver]&amp#27;[39m Parsed pid: '18876' pkg: 'org.khanacademy.android' from
[debug] &amp#27;[35m[AndroidDriver]&amp#27;[39m     USER           PID  PPID     VSZ    RSS WCHAN            ADDR S NAME
[debug] &amp#27;[35m[AndroidDriver]&amp#27;[39m     u0_a84       18876  1515 1675516 121440 SyS_epoll_wait      0 S org.khanacademy.android
[debug] &amp#27;[35m[AndroidDriver]&amp#27;[39m Returning process name: 'org.khanacademy.android'
[debug] &amp#27;[35m[AndroidDriver]&amp#27;[39m Parsed pid: '21368' pkg: 'com.androidsample.generalstore' from
[debug] &amp#27;[35m[AndroidDriver]&amp#27;[39m     USER           PID  PPID     VSZ    RSS WCHAN            ADDR S NAME
[debug] &amp#27;[35m[AndroidDriver]&amp#27;[39m     u0_a206      21368  1515 1625272 168268 SyS_epoll_wait      0 S com.androidsample.generalstore
[debug] &amp#27;[35m[AndroidDriver]&amp#27;[39m Returning process name: 'com.androidsample.generalstore'
[debug] &amp#27;[35m[AndroidDriver]&amp#27;[39m Found webviews: ["WEBVIEW_org.khanacademy.android","WEBVIEW_chrome","WEBVIEW_com.androidsample.generalstore"]
[debug] &amp#27;[35m[AndroidDriver]&amp#27;[39m Available contexts: ["NATIVE_APP","WEBVIEW_org.khanacademy.android","WEBVIEW_chrome","WEBVIEW_com.androidsample.generalstore"]
[debug] &amp#27;[35m[W3C (398dee64)]&amp#27;[39m Responding to client with driver.getContexts() result: ["NATIVE_APP","WEBVIEW_org.khanacademy.android","WEBVIEW_chrome","WEBVIEW_com.androidsample.generalstore"]
&amp#27;[35m[HTTP]&amp#27;[39m &amp#27;[37m<-- GET /wd/hub/session/398dee64-70ff-4aa8-93fe-15203e22a825/contexts &amp#27;[39m&amp#27;[32m200&amp#27;[39m &amp#27;[90m301 ms - 116&amp#27;[39m
&amp#27;[35m[HTTP]&amp#27;[39m &amp#27;[90m&amp#27;[39m
NATIVE_APP
WEBVIEW_org.khanacademy.android
WEBVIEW_chrome
WEBVIEW_com.androidsample.generalstore
&amp#27;[35m[HTTP]&amp#27;[39m &amp#27;[37m-->&amp#27;[39m &amp#27;[37mPOST&amp#27;[39m &amp#27;[37m/wd/hub/session/398dee64-70ff-4aa8-93fe-15203e22a825/context&amp#27;[39m
&amp#27;[35m[HTTP]&amp#27;[39m &amp#27;[90m{"name":"WEBVIEW_com.androidsample.generalstore"}&amp#27;[39m
[debug] &amp#27;[35m[W3C (398dee64)]&amp#27;[39m Calling AppiumDriver.setContext() with args: ["WEBVIEW_com.androidsample.generalstore","398dee64-70ff-4aa8-93fe-15203e22a825"]
[debug] &amp#27;[35m[AndroidDriver]&amp#27;[39m Getting a list of available webviews
[debug] &amp#27;[35m[ADB]&amp#27;[39m Running 'C:\Users\AnjaliJha\AppData\Local\Android\Sdk\platform-tools\adb.exe -P 5037 -s emulator-5554 shell cat /proc/net/unix'
&amp#27;[35m[AndroidDriver]&amp#27;[39m Not checking whether webviews have active pages; use the 'ensureWebviewsHavePages' cap to turn this check on
[debug] &amp#27;[35m[AndroidDriver]&amp#27;[39m WEBVIEW_18876 mapped to pid 18876
[debug] &amp#27;[35m[AndroidDriver]&amp#27;[39m Getting process name for webview
[debug] &amp#27;[35m[ADB]&amp#27;[39m Running 'C:\Users\AnjaliJha\AppData\Local\Android\Sdk\platform-tools\adb.exe -P 5037 -s emulator-5554 shell ps'
[debug] &amp#27;[35m[AndroidDriver]&amp#27;[39m WEBVIEW_21368 mapped to pid 21368
[debug] &amp#27;[35m[AndroidDriver]&amp#27;[39m Getting process name for webview
[debug] &amp#27;[35m[ADB]&amp#27;[39m Running 'C:\Users\AnjaliJha\AppData\Local\Android\Sdk\platform-tools\adb.exe -P 5037 -s emulator-5554 shell ps'
[debug] &amp#27;[35m[AndroidDriver]&amp#27;[39m Parsed pid: '18876' pkg: 'org.khanacademy.android' from
[debug] &amp#27;[35m[AndroidDriver]&amp#27;[39m     USER           PID  PPID     VSZ    RSS WCHAN            ADDR S NAME
[debug] &amp#27;[35m[AndroidDriver]&amp#27;[39m     u0_a84       18876  1515 1675516 120872 SyS_epoll_wait      0 S org.khanacademy.android
[debug] &amp#27;[35m[AndroidDriver]&amp#27;[39m Returning process name: 'org.khanacademy.android'
[debug] &amp#27;[35m[AndroidDriver]&amp#27;[39m Parsed pid: '21368' pkg: 'com.androidsample.generalstore' from
[debug] &amp#27;[35m[AndroidDriver]&amp#27;[39m     USER           PID  PPID     VSZ    RSS WCHAN            ADDR S NAME
[debug] &amp#27;[35m[AndroidDriver]&amp#27;[39m     u0_a206      21368  1515 1619000 160752 SyS_epoll_wait      0 S com.androidsample.generalstore
[debug] &amp#27;[35m[AndroidDriver]&amp#27;[39m Returning process name: 'com.androidsample.generalstore'
[debug] &amp#27;[35m[AndroidDriver]&amp#27;[39m Found webviews: ["WEBVIEW_org.khanacademy.android","WEBVIEW_chrome","WEBVIEW_com.androidsample.generalstore"]
[debug] &amp#27;[35m[AndroidDriver]&amp#27;[39m Available contexts: ["NATIVE_APP","WEBVIEW_org.khanacademy.android","WEBVIEW_chrome","WEBVIEW_com.androidsample.generalstore"]
[debug] &amp#27;[35m[AndroidDriver]&amp#27;[39m Connecting to chrome-backed webview context 'WEBVIEW_com.androidsample.generalstore'
[debug] &amp#27;[35m[AndroidDriver]&amp#27;[39m A port was not given, using random free port: 8000
[debug] &amp#27;[35m[AndroidDriver]&amp#27;[39m Automated Chromedriver download is disabled. Use 'chromedriver_autodownload' server feature to enable it
[debug] &amp#27;[35m[AndroidDriver]&amp#27;[39m Before starting chromedriver, androidPackage is 'com.androidsample.generalstore'
[debug] &amp#27;[35m[Chromedriver]&amp#27;[39m Changed state to 'starting'
&amp#27;[35m[Chromedriver]&amp#27;[39m Set chromedriver binary as: C:\Users\AnjaliJha\Desktop\SDETLearn\Appium\chromedriver.exe
[debug] &amp#27;[35m[Chromedriver]&amp#27;[39m Killing any old chromedrivers, running: wmic process where "commandline like '%chromedriver.exe%--port=8000%'" delete
[debug] &amp#27;[35m[Chromedriver]&amp#27;[39m Successfully cleaned up old chromedrivers
[debug] &amp#27;[35m[Chromedriver]&amp#27;[39m Cleaning any old adb forwarded port socket connections
[debug] &amp#27;[35m[ADB]&amp#27;[39m List forwarding ports
[debug] &amp#27;[35m[ADB]&amp#27;[39m Running 'C:\Users\AnjaliJha\AppData\Local\Android\Sdk\platform-tools\adb.exe -P 5037 -s emulator-5554 forward --list'
&amp#27;[35m[Chromedriver]&amp#27;[39m Spawning chromedriver with: C:\Users\AnjaliJha\Desktop\SDETLearn\Appium\chromedriver.exe --url-base=wd/hub --port=8000 --adb-port=5037 --verbose
[debug] &amp#27;[35m[Chromedriver]&amp#27;[39m Chromedriver version: '87.0.4280.88'
[debug] &amp#27;[35m[WD Proxy]&amp#27;[39m Matched '/status' to command name 'getStatus'
[debug] &amp#27;[35m[WD Proxy]&amp#27;[39m Proxying [GET /status] to [GET http://127.0.0.1:8000/wd/hub/status] with no body
&amp#27;[35m[WD Proxy]&amp#27;[39m Got response with unknown status: {"errno":-4078,"code":"ECONNREFUSED","syscall":"connect","address":"127.0.0.1","port":8000}
[debug] &amp#27;[35m[WD Proxy]&amp#27;[39m Matched '/status' to command name 'getStatus'
[debug] &amp#27;[35m[WD Proxy]&amp#27;[39m Proxying [GET /status] to [GET http://127.0.0.1:8000/wd/hub/status] with no body
[debug] &amp#27;[35m[WD Proxy]&amp#27;[39m Got response with status 200: {"value":{"build":{"version":"87.0.4280.88 (89e2380a3e36c3464b5dd1302349b1382549290d-refs/branch-heads/4280@{#1761})"},"message":"ChromeDriver ready for new sessions.","os":{"arch":"x86_64","name":"Windows NT","version":"10.0.19041"},"ready":true}}
&amp#27;[35m[Chromedriver]&amp#27;[39m Starting W3C Chromedriver session with capabilities: {
&amp#27;[35m[Chromedriver]&amp#27;[39m   "capabilities": {
&amp#27;[35m[Chromedriver]&amp#27;[39m     "alwaysMatch": {
&amp#27;[35m[Chromedriver]&amp#27;[39m       "goog:chromeOptions": {
&amp#27;[35m[Chromedriver]&amp#27;[39m         "androidPackage": "com.androidsample.generalstore",
&amp#27;[35m[Chromedriver]&amp#27;[39m         "androidUseRunningApp": true,
&amp#27;[35m[Chromedriver]&amp#27;[39m         "androidDeviceSerial": "emulator-5554"
&amp#27;[35m[Chromedriver]&amp#27;[39m       },
&amp#27;[35m[Chromedriver]&amp#27;[39m       "goog:loggingPrefs": {
&amp#27;[35m[Chromedriver]&amp#27;[39m         "browser": "ALL"
&amp#27;[35m[Chromedriver]&amp#27;[39m       }
&amp#27;[35m[Chromedriver]&amp#27;[39m     }
&amp#27;[35m[Chromedriver]&amp#27;[39m   }
&amp#27;[35m[Chromedriver]&amp#27;[39m }
[debug] &amp#27;[35m[WD Proxy]&amp#27;[39m Matched '/session' to command name 'createSession'
[debug] &amp#27;[35m[WD Proxy]&amp#27;[39m Proxying [POST /session] to [POST http://127.0.0.1:8000/wd/hub/session] with body: {"capabilities":{"alwaysMatch":{"goog:chromeOptions":{"androidPackage":"com.androidsample.generalstore","androidUseRunningApp":true,"androidDeviceSerial":"emulator-5554"},"goog:loggingPrefs":{"browser":"ALL"}}}}
[debug] &amp#27;[35m[Chromedriver]&amp#27;[39m Webview version: 'Chrome/87.0.4280.141'
[debug] &amp#27;[35m[WD Proxy]&amp#27;[39m Got response with status 200: {"value":{"capabilities":{"acceptInsecureCerts":false,"browserName":"chrome","browserVersion":"87.0.4280.141","chrome":{"chromedriverVersion":"87.0.4280.88 (89e2380a3e36c3464b5dd1302349b1382549290d-refs/branch-heads/4280@{#1761})"},"goog:chromeOptions":{"debuggerAddress":"localhost:56648"},"pageLoadStrategy":"normal","platformName":"android","proxy":{},"setWindowRect":false,"strictFileInteractability":false,"timeouts":{"implicit":0,"pageLoad":300000,"script":30000},"unhandledPromptBehavior":"dismiss and notify","webauthn:virtualAuthenticators":false},"sessionId":"141a46b505071228cba03926b1742446"}}
&amp#27;[35m[WD Proxy]&amp#27;[39m Determined the downstream protocol as 'W3C'
[debug] &amp#27;[35m[Chromedriver]&amp#27;[39m Changed state to 'online'
[debug] &amp#27;[35m[W3C (398dee64)]&amp#27;[39m Responding to client with driver.setContext() result: null
&amp#27;[35m[HTTP]&amp#27;[39m &amp#27;[37m<-- POST /wd/hub/session/398dee64-70ff-4aa8-93fe-15203e22a825/context &amp#27;[39m&amp#27;[32m200&amp#27;[39m &amp#27;[90m4706 ms - 14&amp#27;[39m
&amp#27;[35m[HTTP]&amp#27;[39m &amp#27;[90m&amp#27;[39m
&amp#27;[35m[HTTP]&amp#27;[39m &amp#27;[37m-->&amp#27;[39m &amp#27;[37mPOST&amp#27;[39m &amp#27;[37m/wd/hub/session/398dee64-70ff-4aa8-93fe-15203e22a825/element&amp#27;[39m
&amp#27;[35m[HTTP]&amp#27;[39m &amp#27;[90m{"using":"xpath","value":"//*[@name=\"q\"]"}&amp#27;[39m
&amp#27;[35m[W3C (398dee64)]&amp#27;[39m Driver proxy active, passing request on via HTTP proxy
[debug] &amp#27;[35m[WD Proxy]&amp#27;[39m Matched '/wd/hub/session/398dee64-70ff-4aa8-93fe-15203e22a825/element' to command name 'findElement'
[debug] &amp#27;[35m[WD Proxy]&amp#27;[39m Proxying [POST /wd/hub/session/398dee64-70ff-4aa8-93fe-15203e22a825/element] to [POST http://127.0.0.1:8000/wd/hub/session/141a46b505071228cba03926b1742446/element] with body: {"using":"xpath","value":"//*[@name=\"q\"]"}
[debug] &amp#27;[35m[WD Proxy]&amp#27;[39m Got response with status 200: {"value":{"element-6066-11e4-a52e-4f735466cecf":"52ddacb5-13c3-473f-8bfd-8be39204205f"}}
&amp#27;[35m[HTTP]&amp#27;[39m &amp#27;[37m<-- POST /wd/hub/session/398dee64-70ff-4aa8-93fe-15203e22a825/element &amp#27;[39m&amp#27;[32m200&amp#27;[39m &amp#27;[90m40 ms - 137&amp#27;[39m
&amp#27;[35m[HTTP]&amp#27;[39m &amp#27;[90m&amp#27;[39m
&amp#27;[35m[HTTP]&amp#27;[39m &amp#27;[37m-->&amp#27;[39m &amp#27;[37mPOST&amp#27;[39m &amp#27;[37m/wd/hub/session/398dee64-70ff-4aa8-93fe-15203e22a825/element/52ddacb5-13c3-473f-8bfd-8be39204205f/value&amp#27;[39m
&amp#27;[35m[HTTP]&amp#27;[39m &amp#27;[90m{"id":"52ddacb5-13c3-473f-8bfd-8be39204205f","text":"IBM","value":["I","B","M"]}&amp#27;[39m
&amp#27;[35m[W3C (398dee64)]&amp#27;[39m Driver proxy active, passing request on via HTTP proxy
[debug] &amp#27;[35m[WD Proxy]&amp#27;[39m Matched '/wd/hub/session/398dee64-70ff-4aa8-93fe-15203e22a825/element/52ddacb5-13c3-473f-8bfd-8be39204205f/value' to command name 'setValue'
[debug] &amp#27;[35m[WD Proxy]&amp#27;[39m Proxying [POST /wd/hub/session/398dee64-70ff-4aa8-93fe-15203e22a825/element/52ddacb5-13c3-473f-8bfd-8be39204205f/value] to [POST http://127.0.0.1:8000/wd/hub/session/141a46b505071228cba03926b1742446/element/52ddacb5-13c3-473f-8bfd-8be39204205f/value] with body: {"id":"52ddacb5-13c3-473f-8bfd-8be39204205f","text":"IBM","value":["I","B","M"]}
[debug] &amp#27;[35m[WD Proxy]&amp#27;[39m Got response with status 200: {"value":null}
&amp#27;[35m[HTTP]&amp#27;[39m &amp#27;[37m<-- POST /wd/hub/session/398dee64-70ff-4aa8-93fe-15203e22a825/element/52ddacb5-13c3-473f-8bfd-8be39204205f/value &amp#27;[39m&amp#27;[32m200&amp#27;[39m &amp#27;[90m624 ms - 14&amp#27;[39m
&amp#27;[35m[HTTP]&amp#27;[39m &amp#27;[90m&amp#27;[39m
&amp#27;[35m[HTTP]&amp#27;[39m &amp#27;[37m-->&amp#27;[39m &amp#27;[37mPOST&amp#27;[39m &amp#27;[37m/wd/hub/session/398dee64-70ff-4aa8-93fe-15203e22a825/element&amp#27;[39m
&amp#27;[35m[HTTP]&amp#27;[39m &amp#27;[90m{"using":"xpath","value":"//*[@name=\"q\"]"}&amp#27;[39m
&amp#27;[35m[W3C (398dee64)]&amp#27;[39m Driver proxy active, passing request on via HTTP proxy
[debug] &amp#27;[35m[WD Proxy]&amp#27;[39m Matched '/wd/hub/session/398dee64-70ff-4aa8-93fe-15203e22a825/element' to command name 'findElement'
[debug] &amp#27;[35m[WD Proxy]&amp#27;[39m Proxying [POST /wd/hub/session/398dee64-70ff-4aa8-93fe-15203e22a825/element] to [POST http://127.0.0.1:8000/wd/hub/session/141a46b505071228cba03926b1742446/element] with body: {"using":"xpath","value":"//*[@name=\"q\"]"}
[debug] &amp#27;[35m[WD Proxy]&amp#27;[39m Got response with status 200: {"value":{"element-6066-11e4-a52e-4f735466cecf":"52ddacb5-13c3-473f-8bfd-8be39204205f"}}
&amp#27;[35m[HTTP]&amp#27;[39m &amp#27;[37m<-- POST /wd/hub/session/398dee64-70ff-4aa8-93fe-15203e22a825/element &amp#27;[39m&amp#27;[32m200&amp#27;[39m &amp#27;[90m740 ms - 137&amp#27;[39m
&amp#27;[35m[HTTP]&amp#27;[39m &amp#27;[90m&amp#27;[39m
&amp#27;[35m[HTTP]&amp#27;[39m &amp#27;[37m-->&amp#27;[39m &amp#27;[37mPOST&amp#27;[39m &amp#27;[37m/wd/hub/session/398dee64-70ff-4aa8-93fe-15203e22a825/element/52ddacb5-13c3-473f-8bfd-8be39204205f/value&amp#27;[39m
&amp#27;[35m[HTTP]&amp#27;[39m &amp#27;[90m{"id":"52ddacb5-13c3-473f-8bfd-8be39204205f","text":"î€‡","value":["î€‡"]}&amp#27;[39m
&amp#27;[35m[W3C (398dee64)]&amp#27;[39m Driver proxy active, passing request on via HTTP proxy
[debug] &amp#27;[35m[WD Proxy]&amp#27;[39m Matched '/wd/hub/session/398dee64-70ff-4aa8-93fe-15203e22a825/element/52ddacb5-13c3-473f-8bfd-8be39204205f/value' to command name 'setValue'
[debug] &amp#27;[35m[WD Proxy]&amp#27;[39m Proxying [POST /wd/hub/session/398dee64-70ff-4aa8-93fe-15203e22a825/element/52ddacb5-13c3-473f-8bfd-8be39204205f/value] to [POST http://127.0.0.1:8000/wd/hub/session/141a46b505071228cba03926b1742446/element/52ddacb5-13c3-473f-8bfd-8be39204205f/value] with body: {"id":"52ddacb5-13c3-473f-8bfd-8be39204205f","text":"î€‡","value":["î€‡"]}
[debug] &amp#27;[35m[WD Proxy]&amp#27;[39m Got response with status 200: {"value":null}
&amp#27;[35m[HTTP]&amp#27;[39m &amp#27;[37m<-- POST /wd/hub/session/398dee64-70ff-4aa8-93fe-15203e22a825/element/52ddacb5-13c3-473f-8bfd-8be39204205f/value &amp#27;[39m&amp#27;[32m200&amp#27;[39m &amp#27;[90m622 ms - 14&amp#27;[39m
&amp#27;[35m[HTTP]&amp#27;[39m &amp#27;[90m&amp#27;[39m
&amp#27;[35m[HTTP]&amp#27;[39m &amp#27;[37m-->&amp#27;[39m &amp#27;[37mPOST&amp#27;[39m &amp#27;[37m/wd/hub/session/398dee64-70ff-4aa8-93fe-15203e22a825/appium/device/press_keycode&amp#27;[39m
&amp#27;[35m[HTTP]&amp#27;[39m &amp#27;[90m{"keycode":4}&amp#27;[39m
[debug] &amp#27;[35m[W3C (398dee64)]&amp#27;[39m Calling AppiumDriver.pressKeyCode() with args: [4,null,null,null,null,"398dee64-70ff-4aa8-93fe-15203e22a825"]
[debug] &amp#27;[35m[WD Proxy]&amp#27;[39m Matched '/appium/device/press_keycode' to command name 'pressKeyCode'
[debug] &amp#27;[35m[WD Proxy]&amp#27;[39m Proxying [POST /appium/device/press_keycode] to [POST http://127.0.0.1:8200/wd/hub/session/cc62537a-8d01-44ea-b9c6-443182012de6/appium/device/press_keycode] with body: {"keycode":4,"metastate":null,"flags":null}
[debug] &amp#27;[35m[WD Proxy]&amp#27;[39m Got response with status 200: {"sessionId":"cc62537a-8d01-44ea-b9c6-443182012de6","value":null}
[debug] &amp#27;[35m[W3C (398dee64)]&amp#27;[39m Responding to client with driver.pressKeyCode() result: null
&amp#27;[35m[HTTP]&amp#27;[39m &amp#27;[37m<-- POST /wd/hub/session/398dee64-70ff-4aa8-93fe-15203e22a825/appium/device/press_keycode &amp#27;[39m&amp#27;[32m200&amp#27;[39m &amp#27;[90m322 ms - 14&amp#27;[39m
&amp#27;[35m[HTTP]&amp#27;[39m &amp#27;[90m&amp#27;[39m
&amp#27;[35m[HTTP]&amp#27;[39m &amp#27;[37m-->&amp#27;[39m &amp#27;[37mPOST&amp#27;[39m &amp#27;[37m/wd/hub/session/398dee64-70ff-4aa8-93fe-15203e22a825/context&amp#27;[39m
&amp#27;[35m[HTTP]&amp#27;[39m &amp#27;[90m{"name":"NATIVE_APP"}&amp#27;[39m
[debug] &amp#27;[35m[W3C (398dee64)]&amp#27;[39m Calling AppiumDriver.setContext() with args: ["NATIVE_APP","398dee64-70ff-4aa8-93fe-15203e22a825"]
[debug] &amp#27;[35m[AndroidDriver]&amp#27;[39m Getting a list of available webviews
[debug] &amp#27;[35m[ADB]&amp#27;[39m Running 'C:\Users\AnjaliJha\AppData\Local\Android\Sdk\platform-tools\adb.exe -P 5037 -s emulator-5554 shell cat /proc/net/unix'
&amp#27;[35m[AndroidDriver]&amp#27;[39m Not checking whether webviews have active pages; use the 'ensureWebviewsHavePages' cap to turn this check on
[debug] &amp#27;[35m[AndroidDriver]&amp#27;[39m WEBVIEW_18876 mapped to pid 18876
[debug] &amp#27;[35m[AndroidDriver]&amp#27;[39m Getting process name for webview
[debug] &amp#27;[35m[ADB]&amp#27;[39m Running 'C:\Users\AnjaliJha\AppData\Local\Android\Sdk\platform-tools\adb.exe -P 5037 -s emulator-5554 shell ps'
[debug] &amp#27;[35m[AndroidDriver]&amp#27;[39m WEBVIEW_21368 mapped to pid 21368
[debug] &amp#27;[35m[AndroidDriver]&amp#27;[39m Getting process name for webview
[debug] &amp#27;[35m[ADB]&amp#27;[39m Running 'C:\Users\AnjaliJha\AppData\Local\Android\Sdk\platform-tools\adb.exe -P 5037 -s emulator-5554 shell ps'
[debug] &amp#27;[35m[AndroidDriver]&amp#27;[39m Parsed pid: '21368' pkg: 'com.androidsample.generalstore' from
[debug] &amp#27;[35m[AndroidDriver]&amp#27;[39m     USER           PID  PPID     VSZ    RSS WCHAN            ADDR S NAME
[debug] &amp#27;[35m[AndroidDriver]&amp#27;[39m     u0_a206      21368  1515 1633972 162744                     0 R com.androidsample.generalstore
[debug] &amp#27;[35m[AndroidDriver]&amp#27;[39m Returning process name: 'com.androidsample.generalstore'
[debug] &amp#27;[35m[AndroidDriver]&amp#27;[39m Parsed pid: '18876' pkg: 'org.khanacademy.android' from
[debug] &amp#27;[35m[AndroidDriver]&amp#27;[39m     USER           PID  PPID     VSZ    RSS WCHAN            ADDR S NAME
[debug] &amp#27;[35m[AndroidDriver]&amp#27;[39m     u0_a84       18876  1515 1675516 110448 SyS_epoll_wait      0 S org.khanacademy.android
[debug] &amp#27;[35m[AndroidDriver]&amp#27;[39m Returning process name: 'org.khanacademy.android'
[debug] &amp#27;[35m[AndroidDriver]&amp#27;[39m Found webviews: ["WEBVIEW_org.khanacademy.android","WEBVIEW_chrome","WEBVIEW_com.androidsample.generalstore"]
[debug] &amp#27;[35m[AndroidDriver]&amp#27;[39m Available contexts: ["NATIVE_APP","WEBVIEW_org.khanacademy.android","WEBVIEW_chrome","WEBVIEW_com.androidsample.generalstore"]
[debug] &amp#27;[35m[W3C (398dee64)]&amp#27;[39m Responding to client with driver.setContext() result: null
&amp#27;[35m[HTTP]&amp#27;[39m &amp#27;[37m<-- POST /wd/hub/session/398dee64-70ff-4aa8-93fe-15203e22a825/context &amp#27;[39m&amp#27;[32m200&amp#27;[39m &amp#27;[90m688 ms - 14&amp#27;[39m
&amp#27;[35m[HTTP]&amp#27;[39m &amp#27;[90m&amp#27;[39m
]]></system-out>
    <system-err><![CDATA[SLF4J: Failed to load class "org.slf4j.impl.StaticLoggerBinder".
SLF4J: Defaulting to no-operation (NOP) logger implementation
SLF4J: See http://www.slf4j.org/codes.html#StaticLoggerBinder for further details.
Feb 01, 2021 9:20:55 PM io.appium.java_client.remote.AppiumCommandExecutor$1 lambda$0
INFO: Detected dialect: W3C
]]></system-err>
  </testcase>
</testsuite>